--------------- Build Started: 02/01/2017 19:16:14 Project: EnvironmentSensing, Configuration: ARM GCC 4.9-2015-q1-update Debug ---------------
cydsfit.exe -.appdatapath "C:\Users\Christopher Kuzma\AppData\Local\Cypress Semiconductor\PSoC Creator\3.3" -.fdsnotice -.fdswarpdepfile=warp_dependencies.txt -.fdselabdepfile=elab_dependencies.txt -.fdsbldfile=generated_files.txt -p "C:\Users\Christopher Kuzma\Downloads\Cypress Thing\EnvironmentSensing.cydsn\EnvironmentSensing.cydsn\EnvironmentSensing.cyprj" -d CY8C4A45LQI-483 -s "C:\Users\Christopher Kuzma\Downloads\Cypress Thing\EnvironmentSensing.cydsn\EnvironmentSensing.cydsn\Generated_Source\PSoC4" -- -yv2 -q10 -ygs -o2 -v3 -.fftcfgtype=LE
Elaborating Design...
HDL Generation ...
Synthesis ...
Place and Route ...
Tech mapping ...
ADD: pft.M0040: information: The following 2 pin(s) will be assigned a location by the fitter: \EzI2C:rx(0)\, \EzI2C:tx(0)\
Analog Placement ...
Analog Routing ...
Analog Code Generation ...
Warning: apr.M0042: Bonded pin(s) "P3[1]" are not used in your current design but have been connected in order to route the design. (App=cydsfit)
Digital Placement ...
Digital Routing ...
Info: pft.M0077: There is no timing information available for the selected device. Static timing checks will not be applied and digital routing will not be timing-driven. (App=cydsfit)
Bitstream Generation ...
Static timing analysis ...
API Generation ...
Dependency Generation ...
Clean Temporary Files ...
arm-none-eabi-gcc.exe -mcpu=cortex-m0plus -mthumb -Wno-main -I. -IGenerated_Source\PSoC4 -Wa,-alh=.\CortexM0p\ARM_GCC_493\Debug/EzI2C_SPI_UART.lst -g -D DEBUG -Wall -ffunction-sections -O0 -ffat-lto-objects -c .\Generated_Source\PSoC4\EzI2C_SPI_UART.c -o .\CortexM0p\ARM_GCC_493\Debug\EzI2C_SPI_UART.o
arm-none-eabi-gcc.exe -mcpu=cortex-m0plus -mthumb -Wno-main -I. -IGenerated_Source\PSoC4 -Wa,-alh=.\CortexM0p\ARM_GCC_493\Debug/EzI2C_SPI_UART_INT.lst -g -D DEBUG -Wall -ffunction-sections -O0 -ffat-lto-objects -c .\Generated_Source\PSoC4\EzI2C_SPI_UART_INT.c -o .\CortexM0p\ARM_GCC_493\Debug\EzI2C_SPI_UART_INT.o
arm-none-eabi-gcc.exe -mcpu=cortex-m0plus -mthumb -Wno-main -I. -IGenerated_Source\PSoC4 -Wa,-alh=.\CortexM0p\ARM_GCC_493\Debug/EzI2C_UART.lst -g -D DEBUG -Wall -ffunction-sections -O0 -ffat-lto-objects -c .\Generated_Source\PSoC4\EzI2C_UART.c -o .\CortexM0p\ARM_GCC_493\Debug\EzI2C_UART.o
arm-none-eabi-gcc.exe -mcpu=cortex-m0plus -mthumb -Wno-main -I. -IGenerated_Source\PSoC4 -Wa,-alh=.\CortexM0p\ARM_GCC_493\Debug/EzI2C_UART_BOOT.lst -g -D DEBUG -Wall -ffunction-sections -O0 -ffat-lto-objects -c .\Generated_Source\PSoC4\EzI2C_UART_BOOT.c -o .\CortexM0p\ARM_GCC_493\Debug\EzI2C_UART_BOOT.o
arm-none-eabi-gcc.exe -mcpu=cortex-m0plus -mthumb -Wno-main -I. -IGenerated_Source\PSoC4 -Wa,-alh=.\CortexM0p\ARM_GCC_493\Debug/EzI2C_tx.lst -g -D DEBUG -Wall -ffunction-sections -O0 -ffat-lto-objects -c .\Generated_Source\PSoC4\EzI2C_tx.c -o .\CortexM0p\ARM_GCC_493\Debug\EzI2C_tx.o
arm-none-eabi-gcc.exe -mcpu=cortex-m0plus -mthumb -Wno-main -I. -IGenerated_Source\PSoC4 -Wa,-alh=.\CortexM0p\ARM_GCC_493\Debug/EzI2C_tx_PM.lst -g -D DEBUG -Wall -ffunction-sections -O0 -ffat-lto-objects -c .\Generated_Source\PSoC4\EzI2C_tx_PM.c -o .\CortexM0p\ARM_GCC_493\Debug\EzI2C_tx_PM.o
arm-none-eabi-gcc.exe -mcpu=cortex-m0plus -mthumb -Wno-main -I. -IGenerated_Source\PSoC4 -Wa,-alh=.\CortexM0p\ARM_GCC_493\Debug/EzI2C_rx.lst -g -D DEBUG -Wall -ffunction-sections -O0 -ffat-lto-objects -c .\Generated_Source\PSoC4\EzI2C_rx.c -o .\CortexM0p\ARM_GCC_493\Debug\EzI2C_rx.o
arm-none-eabi-gcc.exe -mcpu=cortex-m0plus -mthumb -Wno-main -I. -IGenerated_Source\PSoC4 -Wa,-alh=.\CortexM0p\ARM_GCC_493\Debug/EzI2C_rx_PM.lst -g -D DEBUG -Wall -ffunction-sections -O0 -ffat-lto-objects -c .\Generated_Source\PSoC4\EzI2C_rx_PM.c -o .\CortexM0p\ARM_GCC_493\Debug\EzI2C_rx_PM.o
arm-none-eabi-ar.exe -rs .\CortexM0p\ARM_GCC_493\Debug\EnvironmentSensing.a .\CortexM0p\ARM_GCC_493\Debug\EzI2C_SPI_UART.o .\CortexM0p\ARM_GCC_493\Debug\EzI2C_SPI_UART_INT.o .\CortexM0p\ARM_GCC_493\Debug\EzI2C_UART.o .\CortexM0p\ARM_GCC_493\Debug\EzI2C_UART_BOOT.o .\CortexM0p\ARM_GCC_493\Debug\EzI2C_tx.o .\CortexM0p\ARM_GCC_493\Debug\EzI2C_tx_PM.o .\CortexM0p\ARM_GCC_493\Debug\EzI2C_rx.o .\CortexM0p\ARM_GCC_493\Debug\EzI2C_rx_PM.o
arm-none-eabi-ar.exe: creating .\CortexM0p\ARM_GCC_493\Debug\EnvironmentSensing.a
arm-none-eabi-gcc.exe -Wl,--start-group -o .\CortexM0p\ARM_GCC_493\Debug\EnvironmentSensing.elf .\CortexM0p\ARM_GCC_493\Debug\EnvironmentSensing.a "C:\Program Files (x86)\Cypress\PSoC Creator\3.3\PSoC Creator\psoc\content\cycomponentlibrary\CyComponentLibrary.cylib\CapSense_P4_v3_0\PSoC4\Library\Capsense_P4Library_GCCp.a" -mcpu=cortex-m0plus -mthumb -g -ffunction-sections -O0 -ffat-lto-objects -L Generated_Source\PSoC4 -Wl,-Map,.\CortexM0p\ARM_GCC_493\Debug/EnvironmentSensing.map -T Generated_Source\PSoC4\cm0plusgcc.ld -specs=nano.specs -Wl,--gc-sections -Wl,--end-group
Generated_Source\PSoC4\cm0plusgcc.ld:90: undefined symbol `RomVectors' referenced in expression
collect2.exe: error: ld returned 1 exit status
The command 'arm-none-eabi-gcc.exe' failed with exit code '1'.
--------------- Build Failed: 02/01/2017 19:16:34 ---------------
