ARM GAS  C:\Users\CHRIST~1\AppData\Local\Temp\ccoEAFux.s 			page 1


   1              		.cpu cortex-m0plus
   2              		.fpu softvfp
   3              		.eabi_attribute 20, 1
   4              		.eabi_attribute 21, 1
   5              		.eabi_attribute 23, 3
   6              		.eabi_attribute 24, 1
   7              		.eabi_attribute 25, 1
   8              		.eabi_attribute 26, 1
   9              		.eabi_attribute 30, 6
  10              		.eabi_attribute 34, 0
  11              		.eabi_attribute 18, 4
  12              		.code	16
  13              		.file	"Cm0plusStart.c"
  14              		.text
  15              	.Ltext0:
  16              		.cfi_sections	.debug_frame
  17              		.section	.noinit,"aw",%progbits
  18              		.align	2
  19              		.type	cySysNoInitDataValid, %object
  20              		.size	cySysNoInitDataValid, 4
  21              	cySysNoInitDataValid:
  22 0000 00000000 		.space	4
  23              		.section	.text.IntDefaultHandler,"ax",%progbits
  24              		.align	2
  25              		.global	IntDefaultHandler
  26              		.code	16
  27              		.thumb_func
  28              		.type	IntDefaultHandler, %function
  29              	IntDefaultHandler:
  30              	.LFB1:
  31              		.file 1 "Generated_Source\\PSoC4\\Cm0plusStart.c"
   1:Generated_Source\PSoC4/Cm0plusStart.c **** /***************************************************************************//**
   2:Generated_Source\PSoC4/Cm0plusStart.c **** * \file Cm0Start.c
   3:Generated_Source\PSoC4/Cm0plusStart.c **** * \version 5.40
   4:Generated_Source\PSoC4/Cm0plusStart.c **** *
   5:Generated_Source\PSoC4/Cm0plusStart.c **** * \brief Startup code for the ARM CM0.
   6:Generated_Source\PSoC4/Cm0plusStart.c **** *
   7:Generated_Source\PSoC4/Cm0plusStart.c **** ********************************************************************************
   8:Generated_Source\PSoC4/Cm0plusStart.c **** * \copyright
   9:Generated_Source\PSoC4/Cm0plusStart.c **** * Copyright 2010-2016, Cypress Semiconductor Corporation.  All rights reserved.
  10:Generated_Source\PSoC4/Cm0plusStart.c **** * You may use this file only in accordance with the license, terms, conditions,
  11:Generated_Source\PSoC4/Cm0plusStart.c **** * disclaimers, and limitations in the end user license agreement accompanying
  12:Generated_Source\PSoC4/Cm0plusStart.c **** * the software package with which this file was provided.
  13:Generated_Source\PSoC4/Cm0plusStart.c **** *******************************************************************************/
  14:Generated_Source\PSoC4/Cm0plusStart.c **** 
  15:Generated_Source\PSoC4/Cm0plusStart.c **** #include <limits.h>
  16:Generated_Source\PSoC4/Cm0plusStart.c **** #include "cydevice_trm.h"
  17:Generated_Source\PSoC4/Cm0plusStart.c **** #include "cytypes.h"
  18:Generated_Source\PSoC4/Cm0plusStart.c **** #include "cyfitter_cfg.h"
  19:Generated_Source\PSoC4/Cm0plusStart.c **** #include "CyLib.h"
  20:Generated_Source\PSoC4/Cm0plusStart.c **** #include "cyfitter.h"
  21:Generated_Source\PSoC4/Cm0plusStart.c **** 
  22:Generated_Source\PSoC4/Cm0plusStart.c **** 
  23:Generated_Source\PSoC4/Cm0plusStart.c **** #define CY_NUM_VECTORS              (CY_INT_IRQ_BASE + CY_NUM_INTERRUPTS)
  24:Generated_Source\PSoC4/Cm0plusStart.c **** 
  25:Generated_Source\PSoC4/Cm0plusStart.c **** #if (CY_IP_CPUSS_CM0)
  26:Generated_Source\PSoC4/Cm0plusStart.c ****     #define CY_CPUSS_CONFIG_VECT_IN_RAM (( uint32 ) 0x01)
ARM GAS  C:\Users\CHRIST~1\AppData\Local\Temp\ccoEAFux.s 			page 2


  27:Generated_Source\PSoC4/Cm0plusStart.c **** #endif /* (CY_IP_CPUSS_CM0) */
  28:Generated_Source\PSoC4/Cm0plusStart.c **** 
  29:Generated_Source\PSoC4/Cm0plusStart.c **** 
  30:Generated_Source\PSoC4/Cm0plusStart.c **** #if (CY_IP_CPUSS_CM0)
  31:Generated_Source\PSoC4/Cm0plusStart.c ****     /* CPUSS Configuration register */
  32:Generated_Source\PSoC4/Cm0plusStart.c ****     #define CY_CPUSS_CONFIG_REG         (*(reg32 *) CYREG_CPUSS_CONFIG)
  33:Generated_Source\PSoC4/Cm0plusStart.c ****     #define CY_CPUSS_CONFIG_PTR         ( (reg32 *) CYREG_CPUSS_CONFIG)
  34:Generated_Source\PSoC4/Cm0plusStart.c **** #endif /* (CY_IP_CPUSS_CM0) */
  35:Generated_Source\PSoC4/Cm0plusStart.c **** 
  36:Generated_Source\PSoC4/Cm0plusStart.c **** 
  37:Generated_Source\PSoC4/Cm0plusStart.c **** #if defined (__ICCARM__)
  38:Generated_Source\PSoC4/Cm0plusStart.c ****     #define CY_NUM_ROM_VECTORS      (CY_NUM_VECTORS)
  39:Generated_Source\PSoC4/Cm0plusStart.c **** #else
  40:Generated_Source\PSoC4/Cm0plusStart.c ****     #define CY_NUM_ROM_VECTORS      (4u)
  41:Generated_Source\PSoC4/Cm0plusStart.c **** #endif  /* defined (__ICCARM__) */
  42:Generated_Source\PSoC4/Cm0plusStart.c **** 
  43:Generated_Source\PSoC4/Cm0plusStart.c **** /* Vector table address in SRAM */
  44:Generated_Source\PSoC4/Cm0plusStart.c **** #define CY_CPUSS_CONFIG_VECT_ADDR_IN_RAM    (0x20000000u)
  45:Generated_Source\PSoC4/Cm0plusStart.c **** 
  46:Generated_Source\PSoC4/Cm0plusStart.c **** #ifndef CY_SYS_INITIAL_STACK_POINTER
  47:Generated_Source\PSoC4/Cm0plusStart.c **** 
  48:Generated_Source\PSoC4/Cm0plusStart.c ****     #if defined(__ARMCC_VERSION)
  49:Generated_Source\PSoC4/Cm0plusStart.c ****         #define CY_SYS_INITIAL_STACK_POINTER ((cyisraddress)(uint32)&Image$$ARM_LIB_STACK$$ZI$$Limi
  50:Generated_Source\PSoC4/Cm0plusStart.c ****     #elif defined (__GNUC__)
  51:Generated_Source\PSoC4/Cm0plusStart.c ****         #define CY_SYS_INITIAL_STACK_POINTER (&__cy_stack)
  52:Generated_Source\PSoC4/Cm0plusStart.c ****     #elif defined (__ICCARM__)
  53:Generated_Source\PSoC4/Cm0plusStart.c ****         #pragma language=extended
  54:Generated_Source\PSoC4/Cm0plusStart.c ****         #pragma segment="CSTACK"
  55:Generated_Source\PSoC4/Cm0plusStart.c ****         #define CY_SYS_INITIAL_STACK_POINTER  { .__ptr = __sfe( "CSTACK" ) }
  56:Generated_Source\PSoC4/Cm0plusStart.c **** 
  57:Generated_Source\PSoC4/Cm0plusStart.c ****         extern void __iar_program_start( void );
  58:Generated_Source\PSoC4/Cm0plusStart.c ****         extern void __iar_data_init3 (void);
  59:Generated_Source\PSoC4/Cm0plusStart.c ****     #endif  /* (__ARMCC_VERSION) */
  60:Generated_Source\PSoC4/Cm0plusStart.c **** 
  61:Generated_Source\PSoC4/Cm0plusStart.c **** #endif /* CY_SYS_INITIAL_STACK_POINTER */
  62:Generated_Source\PSoC4/Cm0plusStart.c **** 
  63:Generated_Source\PSoC4/Cm0plusStart.c **** 
  64:Generated_Source\PSoC4/Cm0plusStart.c **** #if defined(__GNUC__)
  65:Generated_Source\PSoC4/Cm0plusStart.c ****     #include <errno.h>
  66:Generated_Source\PSoC4/Cm0plusStart.c ****     extern int  errno;
  67:Generated_Source\PSoC4/Cm0plusStart.c ****     extern int  end;
  68:Generated_Source\PSoC4/Cm0plusStart.c **** #endif  /* defined(__GNUC__) */
  69:Generated_Source\PSoC4/Cm0plusStart.c **** 
  70:Generated_Source\PSoC4/Cm0plusStart.c **** /* Extern functions */
  71:Generated_Source\PSoC4/Cm0plusStart.c **** extern void CyBtldr_CheckLaunch(void);
  72:Generated_Source\PSoC4/Cm0plusStart.c **** 
  73:Generated_Source\PSoC4/Cm0plusStart.c **** /* Function prototypes */
  74:Generated_Source\PSoC4/Cm0plusStart.c **** void initialize_psoc(void);
  75:Generated_Source\PSoC4/Cm0plusStart.c **** 
  76:Generated_Source\PSoC4/Cm0plusStart.c **** /* Global variables */
  77:Generated_Source\PSoC4/Cm0plusStart.c **** #if !defined (__ICCARM__)
  78:Generated_Source\PSoC4/Cm0plusStart.c ****     CY_NOINIT static uint32 cySysNoInitDataValid;
  79:Generated_Source\PSoC4/Cm0plusStart.c **** #endif  /* !defined (__ICCARM__) */
  80:Generated_Source\PSoC4/Cm0plusStart.c **** 
  81:Generated_Source\PSoC4/Cm0plusStart.c **** 
  82:Generated_Source\PSoC4/Cm0plusStart.c **** #if (CYDEV_PROJ_TYPE != CYDEV_PROJ_TYPE_STANDARD)
  83:Generated_Source\PSoC4/Cm0plusStart.c **** 
ARM GAS  C:\Users\CHRIST~1\AppData\Local\Temp\ccoEAFux.s 			page 3


  84:Generated_Source\PSoC4/Cm0plusStart.c ****     /*******************************************************************************
  85:Generated_Source\PSoC4/Cm0plusStart.c ****     This variable is used by the Bootloader/Bootloadable components to schedule
  86:Generated_Source\PSoC4/Cm0plusStart.c ****     what application will be started after a software reset.
  87:Generated_Source\PSoC4/Cm0plusStart.c ****     *******************************************************************************/
  88:Generated_Source\PSoC4/Cm0plusStart.c ****     #if (__ARMCC_VERSION)
  89:Generated_Source\PSoC4/Cm0plusStart.c ****         __attribute__ ((section(".bootloaderruntype"), zero_init))
  90:Generated_Source\PSoC4/Cm0plusStart.c ****     #elif defined (__GNUC__)
  91:Generated_Source\PSoC4/Cm0plusStart.c ****         __attribute__ ((section(".bootloaderruntype")))
  92:Generated_Source\PSoC4/Cm0plusStart.c ****     #elif defined (__ICCARM__)
  93:Generated_Source\PSoC4/Cm0plusStart.c ****         #pragma location=".bootloaderruntype"
  94:Generated_Source\PSoC4/Cm0plusStart.c ****     #endif /* (__ARMCC_VERSION) */
  95:Generated_Source\PSoC4/Cm0plusStart.c ****     volatile uint32 cyBtldrRunType;
  96:Generated_Source\PSoC4/Cm0plusStart.c **** 
  97:Generated_Source\PSoC4/Cm0plusStart.c **** #endif  /* (CYDEV_PROJ_TYPE != CYDEV_PROJ_TYPE_STANDARD) */
  98:Generated_Source\PSoC4/Cm0plusStart.c **** 
  99:Generated_Source\PSoC4/Cm0plusStart.c **** 
 100:Generated_Source\PSoC4/Cm0plusStart.c **** /*******************************************************************************
 101:Generated_Source\PSoC4/Cm0plusStart.c **** * Function Name: IntDefaultHandler
 102:Generated_Source\PSoC4/Cm0plusStart.c **** ****************************************************************************//**
 103:Generated_Source\PSoC4/Cm0plusStart.c **** *
 104:Generated_Source\PSoC4/Cm0plusStart.c **** *  This function is called for all interrupts, other than a reset that is called
 105:Generated_Source\PSoC4/Cm0plusStart.c **** *  before the system is setup.
 106:Generated_Source\PSoC4/Cm0plusStart.c **** *
 107:Generated_Source\PSoC4/Cm0plusStart.c **** *******************************************************************************/
 108:Generated_Source\PSoC4/Cm0plusStart.c **** CY_NORETURN
 109:Generated_Source\PSoC4/Cm0plusStart.c **** CY_ISR(IntDefaultHandler)
 110:Generated_Source\PSoC4/Cm0plusStart.c **** {
  32              		.loc 1 110 0
  33              		.cfi_startproc
  34 0000 80B5     		push	{r7, lr}
  35              		.cfi_def_cfa_offset 8
  36              		.cfi_offset 7, -8
  37              		.cfi_offset 14, -4
  38 0002 00AF     		add	r7, sp, #0
  39              		.cfi_def_cfa_register 7
  40              	.L2:
 111:Generated_Source\PSoC4/Cm0plusStart.c ****     /***************************************************************************
 112:Generated_Source\PSoC4/Cm0plusStart.c ****     * We must not get here. If we do, a serious problem occurs, so go into
 113:Generated_Source\PSoC4/Cm0plusStart.c ****     * an infinite loop.
 114:Generated_Source\PSoC4/Cm0plusStart.c ****     ***************************************************************************/
 115:Generated_Source\PSoC4/Cm0plusStart.c **** 
 116:Generated_Source\PSoC4/Cm0plusStart.c ****     #ifdef CY_BOOT_INT_DEFAULT_HANDLER_EXCEPTION_ENTRY_CALLBACK
 117:Generated_Source\PSoC4/Cm0plusStart.c ****         CyBoot_IntDefaultHandler_Exception_EntryCallback();
 118:Generated_Source\PSoC4/Cm0plusStart.c ****     #endif /* CY_BOOT_INT_DEFAULT_HANDLER_EXCEPTION_ENTRY_CALLBACK */
 119:Generated_Source\PSoC4/Cm0plusStart.c **** 
 120:Generated_Source\PSoC4/Cm0plusStart.c ****     while(1)
 121:Generated_Source\PSoC4/Cm0plusStart.c ****     {
 122:Generated_Source\PSoC4/Cm0plusStart.c **** 
 123:Generated_Source\PSoC4/Cm0plusStart.c ****     }
  41              		.loc 1 123 0 discriminator 1
  42 0004 FEE7     		b	.L2
  43              		.cfi_endproc
  44              	.LFE1:
  45              		.size	IntDefaultHandler, .-IntDefaultHandler
  46 0006 C046     		.section	.text._exit,"ax",%progbits
  47              		.align	2
  48              		.weak	_exit
ARM GAS  C:\Users\CHRIST~1\AppData\Local\Temp\ccoEAFux.s 			page 4


  49              		.code	16
  50              		.thumb_func
  51              		.type	_exit, %function
  52              	_exit:
  53              	.LFB2:
 124:Generated_Source\PSoC4/Cm0plusStart.c **** }
 125:Generated_Source\PSoC4/Cm0plusStart.c **** 
 126:Generated_Source\PSoC4/Cm0plusStart.c **** #if defined(__ARMCC_VERSION)
 127:Generated_Source\PSoC4/Cm0plusStart.c **** 
 128:Generated_Source\PSoC4/Cm0plusStart.c **** /* Local function for device reset. */
 129:Generated_Source\PSoC4/Cm0plusStart.c **** extern void Reset(void);
 130:Generated_Source\PSoC4/Cm0plusStart.c **** 
 131:Generated_Source\PSoC4/Cm0plusStart.c **** /* Application entry point. */
 132:Generated_Source\PSoC4/Cm0plusStart.c **** extern void $Super$$main(void);
 133:Generated_Source\PSoC4/Cm0plusStart.c **** 
 134:Generated_Source\PSoC4/Cm0plusStart.c **** /* Linker-generated Stack Base addresses, Two Region and One Region */
 135:Generated_Source\PSoC4/Cm0plusStart.c **** extern unsigned long Image$$ARM_LIB_STACK$$ZI$$Limit;
 136:Generated_Source\PSoC4/Cm0plusStart.c **** 
 137:Generated_Source\PSoC4/Cm0plusStart.c **** /* RealView C Library initialization. */
 138:Generated_Source\PSoC4/Cm0plusStart.c **** extern int __main(void);
 139:Generated_Source\PSoC4/Cm0plusStart.c **** 
 140:Generated_Source\PSoC4/Cm0plusStart.c **** 
 141:Generated_Source\PSoC4/Cm0plusStart.c **** /*******************************************************************************
 142:Generated_Source\PSoC4/Cm0plusStart.c **** * Function Name: Reset
 143:Generated_Source\PSoC4/Cm0plusStart.c **** ****************************************************************************//**
 144:Generated_Source\PSoC4/Cm0plusStart.c **** *
 145:Generated_Source\PSoC4/Cm0plusStart.c **** * This function handles the reset interrupt for the MDK toolchains.
 146:Generated_Source\PSoC4/Cm0plusStart.c **** * This is the first bit of code that is executed at startup.
 147:Generated_Source\PSoC4/Cm0plusStart.c **** *
 148:Generated_Source\PSoC4/Cm0plusStart.c **** *******************************************************************************/
 149:Generated_Source\PSoC4/Cm0plusStart.c **** void Reset(void)
 150:Generated_Source\PSoC4/Cm0plusStart.c **** {
 151:Generated_Source\PSoC4/Cm0plusStart.c ****     #if (CYDEV_PROJ_TYPE == CYDEV_PROJ_TYPE_LOADABLE || CYDEV_PROJ_TYPE == CYDEV_PROJ_TYPE_LOADABLE
 152:Generated_Source\PSoC4/Cm0plusStart.c ****         /* The bootloadable application image is started at Reset() handler
 153:Generated_Source\PSoC4/Cm0plusStart.c ****         * as a result of a branch instruction execution from the bootloader.
 154:Generated_Source\PSoC4/Cm0plusStart.c ****         * So, the stack pointer needs to be reset to be sure that
 155:Generated_Source\PSoC4/Cm0plusStart.c ****         * there is no garbage in the stack.
 156:Generated_Source\PSoC4/Cm0plusStart.c ****         */
 157:Generated_Source\PSoC4/Cm0plusStart.c ****         register uint32_t msp __asm("msp");
 158:Generated_Source\PSoC4/Cm0plusStart.c ****         msp = (uint32_t)&Image$$ARM_LIB_STACK$$ZI$$Limit;
 159:Generated_Source\PSoC4/Cm0plusStart.c ****     #endif /*(CYDEV_PROJ_TYPE == CYDEV_PROJ_TYPE_LOADABLE || CYDEV_PROJ_TYPE == CYDEV_PROJ_TYPE_LOA
 160:Generated_Source\PSoC4/Cm0plusStart.c **** 
 161:Generated_Source\PSoC4/Cm0plusStart.c ****     #if(CY_IP_SRSSLT)
 162:Generated_Source\PSoC4/Cm0plusStart.c ****         CySysWdtDisable();
 163:Generated_Source\PSoC4/Cm0plusStart.c ****     #endif  /* (CY_IP_SRSSLT) */
 164:Generated_Source\PSoC4/Cm0plusStart.c **** 
 165:Generated_Source\PSoC4/Cm0plusStart.c ****     #if ((CYDEV_BOOTLOADER_ENABLE) && (CYDEV_PROJ_TYPE != CYDEV_PROJ_TYPE_LOADABLEANDBOOTLOADER))
 166:Generated_Source\PSoC4/Cm0plusStart.c ****         CyBtldr_CheckLaunch();
 167:Generated_Source\PSoC4/Cm0plusStart.c ****     #endif /* ((CYDEV_BOOTLOADER_ENABLE) && (CYDEV_PROJ_TYPE != CYDEV_PROJ_TYPE_LOADABLEANDBOOTLOAD
 168:Generated_Source\PSoC4/Cm0plusStart.c **** 
 169:Generated_Source\PSoC4/Cm0plusStart.c ****     __main();
 170:Generated_Source\PSoC4/Cm0plusStart.c **** }
 171:Generated_Source\PSoC4/Cm0plusStart.c **** 
 172:Generated_Source\PSoC4/Cm0plusStart.c **** /*******************************************************************************
 173:Generated_Source\PSoC4/Cm0plusStart.c **** * Function Name: $Sub$$main
 174:Generated_Source\PSoC4/Cm0plusStart.c **** ****************************************************************************//**
 175:Generated_Source\PSoC4/Cm0plusStart.c **** *
ARM GAS  C:\Users\CHRIST~1\AppData\Local\Temp\ccoEAFux.s 			page 5


 176:Generated_Source\PSoC4/Cm0plusStart.c **** * This function is called immediately before the users main
 177:Generated_Source\PSoC4/Cm0plusStart.c **** *
 178:Generated_Source\PSoC4/Cm0plusStart.c **** *******************************************************************************/
 179:Generated_Source\PSoC4/Cm0plusStart.c **** __attribute__ ((noreturn, __noinline__))
 180:Generated_Source\PSoC4/Cm0plusStart.c **** void $Sub$$main(void)
 181:Generated_Source\PSoC4/Cm0plusStart.c **** {
 182:Generated_Source\PSoC4/Cm0plusStart.c ****     initialize_psoc();
 183:Generated_Source\PSoC4/Cm0plusStart.c **** 
 184:Generated_Source\PSoC4/Cm0plusStart.c ****     /* Call original main */
 185:Generated_Source\PSoC4/Cm0plusStart.c ****     $Super$$main();
 186:Generated_Source\PSoC4/Cm0plusStart.c **** 
 187:Generated_Source\PSoC4/Cm0plusStart.c ****     while (1)
 188:Generated_Source\PSoC4/Cm0plusStart.c ****     {
 189:Generated_Source\PSoC4/Cm0plusStart.c ****         /* If main returns it is undefined what we should do. */
 190:Generated_Source\PSoC4/Cm0plusStart.c ****     }
 191:Generated_Source\PSoC4/Cm0plusStart.c **** }
 192:Generated_Source\PSoC4/Cm0plusStart.c **** 
 193:Generated_Source\PSoC4/Cm0plusStart.c **** #elif defined(__GNUC__)
 194:Generated_Source\PSoC4/Cm0plusStart.c **** 
 195:Generated_Source\PSoC4/Cm0plusStart.c **** /* Stack Base address */
 196:Generated_Source\PSoC4/Cm0plusStart.c **** extern void __cy_stack(void);
 197:Generated_Source\PSoC4/Cm0plusStart.c **** 
 198:Generated_Source\PSoC4/Cm0plusStart.c **** /* Application entry point. */
 199:Generated_Source\PSoC4/Cm0plusStart.c **** extern int main(void);
 200:Generated_Source\PSoC4/Cm0plusStart.c **** 
 201:Generated_Source\PSoC4/Cm0plusStart.c **** /* The static objects constructors initializer */
 202:Generated_Source\PSoC4/Cm0plusStart.c **** extern void __libc_init_array(void);
 203:Generated_Source\PSoC4/Cm0plusStart.c **** 
 204:Generated_Source\PSoC4/Cm0plusStart.c **** typedef unsigned char __cy_byte_align8 __attribute ((aligned (8)));
 205:Generated_Source\PSoC4/Cm0plusStart.c **** 
 206:Generated_Source\PSoC4/Cm0plusStart.c **** struct __cy_region
 207:Generated_Source\PSoC4/Cm0plusStart.c **** {
 208:Generated_Source\PSoC4/Cm0plusStart.c ****     __cy_byte_align8 *init; /* Initial contents of this region.  */
 209:Generated_Source\PSoC4/Cm0plusStart.c ****     __cy_byte_align8 *data; /* Start address of region.  */
 210:Generated_Source\PSoC4/Cm0plusStart.c ****     size_t init_size;       /* Size of initial data.  */
 211:Generated_Source\PSoC4/Cm0plusStart.c ****     size_t zero_size;       /* Additional size to be zeroed.  */
 212:Generated_Source\PSoC4/Cm0plusStart.c **** };
 213:Generated_Source\PSoC4/Cm0plusStart.c **** 
 214:Generated_Source\PSoC4/Cm0plusStart.c **** extern const struct __cy_region __cy_regions[];
 215:Generated_Source\PSoC4/Cm0plusStart.c **** extern const char __cy_region_num __attribute__((weak));
 216:Generated_Source\PSoC4/Cm0plusStart.c **** #define __cy_region_num ((size_t)&__cy_region_num)
 217:Generated_Source\PSoC4/Cm0plusStart.c **** 
 218:Generated_Source\PSoC4/Cm0plusStart.c **** 
 219:Generated_Source\PSoC4/Cm0plusStart.c **** /*******************************************************************************
 220:Generated_Source\PSoC4/Cm0plusStart.c **** * System Calls of the Red Hat newlib C Library
 221:Generated_Source\PSoC4/Cm0plusStart.c **** *******************************************************************************/
 222:Generated_Source\PSoC4/Cm0plusStart.c **** 
 223:Generated_Source\PSoC4/Cm0plusStart.c **** 
 224:Generated_Source\PSoC4/Cm0plusStart.c **** /*******************************************************************************
 225:Generated_Source\PSoC4/Cm0plusStart.c **** * Function Name: _exit
 226:Generated_Source\PSoC4/Cm0plusStart.c **** ****************************************************************************//**
 227:Generated_Source\PSoC4/Cm0plusStart.c **** *
 228:Generated_Source\PSoC4/Cm0plusStart.c **** * Exit a program without cleaning up files. If your system doesn't provide
 229:Generated_Source\PSoC4/Cm0plusStart.c **** * this, it is best to avoid linking with subroutines that require it (exit,
 230:Generated_Source\PSoC4/Cm0plusStart.c **** * system).
 231:Generated_Source\PSoC4/Cm0plusStart.c **** *
 232:Generated_Source\PSoC4/Cm0plusStart.c **** * \param status: Status caused program exit.
ARM GAS  C:\Users\CHRIST~1\AppData\Local\Temp\ccoEAFux.s 			page 6


 233:Generated_Source\PSoC4/Cm0plusStart.c **** *
 234:Generated_Source\PSoC4/Cm0plusStart.c **** *******************************************************************************/
 235:Generated_Source\PSoC4/Cm0plusStart.c **** __attribute__((weak))
 236:Generated_Source\PSoC4/Cm0plusStart.c **** void _exit(int status)
 237:Generated_Source\PSoC4/Cm0plusStart.c **** {
  54              		.loc 1 237 0
  55              		.cfi_startproc
  56 0000 80B5     		push	{r7, lr}
  57              		.cfi_def_cfa_offset 8
  58              		.cfi_offset 7, -8
  59              		.cfi_offset 14, -4
  60 0002 82B0     		sub	sp, sp, #8
  61              		.cfi_def_cfa_offset 16
  62 0004 00AF     		add	r7, sp, #0
  63              		.cfi_def_cfa_register 7
  64 0006 7860     		str	r0, [r7, #4]
 238:Generated_Source\PSoC4/Cm0plusStart.c ****     CyHalt((uint8) status);
  65              		.loc 1 238 0
  66 0008 7B68     		ldr	r3, [r7, #4]
  67 000a DBB2     		uxtb	r3, r3
  68 000c 181C     		mov	r0, r3
  69 000e FFF7FEFF 		bl	CyHalt
  70              	.L4:
 239:Generated_Source\PSoC4/Cm0plusStart.c **** 
 240:Generated_Source\PSoC4/Cm0plusStart.c ****     while(1)
 241:Generated_Source\PSoC4/Cm0plusStart.c ****     {
 242:Generated_Source\PSoC4/Cm0plusStart.c **** 
 243:Generated_Source\PSoC4/Cm0plusStart.c ****     }
  71              		.loc 1 243 0 discriminator 1
  72 0012 FEE7     		b	.L4
  73              		.cfi_endproc
  74              	.LFE2:
  75              		.size	_exit, .-_exit
  76              		.section	.text._sbrk,"ax",%progbits
  77              		.align	2
  78              		.weak	_sbrk
  79              		.code	16
  80              		.thumb_func
  81              		.type	_sbrk, %function
  82              	_sbrk:
  83              	.LFB3:
 244:Generated_Source\PSoC4/Cm0plusStart.c **** }
 245:Generated_Source\PSoC4/Cm0plusStart.c **** 
 246:Generated_Source\PSoC4/Cm0plusStart.c **** 
 247:Generated_Source\PSoC4/Cm0plusStart.c **** /*******************************************************************************
 248:Generated_Source\PSoC4/Cm0plusStart.c **** * Function Name: _sbrk
 249:Generated_Source\PSoC4/Cm0plusStart.c **** ****************************************************************************//**
 250:Generated_Source\PSoC4/Cm0plusStart.c **** *
 251:Generated_Source\PSoC4/Cm0plusStart.c **** * Increase program data space. As malloc and related functions depend on this,
 252:Generated_Source\PSoC4/Cm0plusStart.c **** * it is useful to have a working implementation. The following suffices for a
 253:Generated_Source\PSoC4/Cm0plusStart.c **** * standalone system; it exploits the symbol end automatically defined by the
 254:Generated_Source\PSoC4/Cm0plusStart.c **** * GNU linker.
 255:Generated_Source\PSoC4/Cm0plusStart.c **** *
 256:Generated_Source\PSoC4/Cm0plusStart.c **** * \param nbytes: The number of bytes requested (if the parameter value is positive)
 257:Generated_Source\PSoC4/Cm0plusStart.c **** * from the heap or returned back to the heap (if the parameter value is
 258:Generated_Source\PSoC4/Cm0plusStart.c **** * negative).
 259:Generated_Source\PSoC4/Cm0plusStart.c **** *
ARM GAS  C:\Users\CHRIST~1\AppData\Local\Temp\ccoEAFux.s 			page 7


 260:Generated_Source\PSoC4/Cm0plusStart.c **** *******************************************************************************/
 261:Generated_Source\PSoC4/Cm0plusStart.c **** __attribute__((weak))
 262:Generated_Source\PSoC4/Cm0plusStart.c **** void * _sbrk (int nbytes)
 263:Generated_Source\PSoC4/Cm0plusStart.c **** {
  84              		.loc 1 263 0
  85              		.cfi_startproc
  86 0000 80B5     		push	{r7, lr}
  87              		.cfi_def_cfa_offset 8
  88              		.cfi_offset 7, -8
  89              		.cfi_offset 14, -4
  90 0002 84B0     		sub	sp, sp, #16
  91              		.cfi_def_cfa_offset 24
  92 0004 00AF     		add	r7, sp, #0
  93              		.cfi_def_cfa_register 7
  94 0006 7860     		str	r0, [r7, #4]
 264:Generated_Source\PSoC4/Cm0plusStart.c ****     extern int  end;            /* Symbol defined by linker map. Start of free memory (as symbol). 
 265:Generated_Source\PSoC4/Cm0plusStart.c ****     void *      returnValue;
 266:Generated_Source\PSoC4/Cm0plusStart.c **** 
 267:Generated_Source\PSoC4/Cm0plusStart.c ****     /* The statically held previous end of the heap, with its initialization. */
 268:Generated_Source\PSoC4/Cm0plusStart.c ****     static void *heapPointer = (void *) &end;                 /* Previous end */
 269:Generated_Source\PSoC4/Cm0plusStart.c **** 
 270:Generated_Source\PSoC4/Cm0plusStart.c ****     if (((heapPointer + nbytes) - (void *) &end) <= CYDEV_HEAP_SIZE)
  95              		.loc 1 270 0
  96 0008 0F4B     		ldr	r3, .L9
  97 000a 1A68     		ldr	r2, [r3]
  98 000c 7B68     		ldr	r3, [r7, #4]
  99 000e D318     		add	r3, r2, r3
 100 0010 1A1C     		mov	r2, r3
 101 0012 0E4B     		ldr	r3, .L9+4
 102 0014 D31A     		sub	r3, r2, r3
 103 0016 802B     		cmp	r3, #128
 104 0018 09DC     		bgt	.L6
 271:Generated_Source\PSoC4/Cm0plusStart.c ****     {
 272:Generated_Source\PSoC4/Cm0plusStart.c ****         returnValue  = heapPointer;
 105              		.loc 1 272 0
 106 001a 0B4B     		ldr	r3, .L9
 107 001c 1B68     		ldr	r3, [r3]
 108 001e FB60     		str	r3, [r7, #12]
 273:Generated_Source\PSoC4/Cm0plusStart.c ****         heapPointer += nbytes;
 109              		.loc 1 273 0
 110 0020 094B     		ldr	r3, .L9
 111 0022 1A68     		ldr	r2, [r3]
 112 0024 7B68     		ldr	r3, [r7, #4]
 113 0026 D218     		add	r2, r2, r3
 114 0028 074B     		ldr	r3, .L9
 115 002a 1A60     		str	r2, [r3]
 116 002c 07E0     		b	.L7
 117              	.L6:
 274:Generated_Source\PSoC4/Cm0plusStart.c ****     }
 275:Generated_Source\PSoC4/Cm0plusStart.c ****     else
 276:Generated_Source\PSoC4/Cm0plusStart.c ****     {
 277:Generated_Source\PSoC4/Cm0plusStart.c ****         errno = ENOMEM;
 118              		.loc 1 277 0
 119 002e FFF7FEFF 		bl	__errno
 120 0032 031C     		mov	r3, r0
 121 0034 0C22     		mov	r2, #12
 122 0036 1A60     		str	r2, [r3]
ARM GAS  C:\Users\CHRIST~1\AppData\Local\Temp\ccoEAFux.s 			page 8


 278:Generated_Source\PSoC4/Cm0plusStart.c ****         returnValue = (void *) -1;
 123              		.loc 1 278 0
 124 0038 0123     		mov	r3, #1
 125 003a 5B42     		neg	r3, r3
 126 003c FB60     		str	r3, [r7, #12]
 127              	.L7:
 279:Generated_Source\PSoC4/Cm0plusStart.c ****     }
 280:Generated_Source\PSoC4/Cm0plusStart.c **** 
 281:Generated_Source\PSoC4/Cm0plusStart.c ****     return (returnValue);
 128              		.loc 1 281 0
 129 003e FB68     		ldr	r3, [r7, #12]
 282:Generated_Source\PSoC4/Cm0plusStart.c **** }
 130              		.loc 1 282 0
 131 0040 181C     		mov	r0, r3
 132 0042 BD46     		mov	sp, r7
 133 0044 04B0     		add	sp, sp, #16
 134              		@ sp needed
 135 0046 80BD     		pop	{r7, pc}
 136              	.L10:
 137              		.align	2
 138              	.L9:
 139 0048 00000000 		.word	heapPointer.4789
 140 004c 00000000 		.word	end
 141              		.cfi_endproc
 142              	.LFE3:
 143              		.size	_sbrk, .-_sbrk
 144              		.section	.text.Start_c,"ax",%progbits
 145              		.align	2
 146              		.global	Start_c
 147              		.code	16
 148              		.thumb_func
 149              		.type	Start_c, %function
 150              	Start_c:
 151              	.LFB4:
 283:Generated_Source\PSoC4/Cm0plusStart.c **** 
 284:Generated_Source\PSoC4/Cm0plusStart.c **** 
 285:Generated_Source\PSoC4/Cm0plusStart.c **** /*******************************************************************************
 286:Generated_Source\PSoC4/Cm0plusStart.c **** * Function Name: Start_c
 287:Generated_Source\PSoC4/Cm0plusStart.c **** ****************************************************************************//**
 288:Generated_Source\PSoC4/Cm0plusStart.c **** *
 289:Generated_Source\PSoC4/Cm0plusStart.c **** * This function handles initializing the .data and .bss sections in
 290:Generated_Source\PSoC4/Cm0plusStart.c **** * preparation for running the standard c code.  Once initialization is complete
 291:Generated_Source\PSoC4/Cm0plusStart.c **** * it will call main().  This function will never return.
 292:Generated_Source\PSoC4/Cm0plusStart.c **** *
 293:Generated_Source\PSoC4/Cm0plusStart.c **** *******************************************************************************/
 294:Generated_Source\PSoC4/Cm0plusStart.c **** void Start_c(void)  __attribute__ ((noreturn, noinline));
 295:Generated_Source\PSoC4/Cm0plusStart.c **** void Start_c(void)
 296:Generated_Source\PSoC4/Cm0plusStart.c **** {
 152              		.loc 1 296 0
 153              		.cfi_startproc
 154 0000 80B5     		push	{r7, lr}
 155              		.cfi_def_cfa_offset 8
 156              		.cfi_offset 7, -8
 157              		.cfi_offset 14, -4
 158 0002 86B0     		sub	sp, sp, #24
 159              		.cfi_def_cfa_offset 32
 160 0004 00AF     		add	r7, sp, #0
ARM GAS  C:\Users\CHRIST~1\AppData\Local\Temp\ccoEAFux.s 			page 9


 161              		.cfi_def_cfa_register 7
 297:Generated_Source\PSoC4/Cm0plusStart.c ****     #ifdef CY_BOOT_START_C_CALLBACK
 298:Generated_Source\PSoC4/Cm0plusStart.c ****         CyBoot_Start_c_Callback();
 299:Generated_Source\PSoC4/Cm0plusStart.c ****     #else
 300:Generated_Source\PSoC4/Cm0plusStart.c ****         unsigned regions = __cy_region_num;
 162              		.loc 1 300 0
 163 0006 224B     		ldr	r3, .L19
 164 0008 7B61     		str	r3, [r7, #20]
 301:Generated_Source\PSoC4/Cm0plusStart.c ****         const struct __cy_region *rptr = __cy_regions;
 165              		.loc 1 301 0
 166 000a 224B     		ldr	r3, .L19+4
 167 000c 3B61     		str	r3, [r7, #16]
 302:Generated_Source\PSoC4/Cm0plusStart.c **** 
 303:Generated_Source\PSoC4/Cm0plusStart.c ****         /* Initialize memory */
 304:Generated_Source\PSoC4/Cm0plusStart.c ****         for (regions = __cy_region_num; regions != 0u; regions--)
 168              		.loc 1 304 0
 169 000e 204B     		ldr	r3, .L19
 170 0010 7B61     		str	r3, [r7, #20]
 171 0012 35E0     		b	.L12
 172              	.L17:
 173              	.LBB2:
 305:Generated_Source\PSoC4/Cm0plusStart.c ****         {
 306:Generated_Source\PSoC4/Cm0plusStart.c ****             uint32 *src = (uint32 *)rptr->init;
 174              		.loc 1 306 0
 175 0014 3B69     		ldr	r3, [r7, #16]
 176 0016 1B68     		ldr	r3, [r3]
 177 0018 FB60     		str	r3, [r7, #12]
 307:Generated_Source\PSoC4/Cm0plusStart.c ****             uint32 *dst = (uint32 *)rptr->data;
 178              		.loc 1 307 0
 179 001a 3B69     		ldr	r3, [r7, #16]
 180 001c 5B68     		ldr	r3, [r3, #4]
 181 001e BB60     		str	r3, [r7, #8]
 308:Generated_Source\PSoC4/Cm0plusStart.c ****             unsigned limit = rptr->init_size;
 182              		.loc 1 308 0
 183 0020 3B69     		ldr	r3, [r7, #16]
 184 0022 9B68     		ldr	r3, [r3, #8]
 185 0024 3B60     		str	r3, [r7]
 309:Generated_Source\PSoC4/Cm0plusStart.c ****             unsigned count;
 310:Generated_Source\PSoC4/Cm0plusStart.c **** 
 311:Generated_Source\PSoC4/Cm0plusStart.c ****             for (count = 0u; count != limit; count += sizeof (uint32))
 186              		.loc 1 311 0
 187 0026 0023     		mov	r3, #0
 188 0028 7B60     		str	r3, [r7, #4]
 189 002a 0CE0     		b	.L13
 190              	.L14:
 312:Generated_Source\PSoC4/Cm0plusStart.c ****             {
 313:Generated_Source\PSoC4/Cm0plusStart.c ****                 *dst = *src;
 191              		.loc 1 313 0 discriminator 3
 192 002c FB68     		ldr	r3, [r7, #12]
 193 002e 1A68     		ldr	r2, [r3]
 194 0030 BB68     		ldr	r3, [r7, #8]
 195 0032 1A60     		str	r2, [r3]
 314:Generated_Source\PSoC4/Cm0plusStart.c ****                 dst++;
 196              		.loc 1 314 0 discriminator 3
 197 0034 BB68     		ldr	r3, [r7, #8]
 198 0036 0433     		add	r3, r3, #4
 199 0038 BB60     		str	r3, [r7, #8]
ARM GAS  C:\Users\CHRIST~1\AppData\Local\Temp\ccoEAFux.s 			page 10


 315:Generated_Source\PSoC4/Cm0plusStart.c ****                 src++;
 200              		.loc 1 315 0 discriminator 3
 201 003a FB68     		ldr	r3, [r7, #12]
 202 003c 0433     		add	r3, r3, #4
 203 003e FB60     		str	r3, [r7, #12]
 311:Generated_Source\PSoC4/Cm0plusStart.c ****             {
 204              		.loc 1 311 0 discriminator 3
 205 0040 7B68     		ldr	r3, [r7, #4]
 206 0042 0433     		add	r3, r3, #4
 207 0044 7B60     		str	r3, [r7, #4]
 208              	.L13:
 311:Generated_Source\PSoC4/Cm0plusStart.c ****             {
 209              		.loc 1 311 0 is_stmt 0 discriminator 1
 210 0046 7A68     		ldr	r2, [r7, #4]
 211 0048 3B68     		ldr	r3, [r7]
 212 004a 9A42     		cmp	r2, r3
 213 004c EED1     		bne	.L14
 316:Generated_Source\PSoC4/Cm0plusStart.c ****             }
 317:Generated_Source\PSoC4/Cm0plusStart.c ****             limit = rptr->zero_size;
 214              		.loc 1 317 0 is_stmt 1
 215 004e 3B69     		ldr	r3, [r7, #16]
 216 0050 DB68     		ldr	r3, [r3, #12]
 217 0052 3B60     		str	r3, [r7]
 318:Generated_Source\PSoC4/Cm0plusStart.c ****             for (count = 0u; count != limit; count += sizeof (uint32))
 218              		.loc 1 318 0
 219 0054 0023     		mov	r3, #0
 220 0056 7B60     		str	r3, [r7, #4]
 221 0058 08E0     		b	.L15
 222              	.L16:
 319:Generated_Source\PSoC4/Cm0plusStart.c ****             {
 320:Generated_Source\PSoC4/Cm0plusStart.c ****                 *dst = 0u;
 223              		.loc 1 320 0 discriminator 3
 224 005a BB68     		ldr	r3, [r7, #8]
 225 005c 0022     		mov	r2, #0
 226 005e 1A60     		str	r2, [r3]
 321:Generated_Source\PSoC4/Cm0plusStart.c ****                 dst++;
 227              		.loc 1 321 0 discriminator 3
 228 0060 BB68     		ldr	r3, [r7, #8]
 229 0062 0433     		add	r3, r3, #4
 230 0064 BB60     		str	r3, [r7, #8]
 318:Generated_Source\PSoC4/Cm0plusStart.c ****             for (count = 0u; count != limit; count += sizeof (uint32))
 231              		.loc 1 318 0 discriminator 3
 232 0066 7B68     		ldr	r3, [r7, #4]
 233 0068 0433     		add	r3, r3, #4
 234 006a 7B60     		str	r3, [r7, #4]
 235              	.L15:
 318:Generated_Source\PSoC4/Cm0plusStart.c ****             for (count = 0u; count != limit; count += sizeof (uint32))
 236              		.loc 1 318 0 is_stmt 0 discriminator 1
 237 006c 7A68     		ldr	r2, [r7, #4]
 238 006e 3B68     		ldr	r3, [r7]
 239 0070 9A42     		cmp	r2, r3
 240 0072 F2D1     		bne	.L16
 322:Generated_Source\PSoC4/Cm0plusStart.c ****             }
 323:Generated_Source\PSoC4/Cm0plusStart.c **** 
 324:Generated_Source\PSoC4/Cm0plusStart.c ****             rptr++;
 241              		.loc 1 324 0 is_stmt 1 discriminator 2
 242 0074 3B69     		ldr	r3, [r7, #16]
ARM GAS  C:\Users\CHRIST~1\AppData\Local\Temp\ccoEAFux.s 			page 11


 243 0076 1033     		add	r3, r3, #16
 244 0078 3B61     		str	r3, [r7, #16]
 245              	.LBE2:
 304:Generated_Source\PSoC4/Cm0plusStart.c ****         {
 246              		.loc 1 304 0 discriminator 2
 247 007a 7B69     		ldr	r3, [r7, #20]
 248 007c 013B     		sub	r3, r3, #1
 249 007e 7B61     		str	r3, [r7, #20]
 250              	.L12:
 304:Generated_Source\PSoC4/Cm0plusStart.c ****         {
 251              		.loc 1 304 0 is_stmt 0 discriminator 1
 252 0080 7B69     		ldr	r3, [r7, #20]
 253 0082 002B     		cmp	r3, #0
 254 0084 C6D1     		bne	.L17
 325:Generated_Source\PSoC4/Cm0plusStart.c ****         }
 326:Generated_Source\PSoC4/Cm0plusStart.c **** 
 327:Generated_Source\PSoC4/Cm0plusStart.c ****         /* Invoke static objects constructors */
 328:Generated_Source\PSoC4/Cm0plusStart.c ****         __libc_init_array();
 255              		.loc 1 328 0 is_stmt 1
 256 0086 FFF7FEFF 		bl	__libc_init_array
 329:Generated_Source\PSoC4/Cm0plusStart.c ****         (void) main();
 257              		.loc 1 329 0
 258 008a FFF7FEFF 		bl	main
 259              	.L18:
 330:Generated_Source\PSoC4/Cm0plusStart.c **** 
 331:Generated_Source\PSoC4/Cm0plusStart.c ****         while (1)
 332:Generated_Source\PSoC4/Cm0plusStart.c ****         {
 333:Generated_Source\PSoC4/Cm0plusStart.c ****             /* If main returns, make sure we don't return. */
 334:Generated_Source\PSoC4/Cm0plusStart.c ****         }
 260              		.loc 1 334 0 discriminator 1
 261 008e FEE7     		b	.L18
 262              	.L20:
 263              		.align	2
 264              	.L19:
 265 0090 00000000 		.word	__cy_region_num
 266 0094 00000000 		.word	__cy_regions
 267              		.cfi_endproc
 268              	.LFE4:
 269              		.size	Start_c, .-Start_c
 270              		.section	.text.Reset,"ax",%progbits
 271              		.align	2
 272              		.global	Reset
 273              		.code	16
 274              		.thumb_func
 275              		.type	Reset, %function
 276              	Reset:
 277              	.LFB5:
 335:Generated_Source\PSoC4/Cm0plusStart.c **** 
 336:Generated_Source\PSoC4/Cm0plusStart.c ****     #endif /* CY_BOOT_START_C_CALLBACK */
 337:Generated_Source\PSoC4/Cm0plusStart.c **** }
 338:Generated_Source\PSoC4/Cm0plusStart.c **** 
 339:Generated_Source\PSoC4/Cm0plusStart.c **** 
 340:Generated_Source\PSoC4/Cm0plusStart.c **** /*******************************************************************************
 341:Generated_Source\PSoC4/Cm0plusStart.c **** * Function Name: Reset
 342:Generated_Source\PSoC4/Cm0plusStart.c **** ****************************************************************************//**
 343:Generated_Source\PSoC4/Cm0plusStart.c **** *
 344:Generated_Source\PSoC4/Cm0plusStart.c **** * This function handles the reset interrupt for the GCC toolchain.  This is
ARM GAS  C:\Users\CHRIST~1\AppData\Local\Temp\ccoEAFux.s 			page 12


 345:Generated_Source\PSoC4/Cm0plusStart.c **** * the first bit of code that is executed at startup.
 346:Generated_Source\PSoC4/Cm0plusStart.c **** *
 347:Generated_Source\PSoC4/Cm0plusStart.c **** *******************************************************************************/
 348:Generated_Source\PSoC4/Cm0plusStart.c **** void Reset(void)
 349:Generated_Source\PSoC4/Cm0plusStart.c **** {
 278              		.loc 1 349 0
 279              		.cfi_startproc
 280 0000 80B5     		push	{r7, lr}
 281              		.cfi_def_cfa_offset 8
 282              		.cfi_offset 7, -8
 283              		.cfi_offset 14, -4
 284 0002 00AF     		add	r7, sp, #0
 285              		.cfi_def_cfa_register 7
 350:Generated_Source\PSoC4/Cm0plusStart.c ****     #if (CYDEV_PROJ_TYPE == CYDEV_PROJ_TYPE_LOADABLE || CYDEV_PROJ_TYPE == CYDEV_PROJ_TYPE_LOADABLE
 351:Generated_Source\PSoC4/Cm0plusStart.c **** 
 352:Generated_Source\PSoC4/Cm0plusStart.c ****         /* The bootloadable application image is started at Reset() handler
 353:Generated_Source\PSoC4/Cm0plusStart.c ****         * as a result of a branch instruction execution from the bootloader.
 354:Generated_Source\PSoC4/Cm0plusStart.c ****         * So, the stack pointer needs to be reset to be sure that
 355:Generated_Source\PSoC4/Cm0plusStart.c ****         * there is no garbage in the stack.
 356:Generated_Source\PSoC4/Cm0plusStart.c ****         */
 357:Generated_Source\PSoC4/Cm0plusStart.c ****         __asm volatile ("MSR msp, %0\n" : : "r" ((uint32)&__cy_stack) : "sp");
 358:Generated_Source\PSoC4/Cm0plusStart.c ****     #endif /* CYDEV_PROJ_TYPE_LOADABLE */
 359:Generated_Source\PSoC4/Cm0plusStart.c **** 
 360:Generated_Source\PSoC4/Cm0plusStart.c ****     #if(CY_IP_SRSSLT)
 361:Generated_Source\PSoC4/Cm0plusStart.c ****         CySysWdtDisable();
 286              		.loc 1 361 0
 287 0004 FFF7FEFF 		bl	CySysWdtDisable
 362:Generated_Source\PSoC4/Cm0plusStart.c ****     #endif  /* (CY_IP_SRSSLT) */
 363:Generated_Source\PSoC4/Cm0plusStart.c **** 
 364:Generated_Source\PSoC4/Cm0plusStart.c ****     #if ((CYDEV_BOOTLOADER_ENABLE) && (CYDEV_PROJ_TYPE != CYDEV_PROJ_TYPE_LOADABLEANDBOOTLOADER))
 365:Generated_Source\PSoC4/Cm0plusStart.c ****         CyBtldr_CheckLaunch();
 366:Generated_Source\PSoC4/Cm0plusStart.c ****     #endif /* ((CYDEV_BOOTLOADER_ENABLE) && (CYDEV_PROJ_TYPE != CYDEV_PROJ_TYPE_LOADABLEANDBOOTLOAD
 367:Generated_Source\PSoC4/Cm0plusStart.c ****     Start_c();
 288              		.loc 1 367 0
 289 0008 FFF7FEFF 		bl	Start_c
 290              		.cfi_endproc
 291              	.LFE5:
 292              		.size	Reset, .-Reset
 293              		.global	CyRamVectors
 294              		.section	.ramvectors,"aw",%progbits
 295              		.align	2
 296              		.type	CyRamVectors, %object
 297              		.size	CyRamVectors, 164
 298              	CyRamVectors:
 299 0000 00000000 		.space	164
 299      00000000 
 299      00000000 
 299      00000000 
 299      00000000 
 300              		.global	RomVectors
 301              		.section	.romvectors,"a",%progbits
 302              		.align	2
 303              		.type	RomVectors, %object
 304              		.size	RomVectors, 16
 305              	RomVectors:
 306 0000 00000000 		.word	__cy_stack
 307 0004 00000000 		.word	Reset
ARM GAS  C:\Users\CHRIST~1\AppData\Local\Temp\ccoEAFux.s 			page 13


 308 0008 00000000 		.word	IntDefaultHandler
 309 000c 00000000 		.word	IntDefaultHandler
 310              		.section	.text.initialize_psoc,"ax",%progbits
 311              		.align	2
 312              		.global	initialize_psoc
 313              		.code	16
 314              		.thumb_func
 315              		.type	initialize_psoc, %function
 316              	initialize_psoc:
 317              	.LFB6:
 368:Generated_Source\PSoC4/Cm0plusStart.c **** }
 369:Generated_Source\PSoC4/Cm0plusStart.c **** 
 370:Generated_Source\PSoC4/Cm0plusStart.c **** #elif defined (__ICCARM__)
 371:Generated_Source\PSoC4/Cm0plusStart.c **** 
 372:Generated_Source\PSoC4/Cm0plusStart.c **** 
 373:Generated_Source\PSoC4/Cm0plusStart.c **** /*******************************************************************************
 374:Generated_Source\PSoC4/Cm0plusStart.c **** * Function Name: __low_level_init
 375:Generated_Source\PSoC4/Cm0plusStart.c **** ****************************************************************************//**
 376:Generated_Source\PSoC4/Cm0plusStart.c **** *
 377:Generated_Source\PSoC4/Cm0plusStart.c **** * This function performs early initializations for the IAR Embedded
 378:Generated_Source\PSoC4/Cm0plusStart.c **** * Workbench IDE. It is executed in the context of reset interrupt handler
 379:Generated_Source\PSoC4/Cm0plusStart.c **** * before the data sections are initialized.
 380:Generated_Source\PSoC4/Cm0plusStart.c **** *
 381:Generated_Source\PSoC4/Cm0plusStart.c **** * \return The value that determines whether or not data sections should be
 382:Generated_Source\PSoC4/Cm0plusStart.c **** * initialized by the system startup code:
 383:Generated_Source\PSoC4/Cm0plusStart.c **** *    0 - skip data sections initialization;
 384:Generated_Source\PSoC4/Cm0plusStart.c **** *    1 - initialize data sections;
 385:Generated_Source\PSoC4/Cm0plusStart.c **** *
 386:Generated_Source\PSoC4/Cm0plusStart.c **** *******************************************************************************/
 387:Generated_Source\PSoC4/Cm0plusStart.c **** #pragma inline = never
 388:Generated_Source\PSoC4/Cm0plusStart.c **** int __low_level_init(void)
 389:Generated_Source\PSoC4/Cm0plusStart.c **** {
 390:Generated_Source\PSoC4/Cm0plusStart.c ****     #if(CY_IP_SRSSLT)
 391:Generated_Source\PSoC4/Cm0plusStart.c ****         CySysWdtDisable();
 392:Generated_Source\PSoC4/Cm0plusStart.c ****     #endif  /* (CY_IP_SRSSLT) */
 393:Generated_Source\PSoC4/Cm0plusStart.c **** 
 394:Generated_Source\PSoC4/Cm0plusStart.c **** #if ((CYDEV_BOOTLOADER_ENABLE) && (CYDEV_PROJ_TYPE != CYDEV_PROJ_TYPE_LOADABLEANDBOOTLOADER))
 395:Generated_Source\PSoC4/Cm0plusStart.c ****     CyBtldr_CheckLaunch();
 396:Generated_Source\PSoC4/Cm0plusStart.c **** #endif /* ((CYDEV_BOOTLOADER_ENABLE) && (CYDEV_PROJ_TYPE != CYDEV_PROJ_TYPE_LOADABLEANDBOOTLOADER))
 397:Generated_Source\PSoC4/Cm0plusStart.c **** 
 398:Generated_Source\PSoC4/Cm0plusStart.c ****     /* Initialize data sections */
 399:Generated_Source\PSoC4/Cm0plusStart.c ****     __iar_data_init3();
 400:Generated_Source\PSoC4/Cm0plusStart.c **** 
 401:Generated_Source\PSoC4/Cm0plusStart.c ****     initialize_psoc();
 402:Generated_Source\PSoC4/Cm0plusStart.c **** 
 403:Generated_Source\PSoC4/Cm0plusStart.c ****     return 0;
 404:Generated_Source\PSoC4/Cm0plusStart.c **** }
 405:Generated_Source\PSoC4/Cm0plusStart.c **** 
 406:Generated_Source\PSoC4/Cm0plusStart.c **** #endif /* __GNUC__ */
 407:Generated_Source\PSoC4/Cm0plusStart.c **** 
 408:Generated_Source\PSoC4/Cm0plusStart.c **** 
 409:Generated_Source\PSoC4/Cm0plusStart.c **** /*******************************************************************************
 410:Generated_Source\PSoC4/Cm0plusStart.c **** * Ram Interrupt Vector table storage area. Must be placed at 0x20000000.
 411:Generated_Source\PSoC4/Cm0plusStart.c **** *******************************************************************************/
 412:Generated_Source\PSoC4/Cm0plusStart.c **** 
 413:Generated_Source\PSoC4/Cm0plusStart.c **** #if defined (__ICCARM__)
 414:Generated_Source\PSoC4/Cm0plusStart.c ****     #pragma location=".ramvectors"
ARM GAS  C:\Users\CHRIST~1\AppData\Local\Temp\ccoEAFux.s 			page 14


 415:Generated_Source\PSoC4/Cm0plusStart.c **** #else
 416:Generated_Source\PSoC4/Cm0plusStart.c ****     #ifndef CY_SYS_RAM_VECTOR_SECTION
 417:Generated_Source\PSoC4/Cm0plusStart.c ****         #define CY_SYS_RAM_VECTOR_SECTION CY_SECTION(".ramvectors")
 418:Generated_Source\PSoC4/Cm0plusStart.c ****     #endif /* CY_SYS_RAM_VECTOR_SECTION */
 419:Generated_Source\PSoC4/Cm0plusStart.c ****     CY_SYS_RAM_VECTOR_SECTION
 420:Generated_Source\PSoC4/Cm0plusStart.c **** #endif  /* defined (__ICCARM__) */
 421:Generated_Source\PSoC4/Cm0plusStart.c **** cyisraddress CyRamVectors[CY_NUM_VECTORS];
 422:Generated_Source\PSoC4/Cm0plusStart.c **** 
 423:Generated_Source\PSoC4/Cm0plusStart.c **** 
 424:Generated_Source\PSoC4/Cm0plusStart.c **** /*******************************************************************************
 425:Generated_Source\PSoC4/Cm0plusStart.c **** * Rom Interrupt Vector table storage area. Must be 256-byte aligned.
 426:Generated_Source\PSoC4/Cm0plusStart.c **** *******************************************************************************/
 427:Generated_Source\PSoC4/Cm0plusStart.c **** 
 428:Generated_Source\PSoC4/Cm0plusStart.c **** #if defined(__ARMCC_VERSION)
 429:Generated_Source\PSoC4/Cm0plusStart.c ****     /* Suppress diagnostic message 1296-D: extended constant initialiser used */
 430:Generated_Source\PSoC4/Cm0plusStart.c ****     #pragma diag_suppress 1296
 431:Generated_Source\PSoC4/Cm0plusStart.c **** #endif  /* defined(__ARMCC_VERSION) */
 432:Generated_Source\PSoC4/Cm0plusStart.c **** 
 433:Generated_Source\PSoC4/Cm0plusStart.c **** #if defined (__ICCARM__)
 434:Generated_Source\PSoC4/Cm0plusStart.c ****     #pragma location=".romvectors"
 435:Generated_Source\PSoC4/Cm0plusStart.c ****     const intvec_elem __vector_table[CY_NUM_ROM_VECTORS] =
 436:Generated_Source\PSoC4/Cm0plusStart.c **** #else
 437:Generated_Source\PSoC4/Cm0plusStart.c ****     #ifndef CY_SYS_ROM_VECTOR_SECTION
 438:Generated_Source\PSoC4/Cm0plusStart.c ****         #define CY_SYS_ROM_VECTOR_SECTION CY_SECTION(".romvectors")
 439:Generated_Source\PSoC4/Cm0plusStart.c ****     #endif /* CY_SYS_ROM_VECTOR_SECTION */
 440:Generated_Source\PSoC4/Cm0plusStart.c ****     CY_SYS_ROM_VECTOR_SECTION
 441:Generated_Source\PSoC4/Cm0plusStart.c ****     const cyisraddress RomVectors[CY_NUM_ROM_VECTORS] =
 442:Generated_Source\PSoC4/Cm0plusStart.c **** #endif  /* defined (__ICCARM__) */
 443:Generated_Source\PSoC4/Cm0plusStart.c **** {
 444:Generated_Source\PSoC4/Cm0plusStart.c ****     CY_SYS_INITIAL_STACK_POINTER,   /* The initial stack pointer  0 */
 445:Generated_Source\PSoC4/Cm0plusStart.c ****     #if defined (__ICCARM__) /* The reset handler          1 */
 446:Generated_Source\PSoC4/Cm0plusStart.c ****         __iar_program_start,
 447:Generated_Source\PSoC4/Cm0plusStart.c ****     #else
 448:Generated_Source\PSoC4/Cm0plusStart.c ****         (cyisraddress)&Reset,
 449:Generated_Source\PSoC4/Cm0plusStart.c ****     #endif  /* defined (__ICCARM__) */
 450:Generated_Source\PSoC4/Cm0plusStart.c ****     &IntDefaultHandler,      /* The NMI handler            2 */
 451:Generated_Source\PSoC4/Cm0plusStart.c ****     &IntDefaultHandler,      /* The hard fault handler     3 */
 452:Generated_Source\PSoC4/Cm0plusStart.c **** };
 453:Generated_Source\PSoC4/Cm0plusStart.c **** 
 454:Generated_Source\PSoC4/Cm0plusStart.c **** #if defined(__ARMCC_VERSION)
 455:Generated_Source\PSoC4/Cm0plusStart.c ****     #pragma diag_default 1296
 456:Generated_Source\PSoC4/Cm0plusStart.c **** #endif  /* defined(__ARMCC_VERSION) */
 457:Generated_Source\PSoC4/Cm0plusStart.c **** 
 458:Generated_Source\PSoC4/Cm0plusStart.c **** 
 459:Generated_Source\PSoC4/Cm0plusStart.c **** /*******************************************************************************
 460:Generated_Source\PSoC4/Cm0plusStart.c **** * Function Name: initialize_psoc
 461:Generated_Source\PSoC4/Cm0plusStart.c **** ****************************************************************************//**
 462:Generated_Source\PSoC4/Cm0plusStart.c **** *
 463:Generated_Source\PSoC4/Cm0plusStart.c **** * This function is used to initialize the PSoC chip before calling main.
 464:Generated_Source\PSoC4/Cm0plusStart.c **** *
 465:Generated_Source\PSoC4/Cm0plusStart.c **** *******************************************************************************/
 466:Generated_Source\PSoC4/Cm0plusStart.c **** #if(defined(__GNUC__) && !defined(__ARMCC_VERSION))
 467:Generated_Source\PSoC4/Cm0plusStart.c **** __attribute__ ((constructor(101)))
 468:Generated_Source\PSoC4/Cm0plusStart.c **** #endif  /* (defined(__GNUC__) && !defined(__ARMCC_VERSION)) */
 469:Generated_Source\PSoC4/Cm0plusStart.c **** void initialize_psoc(void)
 470:Generated_Source\PSoC4/Cm0plusStart.c **** {
 318              		.loc 1 470 0
ARM GAS  C:\Users\CHRIST~1\AppData\Local\Temp\ccoEAFux.s 			page 15


 319              		.cfi_startproc
 320 0000 80B5     		push	{r7, lr}
 321              		.cfi_def_cfa_offset 8
 322              		.cfi_offset 7, -8
 323              		.cfi_offset 14, -4
 324 0002 82B0     		sub	sp, sp, #8
 325              		.cfi_def_cfa_offset 16
 326 0004 00AF     		add	r7, sp, #0
 327              		.cfi_def_cfa_register 7
 471:Generated_Source\PSoC4/Cm0plusStart.c ****     uint32 indexInit;
 472:Generated_Source\PSoC4/Cm0plusStart.c **** 
 473:Generated_Source\PSoC4/Cm0plusStart.c ****     #if(CY_IP_CPUSSV2)
 474:Generated_Source\PSoC4/Cm0plusStart.c ****         #if (CY_IP_CPUSS_CM0)
 475:Generated_Source\PSoC4/Cm0plusStart.c ****             /***********************************************************************
 476:Generated_Source\PSoC4/Cm0plusStart.c ****             * Make sure that Vector Table is located at 0000_0000 in Flash, before
 477:Generated_Source\PSoC4/Cm0plusStart.c ****             * accessing RomVectors or calling functions that may be placed in
 478:Generated_Source\PSoC4/Cm0plusStart.c ****             * .psocinit (cyfitter_cfg and ClockSetup). Note The CY_CPUSS_CONFIG_REG
 479:Generated_Source\PSoC4/Cm0plusStart.c ****             * register is retention for the specified device family.
 480:Generated_Source\PSoC4/Cm0plusStart.c ****             ***********************************************************************/
 481:Generated_Source\PSoC4/Cm0plusStart.c ****             CY_CPUSS_CONFIG_REG &= (uint32) ~CY_CPUSS_CONFIG_VECT_IN_RAM;
 482:Generated_Source\PSoC4/Cm0plusStart.c ****         #endif /* (CY_IP_CPUSS_CM0) */
 483:Generated_Source\PSoC4/Cm0plusStart.c ****     #endif  /* (CY_IP_CPUSSV2) */
 484:Generated_Source\PSoC4/Cm0plusStart.c **** 
 485:Generated_Source\PSoC4/Cm0plusStart.c ****     /* Set Ram interrupt vectors to default functions. */
 486:Generated_Source\PSoC4/Cm0plusStart.c ****     for (indexInit = 0u; indexInit < CY_NUM_VECTORS; indexInit++)
 328              		.loc 1 486 0
 329 0006 0023     		mov	r3, #0
 330 0008 7B60     		str	r3, [r7, #4]
 331 000a 0FE0     		b	.L23
 332              	.L26:
 487:Generated_Source\PSoC4/Cm0plusStart.c ****     {
 488:Generated_Source\PSoC4/Cm0plusStart.c ****         CyRamVectors[indexInit] = (indexInit < CY_NUM_ROM_VECTORS) ?
 489:Generated_Source\PSoC4/Cm0plusStart.c ****             #if defined (__ICCARM__)
 490:Generated_Source\PSoC4/Cm0plusStart.c ****                 __vector_table[indexInit].__fun : &IntDefaultHandler;
 491:Generated_Source\PSoC4/Cm0plusStart.c ****             #else
 492:Generated_Source\PSoC4/Cm0plusStart.c ****                 RomVectors[indexInit] : &IntDefaultHandler;
 333              		.loc 1 492 0
 334 000c 7B68     		ldr	r3, [r7, #4]
 335 000e 032B     		cmp	r3, #3
 336 0010 04D8     		bhi	.L24
 337              		.loc 1 492 0 is_stmt 0 discriminator 1
 338 0012 0E4B     		ldr	r3, .L27
 339 0014 7A68     		ldr	r2, [r7, #4]
 340 0016 9200     		lsl	r2, r2, #2
 341 0018 D358     		ldr	r3, [r2, r3]
 342 001a 00E0     		b	.L25
 343              	.L24:
 344              		.loc 1 492 0 discriminator 2
 345 001c 0C4B     		ldr	r3, .L27+4
 346              	.L25:
 488:Generated_Source\PSoC4/Cm0plusStart.c ****             #if defined (__ICCARM__)
 347              		.loc 1 488 0 is_stmt 1 discriminator 2
 348 001e 0D4A     		ldr	r2, .L27+8
 349 0020 7968     		ldr	r1, [r7, #4]
 350 0022 8900     		lsl	r1, r1, #2
 351 0024 8B50     		str	r3, [r1, r2]
 486:Generated_Source\PSoC4/Cm0plusStart.c ****     {
ARM GAS  C:\Users\CHRIST~1\AppData\Local\Temp\ccoEAFux.s 			page 16


 352              		.loc 1 486 0 discriminator 2
 353 0026 7B68     		ldr	r3, [r7, #4]
 354 0028 0133     		add	r3, r3, #1
 355 002a 7B60     		str	r3, [r7, #4]
 356              	.L23:
 486:Generated_Source\PSoC4/Cm0plusStart.c ****     {
 357              		.loc 1 486 0 is_stmt 0 discriminator 1
 358 002c 7B68     		ldr	r3, [r7, #4]
 359 002e 282B     		cmp	r3, #40
 360 0030 ECD9     		bls	.L26
 493:Generated_Source\PSoC4/Cm0plusStart.c ****             #endif  /* defined (__ICCARM__) */
 494:Generated_Source\PSoC4/Cm0plusStart.c ****     }
 495:Generated_Source\PSoC4/Cm0plusStart.c **** 
 496:Generated_Source\PSoC4/Cm0plusStart.c ****     /* Initialize configuration registers. */
 497:Generated_Source\PSoC4/Cm0plusStart.c ****     cyfitter_cfg();
 361              		.loc 1 497 0 is_stmt 1
 362 0032 FFF7FEFF 		bl	cyfitter_cfg
 498:Generated_Source\PSoC4/Cm0plusStart.c **** 
 499:Generated_Source\PSoC4/Cm0plusStart.c ****     #if !defined (__ICCARM__)
 500:Generated_Source\PSoC4/Cm0plusStart.c ****         /* Actually, no need to clean this variable, just to make compiler happy. */
 501:Generated_Source\PSoC4/Cm0plusStart.c ****         cySysNoInitDataValid = 0u;
 363              		.loc 1 501 0
 364 0036 084B     		ldr	r3, .L27+12
 365 0038 0022     		mov	r2, #0
 366 003a 1A60     		str	r2, [r3]
 502:Generated_Source\PSoC4/Cm0plusStart.c ****     #endif  /* !defined (__ICCARM__) */
 503:Generated_Source\PSoC4/Cm0plusStart.c **** 
 504:Generated_Source\PSoC4/Cm0plusStart.c ****     #if (CYDEV_PROJ_TYPE != CYDEV_PROJ_TYPE_STANDARD)
 505:Generated_Source\PSoC4/Cm0plusStart.c **** 
 506:Generated_Source\PSoC4/Cm0plusStart.c ****         /* Need to make sure that this variable will not be optimized out */
 507:Generated_Source\PSoC4/Cm0plusStart.c ****         if (0u == cyBtldrRunType)
 508:Generated_Source\PSoC4/Cm0plusStart.c ****         {
 509:Generated_Source\PSoC4/Cm0plusStart.c ****             cyBtldrRunType = 0u;
 510:Generated_Source\PSoC4/Cm0plusStart.c ****         }
 511:Generated_Source\PSoC4/Cm0plusStart.c **** 
 512:Generated_Source\PSoC4/Cm0plusStart.c ****     #endif  /* (CYDEV_PROJ_TYPE != CYDEV_PROJ_TYPE_STANDARD) */
 513:Generated_Source\PSoC4/Cm0plusStart.c **** 
 514:Generated_Source\PSoC4/Cm0plusStart.c ****     #if (CY_IP_CPUSS_CM0)
 515:Generated_Source\PSoC4/Cm0plusStart.c ****         /* Vector Table is located at 0x2000:0000 in SRAM */
 516:Generated_Source\PSoC4/Cm0plusStart.c ****         CY_CPUSS_CONFIG_REG |= CY_CPUSS_CONFIG_VECT_IN_RAM;
 517:Generated_Source\PSoC4/Cm0plusStart.c **** 	#else
 518:Generated_Source\PSoC4/Cm0plusStart.c **** 		(*(uint32 *)CYREG_CM0P_VTOR) = CY_CPUSS_CONFIG_VECT_ADDR_IN_RAM;
 367              		.loc 1 518 0
 368 003c 074B     		ldr	r3, .L27+16
 369 003e 8022     		mov	r2, #128
 370 0040 9205     		lsl	r2, r2, #22
 371 0042 1A60     		str	r2, [r3]
 519:Generated_Source\PSoC4/Cm0plusStart.c ****     #endif /* (CY_IP_CPUSS_CM0) */
 520:Generated_Source\PSoC4/Cm0plusStart.c **** }
 372              		.loc 1 520 0
 373 0044 BD46     		mov	sp, r7
 374 0046 02B0     		add	sp, sp, #8
 375              		@ sp needed
 376 0048 80BD     		pop	{r7, pc}
 377              	.L28:
 378 004a C046     		.align	2
 379              	.L27:
ARM GAS  C:\Users\CHRIST~1\AppData\Local\Temp\ccoEAFux.s 			page 17


 380 004c 00000000 		.word	RomVectors
 381 0050 00000000 		.word	IntDefaultHandler
 382 0054 00000000 		.word	CyRamVectors
 383 0058 00000000 		.word	cySysNoInitDataValid
 384 005c 08ED00E0 		.word	-536810232
 385              		.cfi_endproc
 386              	.LFE6:
 387              		.size	initialize_psoc, .-initialize_psoc
 388              		.section	.init_array,"aw",%init_array
 389              		.align	2
 390 0000 00000000 		.word	initialize_psoc(target1)
 391              		.data
 392              		.align	2
 393              		.type	heapPointer.4789, %object
 394              		.size	heapPointer.4789, 4
 395              	heapPointer.4789:
 396 0000 00000000 		.word	end
 397              		.weak	__cy_region_num
 398              		.text
 399              	.Letext0:
 400              		.file 2 "Generated_Source\\PSoC4\\cytypes.h"
 401              		.file 3 "c:\\program files (x86)\\cypress\\psoc creator\\4.0\\psoc creator\\import\\gnu\\arm\\4.9.
 402              		.section	.debug_info,"",%progbits
 403              	.Ldebug_info0:
 404 0000 EB020000 		.4byte	0x2eb
 405 0004 0400     		.2byte	0x4
 406 0006 00000000 		.4byte	.Ldebug_abbrev0
 407 000a 04       		.byte	0x4
 408 000b 01       		.uleb128 0x1
 409 000c 9E010000 		.4byte	.LASF41
 410 0010 01       		.byte	0x1
 411 0011 7A020000 		.4byte	.LASF42
 412 0015 77000000 		.4byte	.LASF43
 413 0019 00000000 		.4byte	.Ldebug_ranges0+0
 414 001d 00000000 		.4byte	0
 415 0021 00000000 		.4byte	.Ldebug_line0
 416 0025 02       		.uleb128 0x2
 417 0026 01       		.byte	0x1
 418 0027 06       		.byte	0x6
 419 0028 B3020000 		.4byte	.LASF0
 420 002c 02       		.uleb128 0x2
 421 002d 01       		.byte	0x1
 422 002e 08       		.byte	0x8
 423 002f 3E010000 		.4byte	.LASF1
 424 0033 02       		.uleb128 0x2
 425 0034 02       		.byte	0x2
 426 0035 05       		.byte	0x5
 427 0036 A0020000 		.4byte	.LASF2
 428 003a 02       		.uleb128 0x2
 429 003b 02       		.byte	0x2
 430 003c 07       		.byte	0x7
 431 003d 2E000000 		.4byte	.LASF3
 432 0041 02       		.uleb128 0x2
 433 0042 04       		.byte	0x4
 434 0043 05       		.byte	0x5
 435 0044 AA020000 		.4byte	.LASF4
 436 0048 02       		.uleb128 0x2
ARM GAS  C:\Users\CHRIST~1\AppData\Local\Temp\ccoEAFux.s 			page 18


 437 0049 04       		.byte	0x4
 438 004a 07       		.byte	0x7
 439 004b F3000000 		.4byte	.LASF5
 440 004f 02       		.uleb128 0x2
 441 0050 08       		.byte	0x8
 442 0051 05       		.byte	0x5
 443 0052 67020000 		.4byte	.LASF6
 444 0056 02       		.uleb128 0x2
 445 0057 08       		.byte	0x8
 446 0058 07       		.byte	0x7
 447 0059 87010000 		.4byte	.LASF7
 448 005d 03       		.uleb128 0x3
 449 005e 04       		.byte	0x4
 450 005f 05       		.byte	0x5
 451 0060 696E7400 		.ascii	"int\000"
 452 0064 02       		.uleb128 0x2
 453 0065 04       		.byte	0x4
 454 0066 07       		.byte	0x7
 455 0067 7A010000 		.4byte	.LASF8
 456 006b 04       		.uleb128 0x4
 457 006c 1A010000 		.4byte	.LASF9
 458 0070 02       		.byte	0x2
 459 0071 9801     		.2byte	0x198
 460 0073 2C000000 		.4byte	0x2c
 461 0077 04       		.uleb128 0x4
 462 0078 69010000 		.4byte	.LASF10
 463 007c 02       		.byte	0x2
 464 007d 9A01     		.2byte	0x19a
 465 007f 48000000 		.4byte	0x48
 466 0083 02       		.uleb128 0x2
 467 0084 04       		.byte	0x4
 468 0085 04       		.byte	0x4
 469 0086 6C000000 		.4byte	.LASF11
 470 008a 02       		.uleb128 0x2
 471 008b 08       		.byte	0x8
 472 008c 04       		.byte	0x4
 473 008d 52010000 		.4byte	.LASF12
 474 0091 02       		.uleb128 0x2
 475 0092 01       		.byte	0x1
 476 0093 08       		.byte	0x8
 477 0094 75020000 		.4byte	.LASF13
 478 0098 04       		.uleb128 0x4
 479 0099 36020000 		.4byte	.LASF14
 480 009d 02       		.byte	0x2
 481 009e 5402     		.2byte	0x254
 482 00a0 A4000000 		.4byte	0xa4
 483 00a4 05       		.uleb128 0x5
 484 00a5 04       		.byte	0x4
 485 00a6 AA000000 		.4byte	0xaa
 486 00aa 06       		.uleb128 0x6
 487 00ab 07       		.uleb128 0x7
 488 00ac 00000000 		.4byte	.LASF15
 489 00b0 03       		.byte	0x3
 490 00b1 D4       		.byte	0xd4
 491 00b2 64000000 		.4byte	0x64
 492 00b6 02       		.uleb128 0x2
 493 00b7 04       		.byte	0x4
ARM GAS  C:\Users\CHRIST~1\AppData\Local\Temp\ccoEAFux.s 			page 19


 494 00b8 07       		.byte	0x7
 495 00b9 5E020000 		.4byte	.LASF16
 496 00bd 08       		.uleb128 0x8
 497 00be 04       		.byte	0x4
 498 00bf 09       		.uleb128 0x9
 499 00c0 91000000 		.4byte	0x91
 500 00c4 07       		.uleb128 0x7
 501 00c5 4D020000 		.4byte	.LASF17
 502 00c9 01       		.byte	0x1
 503 00ca CC       		.byte	0xcc
 504 00cb 2C000000 		.4byte	0x2c
 505 00cf 0A       		.uleb128 0xa
 506 00d0 DB020000 		.4byte	.LASF44
 507 00d4 10       		.byte	0x10
 508 00d5 01       		.byte	0x1
 509 00d6 CE       		.byte	0xce
 510 00d7 0C010000 		.4byte	0x10c
 511 00db 0B       		.uleb128 0xb
 512 00dc 51000000 		.4byte	.LASF18
 513 00e0 01       		.byte	0x1
 514 00e1 D0       		.byte	0xd0
 515 00e2 0C010000 		.4byte	0x10c
 516 00e6 00       		.byte	0
 517 00e7 0B       		.uleb128 0xb
 518 00e8 72000000 		.4byte	.LASF19
 519 00ec 01       		.byte	0x1
 520 00ed D1       		.byte	0xd1
 521 00ee 0C010000 		.4byte	0x10c
 522 00f2 04       		.byte	0x4
 523 00f3 0B       		.uleb128 0xb
 524 00f4 43020000 		.4byte	.LASF20
 525 00f8 01       		.byte	0x1
 526 00f9 D2       		.byte	0xd2
 527 00fa AB000000 		.4byte	0xab
 528 00fe 08       		.byte	0x8
 529 00ff 0B       		.uleb128 0xb
 530 0100 5D000000 		.4byte	.LASF21
 531 0104 01       		.byte	0x1
 532 0105 D3       		.byte	0xd3
 533 0106 AB000000 		.4byte	0xab
 534 010a 0C       		.byte	0xc
 535 010b 00       		.byte	0
 536 010c 05       		.uleb128 0x5
 537 010d 04       		.byte	0x4
 538 010e C4000000 		.4byte	0xc4
 539 0112 0C       		.uleb128 0xc
 540 0113 2C010000 		.4byte	.LASF32
 541 0117 01       		.byte	0x1
 542 0118 6D       		.byte	0x6d
 543 0119 00000000 		.4byte	.LFB1
 544 011d 06000000 		.4byte	.LFE1-.LFB1
 545 0121 01       		.uleb128 0x1
 546 0122 9C       		.byte	0x9c
 547 0123 0D       		.uleb128 0xd
 548 0124 26010000 		.4byte	.LASF26
 549 0128 01       		.byte	0x1
 550 0129 EC       		.byte	0xec
ARM GAS  C:\Users\CHRIST~1\AppData\Local\Temp\ccoEAFux.s 			page 20


 551 012a 00000000 		.4byte	.LFB2
 552 012e 14000000 		.4byte	.LFE2-.LFB2
 553 0132 01       		.uleb128 0x1
 554 0133 9C       		.byte	0x9c
 555 0134 47010000 		.4byte	0x147
 556 0138 0E       		.uleb128 0xe
 557 0139 56000000 		.4byte	.LASF22
 558 013d 01       		.byte	0x1
 559 013e EC       		.byte	0xec
 560 013f 5D000000 		.4byte	0x5d
 561 0143 02       		.uleb128 0x2
 562 0144 91       		.byte	0x91
 563 0145 74       		.sleb128 -12
 564 0146 00       		.byte	0
 565 0147 0F       		.uleb128 0xf
 566 0148 4C010000 		.4byte	.LASF45
 567 014c 01       		.byte	0x1
 568 014d 0601     		.2byte	0x106
 569 014f BD000000 		.4byte	0xbd
 570 0153 00000000 		.4byte	.LFB3
 571 0157 50000000 		.4byte	.LFE3-.LFB3
 572 015b 01       		.uleb128 0x1
 573 015c 9C       		.byte	0x9c
 574 015d 9E010000 		.4byte	0x19e
 575 0161 10       		.uleb128 0x10
 576 0162 D4020000 		.4byte	.LASF23
 577 0166 01       		.byte	0x1
 578 0167 0601     		.2byte	0x106
 579 0169 5D000000 		.4byte	0x5d
 580 016d 02       		.uleb128 0x2
 581 016e 91       		.byte	0x91
 582 016f 6C       		.sleb128 -20
 583 0170 11       		.uleb128 0x11
 584 0171 656E6400 		.ascii	"end\000"
 585 0175 01       		.byte	0x1
 586 0176 0801     		.2byte	0x108
 587 0178 5D000000 		.4byte	0x5d
 588 017c 12       		.uleb128 0x12
 589 017d DC000000 		.4byte	.LASF24
 590 0181 01       		.byte	0x1
 591 0182 0901     		.2byte	0x109
 592 0184 BD000000 		.4byte	0xbd
 593 0188 02       		.uleb128 0x2
 594 0189 91       		.byte	0x91
 595 018a 74       		.sleb128 -12
 596 018b 12       		.uleb128 0x12
 597 018c 22000000 		.4byte	.LASF25
 598 0190 01       		.byte	0x1
 599 0191 0C01     		.2byte	0x10c
 600 0193 BD000000 		.4byte	0xbd
 601 0197 05       		.uleb128 0x5
 602 0198 03       		.byte	0x3
 603 0199 00000000 		.4byte	heapPointer.4789
 604 019d 00       		.byte	0
 605 019e 13       		.uleb128 0x13
 606 019f 14000000 		.4byte	.LASF27
 607 01a3 01       		.byte	0x1
ARM GAS  C:\Users\CHRIST~1\AppData\Local\Temp\ccoEAFux.s 			page 21


 608 01a4 2701     		.2byte	0x127
 609 01a6 00000000 		.4byte	.LFB4
 610 01aa 98000000 		.4byte	.LFE4-.LFB4
 611 01ae 01       		.uleb128 0x1
 612 01af 9C       		.byte	0x9c
 613 01b0 19020000 		.4byte	0x219
 614 01b4 12       		.uleb128 0x12
 615 01b5 CC020000 		.4byte	.LASF28
 616 01b9 01       		.byte	0x1
 617 01ba 2C01     		.2byte	0x12c
 618 01bc 64000000 		.4byte	0x64
 619 01c0 02       		.uleb128 0x2
 620 01c1 91       		.byte	0x91
 621 01c2 74       		.sleb128 -12
 622 01c3 12       		.uleb128 0x12
 623 01c4 67000000 		.4byte	.LASF29
 624 01c8 01       		.byte	0x1
 625 01c9 2D01     		.2byte	0x12d
 626 01cb 19020000 		.4byte	0x219
 627 01cf 02       		.uleb128 0x2
 628 01d0 91       		.byte	0x91
 629 01d1 70       		.sleb128 -16
 630 01d2 14       		.uleb128 0x14
 631 01d3 14000000 		.4byte	.LBB2
 632 01d7 66000000 		.4byte	.LBE2-.LBB2
 633 01db 15       		.uleb128 0x15
 634 01dc 73726300 		.ascii	"src\000"
 635 01e0 01       		.byte	0x1
 636 01e1 3201     		.2byte	0x132
 637 01e3 24020000 		.4byte	0x224
 638 01e7 02       		.uleb128 0x2
 639 01e8 91       		.byte	0x91
 640 01e9 6C       		.sleb128 -20
 641 01ea 15       		.uleb128 0x15
 642 01eb 64737400 		.ascii	"dst\000"
 643 01ef 01       		.byte	0x1
 644 01f0 3301     		.2byte	0x133
 645 01f2 24020000 		.4byte	0x224
 646 01f6 02       		.uleb128 0x2
 647 01f7 91       		.byte	0x91
 648 01f8 68       		.sleb128 -24
 649 01f9 12       		.uleb128 0x12
 650 01fa 30020000 		.4byte	.LASF30
 651 01fe 01       		.byte	0x1
 652 01ff 3401     		.2byte	0x134
 653 0201 64000000 		.4byte	0x64
 654 0205 02       		.uleb128 0x2
 655 0206 91       		.byte	0x91
 656 0207 60       		.sleb128 -32
 657 0208 12       		.uleb128 0x12
 658 0209 1C000000 		.4byte	.LASF31
 659 020d 01       		.byte	0x1
 660 020e 3501     		.2byte	0x135
 661 0210 64000000 		.4byte	0x64
 662 0214 02       		.uleb128 0x2
 663 0215 91       		.byte	0x91
 664 0216 64       		.sleb128 -28
ARM GAS  C:\Users\CHRIST~1\AppData\Local\Temp\ccoEAFux.s 			page 22


 665 0217 00       		.byte	0
 666 0218 00       		.byte	0
 667 0219 05       		.uleb128 0x5
 668 021a 04       		.byte	0x4
 669 021b 1F020000 		.4byte	0x21f
 670 021f 09       		.uleb128 0x9
 671 0220 CF000000 		.4byte	0xcf
 672 0224 05       		.uleb128 0x5
 673 0225 04       		.byte	0x4
 674 0226 77000000 		.4byte	0x77
 675 022a 16       		.uleb128 0x16
 676 022b 20010000 		.4byte	.LASF33
 677 022f 01       		.byte	0x1
 678 0230 5C01     		.2byte	0x15c
 679 0232 00000000 		.4byte	.LFB5
 680 0236 0C000000 		.4byte	.LFE5-.LFB5
 681 023a 01       		.uleb128 0x1
 682 023b 9C       		.byte	0x9c
 683 023c 13       		.uleb128 0x13
 684 023d 59010000 		.4byte	.LASF34
 685 0241 01       		.byte	0x1
 686 0242 D501     		.2byte	0x1d5
 687 0244 00000000 		.4byte	.LFB6
 688 0248 60000000 		.4byte	.LFE6-.LFB6
 689 024c 01       		.uleb128 0x1
 690 024d 9C       		.byte	0x9c
 691 024e 62020000 		.4byte	0x262
 692 0252 12       		.uleb128 0x12
 693 0253 70010000 		.4byte	.LASF35
 694 0257 01       		.byte	0x1
 695 0258 D701     		.2byte	0x1d7
 696 025a 77000000 		.4byte	0x77
 697 025e 02       		.uleb128 0x2
 698 025f 91       		.byte	0x91
 699 0260 74       		.sleb128 -12
 700 0261 00       		.byte	0
 701 0262 17       		.uleb128 0x17
 702 0263 05010000 		.4byte	.LASF36
 703 0267 01       		.byte	0x1
 704 0268 4E       		.byte	0x4e
 705 0269 77000000 		.4byte	0x77
 706 026d 05       		.uleb128 0x5
 707 026e 03       		.byte	0x3
 708 026f 00000000 		.4byte	cySysNoInitDataValid
 709 0273 11       		.uleb128 0x11
 710 0274 656E6400 		.ascii	"end\000"
 711 0278 01       		.byte	0x1
 712 0279 0801     		.2byte	0x108
 713 027b 5D000000 		.4byte	0x5d
 714 027f 18       		.uleb128 0x18
 715 0280 CF000000 		.4byte	0xcf
 716 0284 8A020000 		.4byte	0x28a
 717 0288 19       		.uleb128 0x19
 718 0289 00       		.byte	0
 719 028a 1A       		.uleb128 0x1a
 720 028b BF020000 		.4byte	.LASF37
 721 028f 01       		.byte	0x1
ARM GAS  C:\Users\CHRIST~1\AppData\Local\Temp\ccoEAFux.s 			page 23


 722 0290 D6       		.byte	0xd6
 723 0291 95020000 		.4byte	0x295
 724 0295 09       		.uleb128 0x9
 725 0296 7F020000 		.4byte	0x27f
 726 029a 1A       		.uleb128 0x1a
 727 029b 41000000 		.4byte	.LASF38
 728 029f 01       		.byte	0x1
 729 02a0 D7       		.byte	0xd7
 730 02a1 BF000000 		.4byte	0xbf
 731 02a5 18       		.uleb128 0x18
 732 02a6 98000000 		.4byte	0x98
 733 02aa B5020000 		.4byte	0x2b5
 734 02ae 1B       		.uleb128 0x1b
 735 02af B6000000 		.4byte	0xb6
 736 02b3 28       		.byte	0x28
 737 02b4 00       		.byte	0
 738 02b5 1C       		.uleb128 0x1c
 739 02b6 07000000 		.4byte	.LASF39
 740 02ba 01       		.byte	0x1
 741 02bb A501     		.2byte	0x1a5
 742 02bd A5020000 		.4byte	0x2a5
 743 02c1 05       		.uleb128 0x5
 744 02c2 03       		.byte	0x3
 745 02c3 00000000 		.4byte	CyRamVectors
 746 02c7 18       		.uleb128 0x18
 747 02c8 98000000 		.4byte	0x98
 748 02cc D7020000 		.4byte	0x2d7
 749 02d0 1B       		.uleb128 0x1b
 750 02d1 B6000000 		.4byte	0xb6
 751 02d5 03       		.byte	0x3
 752 02d6 00       		.byte	0
 753 02d7 1C       		.uleb128 0x1c
 754 02d8 E8000000 		.4byte	.LASF40
 755 02dc 01       		.byte	0x1
 756 02dd B901     		.2byte	0x1b9
 757 02df E9020000 		.4byte	0x2e9
 758 02e3 05       		.uleb128 0x5
 759 02e4 03       		.byte	0x3
 760 02e5 00000000 		.4byte	RomVectors
 761 02e9 09       		.uleb128 0x9
 762 02ea C7020000 		.4byte	0x2c7
 763 02ee 00       		.byte	0
 764              		.section	.debug_abbrev,"",%progbits
 765              	.Ldebug_abbrev0:
 766 0000 01       		.uleb128 0x1
 767 0001 11       		.uleb128 0x11
 768 0002 01       		.byte	0x1
 769 0003 25       		.uleb128 0x25
 770 0004 0E       		.uleb128 0xe
 771 0005 13       		.uleb128 0x13
 772 0006 0B       		.uleb128 0xb
 773 0007 03       		.uleb128 0x3
 774 0008 0E       		.uleb128 0xe
 775 0009 1B       		.uleb128 0x1b
 776 000a 0E       		.uleb128 0xe
 777 000b 55       		.uleb128 0x55
 778 000c 17       		.uleb128 0x17
ARM GAS  C:\Users\CHRIST~1\AppData\Local\Temp\ccoEAFux.s 			page 24


 779 000d 11       		.uleb128 0x11
 780 000e 01       		.uleb128 0x1
 781 000f 10       		.uleb128 0x10
 782 0010 17       		.uleb128 0x17
 783 0011 00       		.byte	0
 784 0012 00       		.byte	0
 785 0013 02       		.uleb128 0x2
 786 0014 24       		.uleb128 0x24
 787 0015 00       		.byte	0
 788 0016 0B       		.uleb128 0xb
 789 0017 0B       		.uleb128 0xb
 790 0018 3E       		.uleb128 0x3e
 791 0019 0B       		.uleb128 0xb
 792 001a 03       		.uleb128 0x3
 793 001b 0E       		.uleb128 0xe
 794 001c 00       		.byte	0
 795 001d 00       		.byte	0
 796 001e 03       		.uleb128 0x3
 797 001f 24       		.uleb128 0x24
 798 0020 00       		.byte	0
 799 0021 0B       		.uleb128 0xb
 800 0022 0B       		.uleb128 0xb
 801 0023 3E       		.uleb128 0x3e
 802 0024 0B       		.uleb128 0xb
 803 0025 03       		.uleb128 0x3
 804 0026 08       		.uleb128 0x8
 805 0027 00       		.byte	0
 806 0028 00       		.byte	0
 807 0029 04       		.uleb128 0x4
 808 002a 16       		.uleb128 0x16
 809 002b 00       		.byte	0
 810 002c 03       		.uleb128 0x3
 811 002d 0E       		.uleb128 0xe
 812 002e 3A       		.uleb128 0x3a
 813 002f 0B       		.uleb128 0xb
 814 0030 3B       		.uleb128 0x3b
 815 0031 05       		.uleb128 0x5
 816 0032 49       		.uleb128 0x49
 817 0033 13       		.uleb128 0x13
 818 0034 00       		.byte	0
 819 0035 00       		.byte	0
 820 0036 05       		.uleb128 0x5
 821 0037 0F       		.uleb128 0xf
 822 0038 00       		.byte	0
 823 0039 0B       		.uleb128 0xb
 824 003a 0B       		.uleb128 0xb
 825 003b 49       		.uleb128 0x49
 826 003c 13       		.uleb128 0x13
 827 003d 00       		.byte	0
 828 003e 00       		.byte	0
 829 003f 06       		.uleb128 0x6
 830 0040 15       		.uleb128 0x15
 831 0041 00       		.byte	0
 832 0042 27       		.uleb128 0x27
 833 0043 19       		.uleb128 0x19
 834 0044 00       		.byte	0
 835 0045 00       		.byte	0
ARM GAS  C:\Users\CHRIST~1\AppData\Local\Temp\ccoEAFux.s 			page 25


 836 0046 07       		.uleb128 0x7
 837 0047 16       		.uleb128 0x16
 838 0048 00       		.byte	0
 839 0049 03       		.uleb128 0x3
 840 004a 0E       		.uleb128 0xe
 841 004b 3A       		.uleb128 0x3a
 842 004c 0B       		.uleb128 0xb
 843 004d 3B       		.uleb128 0x3b
 844 004e 0B       		.uleb128 0xb
 845 004f 49       		.uleb128 0x49
 846 0050 13       		.uleb128 0x13
 847 0051 00       		.byte	0
 848 0052 00       		.byte	0
 849 0053 08       		.uleb128 0x8
 850 0054 0F       		.uleb128 0xf
 851 0055 00       		.byte	0
 852 0056 0B       		.uleb128 0xb
 853 0057 0B       		.uleb128 0xb
 854 0058 00       		.byte	0
 855 0059 00       		.byte	0
 856 005a 09       		.uleb128 0x9
 857 005b 26       		.uleb128 0x26
 858 005c 00       		.byte	0
 859 005d 49       		.uleb128 0x49
 860 005e 13       		.uleb128 0x13
 861 005f 00       		.byte	0
 862 0060 00       		.byte	0
 863 0061 0A       		.uleb128 0xa
 864 0062 13       		.uleb128 0x13
 865 0063 01       		.byte	0x1
 866 0064 03       		.uleb128 0x3
 867 0065 0E       		.uleb128 0xe
 868 0066 0B       		.uleb128 0xb
 869 0067 0B       		.uleb128 0xb
 870 0068 3A       		.uleb128 0x3a
 871 0069 0B       		.uleb128 0xb
 872 006a 3B       		.uleb128 0x3b
 873 006b 0B       		.uleb128 0xb
 874 006c 01       		.uleb128 0x1
 875 006d 13       		.uleb128 0x13
 876 006e 00       		.byte	0
 877 006f 00       		.byte	0
 878 0070 0B       		.uleb128 0xb
 879 0071 0D       		.uleb128 0xd
 880 0072 00       		.byte	0
 881 0073 03       		.uleb128 0x3
 882 0074 0E       		.uleb128 0xe
 883 0075 3A       		.uleb128 0x3a
 884 0076 0B       		.uleb128 0xb
 885 0077 3B       		.uleb128 0x3b
 886 0078 0B       		.uleb128 0xb
 887 0079 49       		.uleb128 0x49
 888 007a 13       		.uleb128 0x13
 889 007b 38       		.uleb128 0x38
 890 007c 0B       		.uleb128 0xb
 891 007d 00       		.byte	0
 892 007e 00       		.byte	0
ARM GAS  C:\Users\CHRIST~1\AppData\Local\Temp\ccoEAFux.s 			page 26


 893 007f 0C       		.uleb128 0xc
 894 0080 2E       		.uleb128 0x2e
 895 0081 00       		.byte	0
 896 0082 3F       		.uleb128 0x3f
 897 0083 19       		.uleb128 0x19
 898 0084 03       		.uleb128 0x3
 899 0085 0E       		.uleb128 0xe
 900 0086 3A       		.uleb128 0x3a
 901 0087 0B       		.uleb128 0xb
 902 0088 3B       		.uleb128 0x3b
 903 0089 0B       		.uleb128 0xb
 904 008a 27       		.uleb128 0x27
 905 008b 19       		.uleb128 0x19
 906 008c 11       		.uleb128 0x11
 907 008d 01       		.uleb128 0x1
 908 008e 12       		.uleb128 0x12
 909 008f 06       		.uleb128 0x6
 910 0090 40       		.uleb128 0x40
 911 0091 18       		.uleb128 0x18
 912 0092 9742     		.uleb128 0x2117
 913 0094 19       		.uleb128 0x19
 914 0095 00       		.byte	0
 915 0096 00       		.byte	0
 916 0097 0D       		.uleb128 0xd
 917 0098 2E       		.uleb128 0x2e
 918 0099 01       		.byte	0x1
 919 009a 3F       		.uleb128 0x3f
 920 009b 19       		.uleb128 0x19
 921 009c 03       		.uleb128 0x3
 922 009d 0E       		.uleb128 0xe
 923 009e 3A       		.uleb128 0x3a
 924 009f 0B       		.uleb128 0xb
 925 00a0 3B       		.uleb128 0x3b
 926 00a1 0B       		.uleb128 0xb
 927 00a2 27       		.uleb128 0x27
 928 00a3 19       		.uleb128 0x19
 929 00a4 11       		.uleb128 0x11
 930 00a5 01       		.uleb128 0x1
 931 00a6 12       		.uleb128 0x12
 932 00a7 06       		.uleb128 0x6
 933 00a8 40       		.uleb128 0x40
 934 00a9 18       		.uleb128 0x18
 935 00aa 9642     		.uleb128 0x2116
 936 00ac 19       		.uleb128 0x19
 937 00ad 01       		.uleb128 0x1
 938 00ae 13       		.uleb128 0x13
 939 00af 00       		.byte	0
 940 00b0 00       		.byte	0
 941 00b1 0E       		.uleb128 0xe
 942 00b2 05       		.uleb128 0x5
 943 00b3 00       		.byte	0
 944 00b4 03       		.uleb128 0x3
 945 00b5 0E       		.uleb128 0xe
 946 00b6 3A       		.uleb128 0x3a
 947 00b7 0B       		.uleb128 0xb
 948 00b8 3B       		.uleb128 0x3b
 949 00b9 0B       		.uleb128 0xb
ARM GAS  C:\Users\CHRIST~1\AppData\Local\Temp\ccoEAFux.s 			page 27


 950 00ba 49       		.uleb128 0x49
 951 00bb 13       		.uleb128 0x13
 952 00bc 02       		.uleb128 0x2
 953 00bd 18       		.uleb128 0x18
 954 00be 00       		.byte	0
 955 00bf 00       		.byte	0
 956 00c0 0F       		.uleb128 0xf
 957 00c1 2E       		.uleb128 0x2e
 958 00c2 01       		.byte	0x1
 959 00c3 3F       		.uleb128 0x3f
 960 00c4 19       		.uleb128 0x19
 961 00c5 03       		.uleb128 0x3
 962 00c6 0E       		.uleb128 0xe
 963 00c7 3A       		.uleb128 0x3a
 964 00c8 0B       		.uleb128 0xb
 965 00c9 3B       		.uleb128 0x3b
 966 00ca 05       		.uleb128 0x5
 967 00cb 27       		.uleb128 0x27
 968 00cc 19       		.uleb128 0x19
 969 00cd 49       		.uleb128 0x49
 970 00ce 13       		.uleb128 0x13
 971 00cf 11       		.uleb128 0x11
 972 00d0 01       		.uleb128 0x1
 973 00d1 12       		.uleb128 0x12
 974 00d2 06       		.uleb128 0x6
 975 00d3 40       		.uleb128 0x40
 976 00d4 18       		.uleb128 0x18
 977 00d5 9642     		.uleb128 0x2116
 978 00d7 19       		.uleb128 0x19
 979 00d8 01       		.uleb128 0x1
 980 00d9 13       		.uleb128 0x13
 981 00da 00       		.byte	0
 982 00db 00       		.byte	0
 983 00dc 10       		.uleb128 0x10
 984 00dd 05       		.uleb128 0x5
 985 00de 00       		.byte	0
 986 00df 03       		.uleb128 0x3
 987 00e0 0E       		.uleb128 0xe
 988 00e1 3A       		.uleb128 0x3a
 989 00e2 0B       		.uleb128 0xb
 990 00e3 3B       		.uleb128 0x3b
 991 00e4 05       		.uleb128 0x5
 992 00e5 49       		.uleb128 0x49
 993 00e6 13       		.uleb128 0x13
 994 00e7 02       		.uleb128 0x2
 995 00e8 18       		.uleb128 0x18
 996 00e9 00       		.byte	0
 997 00ea 00       		.byte	0
 998 00eb 11       		.uleb128 0x11
 999 00ec 34       		.uleb128 0x34
 1000 00ed 00       		.byte	0
 1001 00ee 03       		.uleb128 0x3
 1002 00ef 08       		.uleb128 0x8
 1003 00f0 3A       		.uleb128 0x3a
 1004 00f1 0B       		.uleb128 0xb
 1005 00f2 3B       		.uleb128 0x3b
 1006 00f3 05       		.uleb128 0x5
ARM GAS  C:\Users\CHRIST~1\AppData\Local\Temp\ccoEAFux.s 			page 28


 1007 00f4 49       		.uleb128 0x49
 1008 00f5 13       		.uleb128 0x13
 1009 00f6 3F       		.uleb128 0x3f
 1010 00f7 19       		.uleb128 0x19
 1011 00f8 3C       		.uleb128 0x3c
 1012 00f9 19       		.uleb128 0x19
 1013 00fa 00       		.byte	0
 1014 00fb 00       		.byte	0
 1015 00fc 12       		.uleb128 0x12
 1016 00fd 34       		.uleb128 0x34
 1017 00fe 00       		.byte	0
 1018 00ff 03       		.uleb128 0x3
 1019 0100 0E       		.uleb128 0xe
 1020 0101 3A       		.uleb128 0x3a
 1021 0102 0B       		.uleb128 0xb
 1022 0103 3B       		.uleb128 0x3b
 1023 0104 05       		.uleb128 0x5
 1024 0105 49       		.uleb128 0x49
 1025 0106 13       		.uleb128 0x13
 1026 0107 02       		.uleb128 0x2
 1027 0108 18       		.uleb128 0x18
 1028 0109 00       		.byte	0
 1029 010a 00       		.byte	0
 1030 010b 13       		.uleb128 0x13
 1031 010c 2E       		.uleb128 0x2e
 1032 010d 01       		.byte	0x1
 1033 010e 3F       		.uleb128 0x3f
 1034 010f 19       		.uleb128 0x19
 1035 0110 03       		.uleb128 0x3
 1036 0111 0E       		.uleb128 0xe
 1037 0112 3A       		.uleb128 0x3a
 1038 0113 0B       		.uleb128 0xb
 1039 0114 3B       		.uleb128 0x3b
 1040 0115 05       		.uleb128 0x5
 1041 0116 27       		.uleb128 0x27
 1042 0117 19       		.uleb128 0x19
 1043 0118 11       		.uleb128 0x11
 1044 0119 01       		.uleb128 0x1
 1045 011a 12       		.uleb128 0x12
 1046 011b 06       		.uleb128 0x6
 1047 011c 40       		.uleb128 0x40
 1048 011d 18       		.uleb128 0x18
 1049 011e 9642     		.uleb128 0x2116
 1050 0120 19       		.uleb128 0x19
 1051 0121 01       		.uleb128 0x1
 1052 0122 13       		.uleb128 0x13
 1053 0123 00       		.byte	0
 1054 0124 00       		.byte	0
 1055 0125 14       		.uleb128 0x14
 1056 0126 0B       		.uleb128 0xb
 1057 0127 01       		.byte	0x1
 1058 0128 11       		.uleb128 0x11
 1059 0129 01       		.uleb128 0x1
 1060 012a 12       		.uleb128 0x12
 1061 012b 06       		.uleb128 0x6
 1062 012c 00       		.byte	0
 1063 012d 00       		.byte	0
ARM GAS  C:\Users\CHRIST~1\AppData\Local\Temp\ccoEAFux.s 			page 29


 1064 012e 15       		.uleb128 0x15
 1065 012f 34       		.uleb128 0x34
 1066 0130 00       		.byte	0
 1067 0131 03       		.uleb128 0x3
 1068 0132 08       		.uleb128 0x8
 1069 0133 3A       		.uleb128 0x3a
 1070 0134 0B       		.uleb128 0xb
 1071 0135 3B       		.uleb128 0x3b
 1072 0136 05       		.uleb128 0x5
 1073 0137 49       		.uleb128 0x49
 1074 0138 13       		.uleb128 0x13
 1075 0139 02       		.uleb128 0x2
 1076 013a 18       		.uleb128 0x18
 1077 013b 00       		.byte	0
 1078 013c 00       		.byte	0
 1079 013d 16       		.uleb128 0x16
 1080 013e 2E       		.uleb128 0x2e
 1081 013f 00       		.byte	0
 1082 0140 3F       		.uleb128 0x3f
 1083 0141 19       		.uleb128 0x19
 1084 0142 03       		.uleb128 0x3
 1085 0143 0E       		.uleb128 0xe
 1086 0144 3A       		.uleb128 0x3a
 1087 0145 0B       		.uleb128 0xb
 1088 0146 3B       		.uleb128 0x3b
 1089 0147 05       		.uleb128 0x5
 1090 0148 27       		.uleb128 0x27
 1091 0149 19       		.uleb128 0x19
 1092 014a 11       		.uleb128 0x11
 1093 014b 01       		.uleb128 0x1
 1094 014c 12       		.uleb128 0x12
 1095 014d 06       		.uleb128 0x6
 1096 014e 40       		.uleb128 0x40
 1097 014f 18       		.uleb128 0x18
 1098 0150 9642     		.uleb128 0x2116
 1099 0152 19       		.uleb128 0x19
 1100 0153 00       		.byte	0
 1101 0154 00       		.byte	0
 1102 0155 17       		.uleb128 0x17
 1103 0156 34       		.uleb128 0x34
 1104 0157 00       		.byte	0
 1105 0158 03       		.uleb128 0x3
 1106 0159 0E       		.uleb128 0xe
 1107 015a 3A       		.uleb128 0x3a
 1108 015b 0B       		.uleb128 0xb
 1109 015c 3B       		.uleb128 0x3b
 1110 015d 0B       		.uleb128 0xb
 1111 015e 49       		.uleb128 0x49
 1112 015f 13       		.uleb128 0x13
 1113 0160 02       		.uleb128 0x2
 1114 0161 18       		.uleb128 0x18
 1115 0162 00       		.byte	0
 1116 0163 00       		.byte	0
 1117 0164 18       		.uleb128 0x18
 1118 0165 01       		.uleb128 0x1
 1119 0166 01       		.byte	0x1
 1120 0167 49       		.uleb128 0x49
ARM GAS  C:\Users\CHRIST~1\AppData\Local\Temp\ccoEAFux.s 			page 30


 1121 0168 13       		.uleb128 0x13
 1122 0169 01       		.uleb128 0x1
 1123 016a 13       		.uleb128 0x13
 1124 016b 00       		.byte	0
 1125 016c 00       		.byte	0
 1126 016d 19       		.uleb128 0x19
 1127 016e 21       		.uleb128 0x21
 1128 016f 00       		.byte	0
 1129 0170 00       		.byte	0
 1130 0171 00       		.byte	0
 1131 0172 1A       		.uleb128 0x1a
 1132 0173 34       		.uleb128 0x34
 1133 0174 00       		.byte	0
 1134 0175 03       		.uleb128 0x3
 1135 0176 0E       		.uleb128 0xe
 1136 0177 3A       		.uleb128 0x3a
 1137 0178 0B       		.uleb128 0xb
 1138 0179 3B       		.uleb128 0x3b
 1139 017a 0B       		.uleb128 0xb
 1140 017b 49       		.uleb128 0x49
 1141 017c 13       		.uleb128 0x13
 1142 017d 3F       		.uleb128 0x3f
 1143 017e 19       		.uleb128 0x19
 1144 017f 3C       		.uleb128 0x3c
 1145 0180 19       		.uleb128 0x19
 1146 0181 00       		.byte	0
 1147 0182 00       		.byte	0
 1148 0183 1B       		.uleb128 0x1b
 1149 0184 21       		.uleb128 0x21
 1150 0185 00       		.byte	0
 1151 0186 49       		.uleb128 0x49
 1152 0187 13       		.uleb128 0x13
 1153 0188 2F       		.uleb128 0x2f
 1154 0189 0B       		.uleb128 0xb
 1155 018a 00       		.byte	0
 1156 018b 00       		.byte	0
 1157 018c 1C       		.uleb128 0x1c
 1158 018d 34       		.uleb128 0x34
 1159 018e 00       		.byte	0
 1160 018f 03       		.uleb128 0x3
 1161 0190 0E       		.uleb128 0xe
 1162 0191 3A       		.uleb128 0x3a
 1163 0192 0B       		.uleb128 0xb
 1164 0193 3B       		.uleb128 0x3b
 1165 0194 05       		.uleb128 0x5
 1166 0195 49       		.uleb128 0x49
 1167 0196 13       		.uleb128 0x13
 1168 0197 3F       		.uleb128 0x3f
 1169 0198 19       		.uleb128 0x19
 1170 0199 02       		.uleb128 0x2
 1171 019a 18       		.uleb128 0x18
 1172 019b 00       		.byte	0
 1173 019c 00       		.byte	0
 1174 019d 00       		.byte	0
 1175              		.section	.debug_aranges,"",%progbits
 1176 0000 44000000 		.4byte	0x44
 1177 0004 0200     		.2byte	0x2
ARM GAS  C:\Users\CHRIST~1\AppData\Local\Temp\ccoEAFux.s 			page 31


 1178 0006 00000000 		.4byte	.Ldebug_info0
 1179 000a 04       		.byte	0x4
 1180 000b 00       		.byte	0
 1181 000c 0000     		.2byte	0
 1182 000e 0000     		.2byte	0
 1183 0010 00000000 		.4byte	.LFB1
 1184 0014 06000000 		.4byte	.LFE1-.LFB1
 1185 0018 00000000 		.4byte	.LFB2
 1186 001c 14000000 		.4byte	.LFE2-.LFB2
 1187 0020 00000000 		.4byte	.LFB3
 1188 0024 50000000 		.4byte	.LFE3-.LFB3
 1189 0028 00000000 		.4byte	.LFB4
 1190 002c 98000000 		.4byte	.LFE4-.LFB4
 1191 0030 00000000 		.4byte	.LFB5
 1192 0034 0C000000 		.4byte	.LFE5-.LFB5
 1193 0038 00000000 		.4byte	.LFB6
 1194 003c 60000000 		.4byte	.LFE6-.LFB6
 1195 0040 00000000 		.4byte	0
 1196 0044 00000000 		.4byte	0
 1197              		.section	.debug_ranges,"",%progbits
 1198              	.Ldebug_ranges0:
 1199 0000 00000000 		.4byte	.LFB1
 1200 0004 06000000 		.4byte	.LFE1
 1201 0008 00000000 		.4byte	.LFB2
 1202 000c 14000000 		.4byte	.LFE2
 1203 0010 00000000 		.4byte	.LFB3
 1204 0014 50000000 		.4byte	.LFE3
 1205 0018 00000000 		.4byte	.LFB4
 1206 001c 98000000 		.4byte	.LFE4
 1207 0020 00000000 		.4byte	.LFB5
 1208 0024 0C000000 		.4byte	.LFE5
 1209 0028 00000000 		.4byte	.LFB6
 1210 002c 60000000 		.4byte	.LFE6
 1211 0030 00000000 		.4byte	0
 1212 0034 00000000 		.4byte	0
 1213              		.section	.debug_line,"",%progbits
 1214              	.Ldebug_line0:
 1215 0000 C8010000 		.section	.debug_str,"MS",%progbits,1
 1215      0200CB00 
 1215      00000201 
 1215      FB0E0D00 
 1215      01010101 
 1216              	.LASF15:
 1217 0000 73697A65 		.ascii	"size_t\000"
 1217      5F7400
 1218              	.LASF39:
 1219 0007 43795261 		.ascii	"CyRamVectors\000"
 1219      6D566563 
 1219      746F7273 
 1219      00
 1220              	.LASF27:
 1221 0014 53746172 		.ascii	"Start_c\000"
 1221      745F6300 
 1222              	.LASF31:
 1223 001c 636F756E 		.ascii	"count\000"
 1223      7400
 1224              	.LASF25:
ARM GAS  C:\Users\CHRIST~1\AppData\Local\Temp\ccoEAFux.s 			page 32


 1225 0022 68656170 		.ascii	"heapPointer\000"
 1225      506F696E 
 1225      74657200 
 1226              	.LASF3:
 1227 002e 73686F72 		.ascii	"short unsigned int\000"
 1227      7420756E 
 1227      7369676E 
 1227      65642069 
 1227      6E7400
 1228              	.LASF38:
 1229 0041 5F5F6379 		.ascii	"__cy_region_num\000"
 1229      5F726567 
 1229      696F6E5F 
 1229      6E756D00 
 1230              	.LASF18:
 1231 0051 696E6974 		.ascii	"init\000"
 1231      00
 1232              	.LASF22:
 1233 0056 73746174 		.ascii	"status\000"
 1233      757300
 1234              	.LASF21:
 1235 005d 7A65726F 		.ascii	"zero_size\000"
 1235      5F73697A 
 1235      6500
 1236              	.LASF29:
 1237 0067 72707472 		.ascii	"rptr\000"
 1237      00
 1238              	.LASF11:
 1239 006c 666C6F61 		.ascii	"float\000"
 1239      7400
 1240              	.LASF19:
 1241 0072 64617461 		.ascii	"data\000"
 1241      00
 1242              	.LASF43:
 1243 0077 433A5C55 		.ascii	"C:\\Users\\Christopher Kuzma\\Downloads\\Cypress Th"
 1243      73657273 
 1243      5C436872 
 1243      6973746F 
 1243      70686572 
 1244 00a6 696E675C 		.ascii	"ing\\EnvironmentSensing.cydsn\\EnvironmentSensing.c"
 1244      456E7669 
 1244      726F6E6D 
 1244      656E7453 
 1244      656E7369 
 1245 00d7 7964736E 		.ascii	"ydsn\000"
 1245      00
 1246              	.LASF24:
 1247 00dc 72657475 		.ascii	"returnValue\000"
 1247      726E5661 
 1247      6C756500 
 1248              	.LASF40:
 1249 00e8 526F6D56 		.ascii	"RomVectors\000"
 1249      6563746F 
 1249      727300
 1250              	.LASF5:
 1251 00f3 6C6F6E67 		.ascii	"long unsigned int\000"
 1251      20756E73 
ARM GAS  C:\Users\CHRIST~1\AppData\Local\Temp\ccoEAFux.s 			page 33


 1251      69676E65 
 1251      6420696E 
 1251      7400
 1252              	.LASF36:
 1253 0105 63795379 		.ascii	"cySysNoInitDataValid\000"
 1253      734E6F49 
 1253      6E697444 
 1253      61746156 
 1253      616C6964 
 1254              	.LASF9:
 1255 011a 75696E74 		.ascii	"uint8\000"
 1255      3800
 1256              	.LASF33:
 1257 0120 52657365 		.ascii	"Reset\000"
 1257      7400
 1258              	.LASF26:
 1259 0126 5F657869 		.ascii	"_exit\000"
 1259      7400
 1260              	.LASF32:
 1261 012c 496E7444 		.ascii	"IntDefaultHandler\000"
 1261      65666175 
 1261      6C744861 
 1261      6E646C65 
 1261      7200
 1262              	.LASF1:
 1263 013e 756E7369 		.ascii	"unsigned char\000"
 1263      676E6564 
 1263      20636861 
 1263      7200
 1264              	.LASF45:
 1265 014c 5F736272 		.ascii	"_sbrk\000"
 1265      6B00
 1266              	.LASF12:
 1267 0152 646F7562 		.ascii	"double\000"
 1267      6C6500
 1268              	.LASF34:
 1269 0159 696E6974 		.ascii	"initialize_psoc\000"
 1269      69616C69 
 1269      7A655F70 
 1269      736F6300 
 1270              	.LASF10:
 1271 0169 75696E74 		.ascii	"uint32\000"
 1271      333200
 1272              	.LASF35:
 1273 0170 696E6465 		.ascii	"indexInit\000"
 1273      78496E69 
 1273      7400
 1274              	.LASF8:
 1275 017a 756E7369 		.ascii	"unsigned int\000"
 1275      676E6564 
 1275      20696E74 
 1275      00
 1276              	.LASF7:
 1277 0187 6C6F6E67 		.ascii	"long long unsigned int\000"
 1277      206C6F6E 
 1277      6720756E 
 1277      7369676E 
ARM GAS  C:\Users\CHRIST~1\AppData\Local\Temp\ccoEAFux.s 			page 34


 1277      65642069 
 1278              	.LASF41:
 1279 019e 474E5520 		.ascii	"GNU C 4.9.3 20150303 (release) [ARM/embedded-4_9-br"
 1279      4320342E 
 1279      392E3320 
 1279      32303135 
 1279      30333033 
 1280 01d1 616E6368 		.ascii	"anch revision 221220] -mcpu=cortex-m0plus -mthumb -"
 1280      20726576 
 1280      6973696F 
 1280      6E203232 
 1280      31323230 
 1281 0204 67202D4F 		.ascii	"g -O0 -ffunction-sections -ffat-lto-objects\000"
 1281      30202D66 
 1281      66756E63 
 1281      74696F6E 
 1281      2D736563 
 1282              	.LASF30:
 1283 0230 6C696D69 		.ascii	"limit\000"
 1283      7400
 1284              	.LASF14:
 1285 0236 63796973 		.ascii	"cyisraddress\000"
 1285      72616464 
 1285      72657373 
 1285      00
 1286              	.LASF20:
 1287 0243 696E6974 		.ascii	"init_size\000"
 1287      5F73697A 
 1287      6500
 1288              	.LASF17:
 1289 024d 5F5F6379 		.ascii	"__cy_byte_align8\000"
 1289      5F627974 
 1289      655F616C 
 1289      69676E38 
 1289      00
 1290              	.LASF16:
 1291 025e 73697A65 		.ascii	"sizetype\000"
 1291      74797065 
 1291      00
 1292              	.LASF6:
 1293 0267 6C6F6E67 		.ascii	"long long int\000"
 1293      206C6F6E 
 1293      6720696E 
 1293      7400
 1294              	.LASF13:
 1295 0275 63686172 		.ascii	"char\000"
 1295      00
 1296              	.LASF42:
 1297 027a 47656E65 		.ascii	"Generated_Source\\PSoC4\\Cm0plusStart.c\000"
 1297      72617465 
 1297      645F536F 
 1297      75726365 
 1297      5C50536F 
 1298              	.LASF2:
 1299 02a0 73686F72 		.ascii	"short int\000"
 1299      7420696E 
 1299      7400
ARM GAS  C:\Users\CHRIST~1\AppData\Local\Temp\ccoEAFux.s 			page 35


 1300              	.LASF4:
 1301 02aa 6C6F6E67 		.ascii	"long int\000"
 1301      20696E74 
 1301      00
 1302              	.LASF0:
 1303 02b3 7369676E 		.ascii	"signed char\000"
 1303      65642063 
 1303      68617200 
 1304              	.LASF37:
 1305 02bf 5F5F6379 		.ascii	"__cy_regions\000"
 1305      5F726567 
 1305      696F6E73 
 1305      00
 1306              	.LASF28:
 1307 02cc 72656769 		.ascii	"regions\000"
 1307      6F6E7300 
 1308              	.LASF23:
 1309 02d4 6E627974 		.ascii	"nbytes\000"
 1309      657300
 1310              	.LASF44:
 1311 02db 5F5F6379 		.ascii	"__cy_region\000"
 1311      5F726567 
 1311      696F6E00 
 1312              		.ident	"GCC: (GNU Tools for ARM Embedded Processors) 4.9.3 20150303 (release) [ARM/embedded-4_9-br
