ARM GAS  C:\Users\CHRIST~1\AppData\Local\Temp\ccOQwDOw.s 			page 1


   1              		.cpu cortex-m0plus
   2              		.fpu softvfp
   3              		.eabi_attribute 20, 1
   4              		.eabi_attribute 21, 1
   5              		.eabi_attribute 23, 3
   6              		.eabi_attribute 24, 1
   7              		.eabi_attribute 25, 1
   8              		.eabi_attribute 26, 1
   9              		.eabi_attribute 30, 6
  10              		.eabi_attribute 34, 0
  11              		.eabi_attribute 18, 4
  12              		.code	16
  13              		.file	"EzI2C.c"
  14              		.text
  15              	.Ltext0:
  16              		.cfi_sections	.debug_frame
  17              		.global	EzI2C_initVar
  18              		.bss
  19              		.type	EzI2C_initVar, %object
  20              		.size	EzI2C_initVar, 1
  21              	EzI2C_initVar:
  22 0000 00       		.space	1
  23              		.global	EzI2C_customIntrHandler
  24 0001 000000   		.align	2
  25              		.type	EzI2C_customIntrHandler, %object
  26              		.size	EzI2C_customIntrHandler, 4
  27              	EzI2C_customIntrHandler:
  28 0004 00000000 		.space	4
  29              		.section	.text.EzI2C_Init,"ax",%progbits
  30              		.align	2
  31              		.global	EzI2C_Init
  32              		.code	16
  33              		.thumb_func
  34              		.type	EzI2C_Init, %function
  35              	EzI2C_Init:
  36              	.LFB1:
  37              		.file 1 "Generated_Source\\PSoC4\\EzI2C.c"
   1:Generated_Source\PSoC4/EzI2C.c **** /***************************************************************************//**
   2:Generated_Source\PSoC4/EzI2C.c **** * \file EzI2C.c
   3:Generated_Source\PSoC4/EzI2C.c **** * \version 3.20
   4:Generated_Source\PSoC4/EzI2C.c **** *
   5:Generated_Source\PSoC4/EzI2C.c **** * \brief
   6:Generated_Source\PSoC4/EzI2C.c **** *  This file provides the source code to the API for the SCB Component.
   7:Generated_Source\PSoC4/EzI2C.c **** *
   8:Generated_Source\PSoC4/EzI2C.c **** * Note:
   9:Generated_Source\PSoC4/EzI2C.c **** *
  10:Generated_Source\PSoC4/EzI2C.c **** *******************************************************************************
  11:Generated_Source\PSoC4/EzI2C.c **** * \copyright
  12:Generated_Source\PSoC4/EzI2C.c **** * Copyright 2013-2016, Cypress Semiconductor Corporation.  All rights reserved.
  13:Generated_Source\PSoC4/EzI2C.c **** * You may use this file only in accordance with the license, terms, conditions,
  14:Generated_Source\PSoC4/EzI2C.c **** * disclaimers, and limitations in the end user license agreement accompanying
  15:Generated_Source\PSoC4/EzI2C.c **** * the software package with which this file was provided.
  16:Generated_Source\PSoC4/EzI2C.c **** *******************************************************************************/
  17:Generated_Source\PSoC4/EzI2C.c **** 
  18:Generated_Source\PSoC4/EzI2C.c **** #include "EzI2C_PVT.h"
  19:Generated_Source\PSoC4/EzI2C.c **** 
  20:Generated_Source\PSoC4/EzI2C.c **** #if (EzI2C_SCB_MODE_I2C_INC)
ARM GAS  C:\Users\CHRIST~1\AppData\Local\Temp\ccOQwDOw.s 			page 2


  21:Generated_Source\PSoC4/EzI2C.c ****     #include "EzI2C_I2C_PVT.h"
  22:Generated_Source\PSoC4/EzI2C.c **** #endif /* (EzI2C_SCB_MODE_I2C_INC) */
  23:Generated_Source\PSoC4/EzI2C.c **** 
  24:Generated_Source\PSoC4/EzI2C.c **** #if (EzI2C_SCB_MODE_EZI2C_INC)
  25:Generated_Source\PSoC4/EzI2C.c ****     #include "EzI2C_EZI2C_PVT.h"
  26:Generated_Source\PSoC4/EzI2C.c **** #endif /* (EzI2C_SCB_MODE_EZI2C_INC) */
  27:Generated_Source\PSoC4/EzI2C.c **** 
  28:Generated_Source\PSoC4/EzI2C.c **** #if (EzI2C_SCB_MODE_SPI_INC || EzI2C_SCB_MODE_UART_INC)
  29:Generated_Source\PSoC4/EzI2C.c ****     #include "EzI2C_SPI_UART_PVT.h"
  30:Generated_Source\PSoC4/EzI2C.c **** #endif /* (EzI2C_SCB_MODE_SPI_INC || EzI2C_SCB_MODE_UART_INC) */
  31:Generated_Source\PSoC4/EzI2C.c **** 
  32:Generated_Source\PSoC4/EzI2C.c **** 
  33:Generated_Source\PSoC4/EzI2C.c **** /***************************************
  34:Generated_Source\PSoC4/EzI2C.c **** *    Run Time Configuration Vars
  35:Generated_Source\PSoC4/EzI2C.c **** ***************************************/
  36:Generated_Source\PSoC4/EzI2C.c **** 
  37:Generated_Source\PSoC4/EzI2C.c **** /* Stores internal component configuration for Unconfigured mode */
  38:Generated_Source\PSoC4/EzI2C.c **** #if (EzI2C_SCB_MODE_UNCONFIG_CONST_CFG)
  39:Generated_Source\PSoC4/EzI2C.c ****     /* Common configuration variables */
  40:Generated_Source\PSoC4/EzI2C.c ****     uint8 EzI2C_scbMode = EzI2C_SCB_MODE_UNCONFIG;
  41:Generated_Source\PSoC4/EzI2C.c ****     uint8 EzI2C_scbEnableWake;
  42:Generated_Source\PSoC4/EzI2C.c ****     uint8 EzI2C_scbEnableIntr;
  43:Generated_Source\PSoC4/EzI2C.c **** 
  44:Generated_Source\PSoC4/EzI2C.c ****     /* I2C configuration variables */
  45:Generated_Source\PSoC4/EzI2C.c ****     uint8 EzI2C_mode;
  46:Generated_Source\PSoC4/EzI2C.c ****     uint8 EzI2C_acceptAddr;
  47:Generated_Source\PSoC4/EzI2C.c **** 
  48:Generated_Source\PSoC4/EzI2C.c ****     /* SPI/UART configuration variables */
  49:Generated_Source\PSoC4/EzI2C.c ****     volatile uint8 * EzI2C_rxBuffer;
  50:Generated_Source\PSoC4/EzI2C.c ****     uint8  EzI2C_rxDataBits;
  51:Generated_Source\PSoC4/EzI2C.c ****     uint32 EzI2C_rxBufferSize;
  52:Generated_Source\PSoC4/EzI2C.c **** 
  53:Generated_Source\PSoC4/EzI2C.c ****     volatile uint8 * EzI2C_txBuffer;
  54:Generated_Source\PSoC4/EzI2C.c ****     uint8  EzI2C_txDataBits;
  55:Generated_Source\PSoC4/EzI2C.c ****     uint32 EzI2C_txBufferSize;
  56:Generated_Source\PSoC4/EzI2C.c **** 
  57:Generated_Source\PSoC4/EzI2C.c ****     /* EZI2C configuration variables */
  58:Generated_Source\PSoC4/EzI2C.c ****     uint8 EzI2C_numberOfAddr;
  59:Generated_Source\PSoC4/EzI2C.c ****     uint8 EzI2C_subAddrSize;
  60:Generated_Source\PSoC4/EzI2C.c **** #endif /* (EzI2C_SCB_MODE_UNCONFIG_CONST_CFG) */
  61:Generated_Source\PSoC4/EzI2C.c **** 
  62:Generated_Source\PSoC4/EzI2C.c **** 
  63:Generated_Source\PSoC4/EzI2C.c **** /***************************************
  64:Generated_Source\PSoC4/EzI2C.c **** *     Common SCB Vars
  65:Generated_Source\PSoC4/EzI2C.c **** ***************************************/
  66:Generated_Source\PSoC4/EzI2C.c **** /**
  67:Generated_Source\PSoC4/EzI2C.c **** * \addtogroup group_general
  68:Generated_Source\PSoC4/EzI2C.c **** * \{
  69:Generated_Source\PSoC4/EzI2C.c **** */
  70:Generated_Source\PSoC4/EzI2C.c **** 
  71:Generated_Source\PSoC4/EzI2C.c **** /** EzI2C_initVar indicates whether the EzI2C 
  72:Generated_Source\PSoC4/EzI2C.c **** *  component has been initialized. The variable is initialized to 0 
  73:Generated_Source\PSoC4/EzI2C.c **** *  and set to 1 the first time SCB_Start() is called. This allows 
  74:Generated_Source\PSoC4/EzI2C.c **** *  the component to restart without reinitialization after the first 
  75:Generated_Source\PSoC4/EzI2C.c **** *  call to the EzI2C_Start() routine.
  76:Generated_Source\PSoC4/EzI2C.c **** *
  77:Generated_Source\PSoC4/EzI2C.c **** *  If re-initialization of the component is required, then the 
ARM GAS  C:\Users\CHRIST~1\AppData\Local\Temp\ccOQwDOw.s 			page 3


  78:Generated_Source\PSoC4/EzI2C.c **** *  EzI2C_Init() function can be called before the 
  79:Generated_Source\PSoC4/EzI2C.c **** *  EzI2C_Start() or EzI2C_Enable() function.
  80:Generated_Source\PSoC4/EzI2C.c **** */
  81:Generated_Source\PSoC4/EzI2C.c **** uint8 EzI2C_initVar = 0u;
  82:Generated_Source\PSoC4/EzI2C.c **** 
  83:Generated_Source\PSoC4/EzI2C.c **** 
  84:Generated_Source\PSoC4/EzI2C.c **** #if (! (EzI2C_SCB_MODE_I2C_CONST_CFG || \
  85:Generated_Source\PSoC4/EzI2C.c ****         EzI2C_SCB_MODE_EZI2C_CONST_CFG))
  86:Generated_Source\PSoC4/EzI2C.c ****     /** This global variable stores TX interrupt sources after 
  87:Generated_Source\PSoC4/EzI2C.c ****     * EzI2C_Stop() is called. Only these TX interrupt sources 
  88:Generated_Source\PSoC4/EzI2C.c ****     * will be restored on a subsequent EzI2C_Enable() call.
  89:Generated_Source\PSoC4/EzI2C.c ****     */
  90:Generated_Source\PSoC4/EzI2C.c ****     uint16 EzI2C_IntrTxMask = 0u;
  91:Generated_Source\PSoC4/EzI2C.c **** #endif /* (! (EzI2C_SCB_MODE_I2C_CONST_CFG || \
  92:Generated_Source\PSoC4/EzI2C.c ****               EzI2C_SCB_MODE_EZI2C_CONST_CFG)) */
  93:Generated_Source\PSoC4/EzI2C.c **** /** \} globals */
  94:Generated_Source\PSoC4/EzI2C.c **** 
  95:Generated_Source\PSoC4/EzI2C.c **** #if (EzI2C_SCB_IRQ_INTERNAL)
  96:Generated_Source\PSoC4/EzI2C.c **** #if !defined (CY_REMOVE_EzI2C_CUSTOM_INTR_HANDLER)
  97:Generated_Source\PSoC4/EzI2C.c ****     void (*EzI2C_customIntrHandler)(void) = NULL;
  98:Generated_Source\PSoC4/EzI2C.c **** #endif /* !defined (CY_REMOVE_EzI2C_CUSTOM_INTR_HANDLER) */
  99:Generated_Source\PSoC4/EzI2C.c **** #endif /* (EzI2C_SCB_IRQ_INTERNAL) */
 100:Generated_Source\PSoC4/EzI2C.c **** 
 101:Generated_Source\PSoC4/EzI2C.c **** 
 102:Generated_Source\PSoC4/EzI2C.c **** /***************************************
 103:Generated_Source\PSoC4/EzI2C.c **** *    Private Function Prototypes
 104:Generated_Source\PSoC4/EzI2C.c **** ***************************************/
 105:Generated_Source\PSoC4/EzI2C.c **** 
 106:Generated_Source\PSoC4/EzI2C.c **** static void EzI2C_ScbEnableIntr(void);
 107:Generated_Source\PSoC4/EzI2C.c **** static void EzI2C_ScbModeStop(void);
 108:Generated_Source\PSoC4/EzI2C.c **** static void EzI2C_ScbModePostEnable(void);
 109:Generated_Source\PSoC4/EzI2C.c **** 
 110:Generated_Source\PSoC4/EzI2C.c **** 
 111:Generated_Source\PSoC4/EzI2C.c **** /*******************************************************************************
 112:Generated_Source\PSoC4/EzI2C.c **** * Function Name: EzI2C_Init
 113:Generated_Source\PSoC4/EzI2C.c **** ****************************************************************************//**
 114:Generated_Source\PSoC4/EzI2C.c **** *
 115:Generated_Source\PSoC4/EzI2C.c **** *  Initializes the EzI2C component to operate in one of the selected
 116:Generated_Source\PSoC4/EzI2C.c **** *  configurations: I2C, SPI, UART or EZI2C.
 117:Generated_Source\PSoC4/EzI2C.c **** *  When the configuration is set to "Unconfigured SCB", this function does
 118:Generated_Source\PSoC4/EzI2C.c **** *  not do any initialization. Use mode-specific initialization APIs instead:
 119:Generated_Source\PSoC4/EzI2C.c **** *  EzI2C_I2CInit, EzI2C_SpiInit, 
 120:Generated_Source\PSoC4/EzI2C.c **** *  EzI2C_UartInit or EzI2C_EzI2CInit.
 121:Generated_Source\PSoC4/EzI2C.c **** *
 122:Generated_Source\PSoC4/EzI2C.c **** *******************************************************************************/
 123:Generated_Source\PSoC4/EzI2C.c **** void EzI2C_Init(void)
 124:Generated_Source\PSoC4/EzI2C.c **** {
  38              		.loc 1 124 0
  39              		.cfi_startproc
  40 0000 80B5     		push	{r7, lr}
  41              		.cfi_def_cfa_offset 8
  42              		.cfi_offset 7, -8
  43              		.cfi_offset 14, -4
  44 0002 00AF     		add	r7, sp, #0
  45              		.cfi_def_cfa_register 7
 125:Generated_Source\PSoC4/EzI2C.c **** #if (EzI2C_SCB_MODE_UNCONFIG_CONST_CFG)
 126:Generated_Source\PSoC4/EzI2C.c ****     if (EzI2C_SCB_MODE_UNCONFIG_RUNTM_CFG)
ARM GAS  C:\Users\CHRIST~1\AppData\Local\Temp\ccOQwDOw.s 			page 4


 127:Generated_Source\PSoC4/EzI2C.c ****     {
 128:Generated_Source\PSoC4/EzI2C.c ****         EzI2C_initVar = 0u;
 129:Generated_Source\PSoC4/EzI2C.c ****     }
 130:Generated_Source\PSoC4/EzI2C.c ****     else
 131:Generated_Source\PSoC4/EzI2C.c ****     {
 132:Generated_Source\PSoC4/EzI2C.c ****         /* Initialization was done before this function call */
 133:Generated_Source\PSoC4/EzI2C.c ****     }
 134:Generated_Source\PSoC4/EzI2C.c **** 
 135:Generated_Source\PSoC4/EzI2C.c **** #elif (EzI2C_SCB_MODE_I2C_CONST_CFG)
 136:Generated_Source\PSoC4/EzI2C.c ****     EzI2C_I2CInit();
 137:Generated_Source\PSoC4/EzI2C.c **** 
 138:Generated_Source\PSoC4/EzI2C.c **** #elif (EzI2C_SCB_MODE_SPI_CONST_CFG)
 139:Generated_Source\PSoC4/EzI2C.c ****     EzI2C_SpiInit();
 140:Generated_Source\PSoC4/EzI2C.c **** 
 141:Generated_Source\PSoC4/EzI2C.c **** #elif (EzI2C_SCB_MODE_UART_CONST_CFG)
 142:Generated_Source\PSoC4/EzI2C.c ****     EzI2C_UartInit();
 143:Generated_Source\PSoC4/EzI2C.c **** 
 144:Generated_Source\PSoC4/EzI2C.c **** #elif (EzI2C_SCB_MODE_EZI2C_CONST_CFG)
 145:Generated_Source\PSoC4/EzI2C.c ****     EzI2C_EzI2CInit();
  46              		.loc 1 145 0
  47 0004 FFF7FEFF 		bl	EzI2C_EzI2CInit
 146:Generated_Source\PSoC4/EzI2C.c **** 
 147:Generated_Source\PSoC4/EzI2C.c **** #endif /* (EzI2C_SCB_MODE_UNCONFIG_CONST_CFG) */
 148:Generated_Source\PSoC4/EzI2C.c **** }
  48              		.loc 1 148 0
  49 0008 BD46     		mov	sp, r7
  50              		@ sp needed
  51 000a 80BD     		pop	{r7, pc}
  52              		.cfi_endproc
  53              	.LFE1:
  54              		.size	EzI2C_Init, .-EzI2C_Init
  55              		.section	.text.EzI2C_Enable,"ax",%progbits
  56              		.align	2
  57              		.global	EzI2C_Enable
  58              		.code	16
  59              		.thumb_func
  60              		.type	EzI2C_Enable, %function
  61              	EzI2C_Enable:
  62              	.LFB2:
 149:Generated_Source\PSoC4/EzI2C.c **** 
 150:Generated_Source\PSoC4/EzI2C.c **** 
 151:Generated_Source\PSoC4/EzI2C.c **** /*******************************************************************************
 152:Generated_Source\PSoC4/EzI2C.c **** * Function Name: EzI2C_Enable
 153:Generated_Source\PSoC4/EzI2C.c **** ****************************************************************************//**
 154:Generated_Source\PSoC4/EzI2C.c **** *
 155:Generated_Source\PSoC4/EzI2C.c **** *  Enables EzI2C component operation: activates the hardware and 
 156:Generated_Source\PSoC4/EzI2C.c **** *  internal interrupt. It also restores TX interrupt sources disabled after the 
 157:Generated_Source\PSoC4/EzI2C.c **** *  EzI2C_Stop() function was called (note that level-triggered TX 
 158:Generated_Source\PSoC4/EzI2C.c **** *  interrupt sources remain disabled to not cause code lock-up).
 159:Generated_Source\PSoC4/EzI2C.c **** *  For I2C and EZI2C modes the interrupt is internal and mandatory for 
 160:Generated_Source\PSoC4/EzI2C.c **** *  operation. For SPI and UART modes the interrupt can be configured as none, 
 161:Generated_Source\PSoC4/EzI2C.c **** *  internal or external.
 162:Generated_Source\PSoC4/EzI2C.c **** *  The EzI2C configuration should be not changed when the component
 163:Generated_Source\PSoC4/EzI2C.c **** *  is enabled. Any configuration changes should be made after disabling the 
 164:Generated_Source\PSoC4/EzI2C.c **** *  component.
 165:Generated_Source\PSoC4/EzI2C.c **** *  When configuration is set to “Unconfigured EzI2C”, the component 
 166:Generated_Source\PSoC4/EzI2C.c **** *  must first be initialized to operate in one of the following configurations: 
ARM GAS  C:\Users\CHRIST~1\AppData\Local\Temp\ccOQwDOw.s 			page 5


 167:Generated_Source\PSoC4/EzI2C.c **** *  I2C, SPI, UART or EZ I2C, using the mode-specific initialization API. 
 168:Generated_Source\PSoC4/EzI2C.c **** *  Otherwise this function does not enable the component.
 169:Generated_Source\PSoC4/EzI2C.c **** *
 170:Generated_Source\PSoC4/EzI2C.c **** *******************************************************************************/
 171:Generated_Source\PSoC4/EzI2C.c **** void EzI2C_Enable(void)
 172:Generated_Source\PSoC4/EzI2C.c **** {
  63              		.loc 1 172 0
  64              		.cfi_startproc
  65 0000 80B5     		push	{r7, lr}
  66              		.cfi_def_cfa_offset 8
  67              		.cfi_offset 7, -8
  68              		.cfi_offset 14, -4
  69 0002 00AF     		add	r7, sp, #0
  70              		.cfi_def_cfa_register 7
 173:Generated_Source\PSoC4/EzI2C.c **** #if (EzI2C_SCB_MODE_UNCONFIG_CONST_CFG)
 174:Generated_Source\PSoC4/EzI2C.c ****     /* Enable SCB block, only if it is already configured */
 175:Generated_Source\PSoC4/EzI2C.c ****     if (!EzI2C_SCB_MODE_UNCONFIG_RUNTM_CFG)
 176:Generated_Source\PSoC4/EzI2C.c ****     {
 177:Generated_Source\PSoC4/EzI2C.c ****         EzI2C_CTRL_REG |= EzI2C_CTRL_ENABLED;
 178:Generated_Source\PSoC4/EzI2C.c **** 
 179:Generated_Source\PSoC4/EzI2C.c ****         EzI2C_ScbEnableIntr();
 180:Generated_Source\PSoC4/EzI2C.c **** 
 181:Generated_Source\PSoC4/EzI2C.c ****         /* Call PostEnable function specific to current operation mode */
 182:Generated_Source\PSoC4/EzI2C.c ****         EzI2C_ScbModePostEnable();
 183:Generated_Source\PSoC4/EzI2C.c ****     }
 184:Generated_Source\PSoC4/EzI2C.c **** #else
 185:Generated_Source\PSoC4/EzI2C.c ****     EzI2C_CTRL_REG |= EzI2C_CTRL_ENABLED;
  71              		.loc 1 185 0
  72 0004 064B     		ldr	r3, .L3
  73 0006 064A     		ldr	r2, .L3
  74 0008 1268     		ldr	r2, [r2]
  75 000a 8021     		mov	r1, #128
  76 000c 0906     		lsl	r1, r1, #24
  77 000e 0A43     		orr	r2, r1
  78 0010 1A60     		str	r2, [r3]
 186:Generated_Source\PSoC4/EzI2C.c **** 
 187:Generated_Source\PSoC4/EzI2C.c ****     EzI2C_ScbEnableIntr();
  79              		.loc 1 187 0
  80 0012 FFF7FEFF 		bl	EzI2C_ScbEnableIntr
 188:Generated_Source\PSoC4/EzI2C.c **** 
 189:Generated_Source\PSoC4/EzI2C.c ****     /* Call PostEnable function specific to current operation mode */
 190:Generated_Source\PSoC4/EzI2C.c ****     EzI2C_ScbModePostEnable();
  81              		.loc 1 190 0
  82 0016 FFF7FEFF 		bl	EzI2C_ScbModePostEnable
 191:Generated_Source\PSoC4/EzI2C.c **** #endif /* (EzI2C_SCB_MODE_UNCONFIG_CONST_CFG) */
 192:Generated_Source\PSoC4/EzI2C.c **** }
  83              		.loc 1 192 0
  84 001a BD46     		mov	sp, r7
  85              		@ sp needed
  86 001c 80BD     		pop	{r7, pc}
  87              	.L4:
  88 001e C046     		.align	2
  89              	.L3:
  90 0020 00000940 		.word	1074331648
  91              		.cfi_endproc
  92              	.LFE2:
  93              		.size	EzI2C_Enable, .-EzI2C_Enable
ARM GAS  C:\Users\CHRIST~1\AppData\Local\Temp\ccOQwDOw.s 			page 6


  94              		.section	.text.EzI2C_Start,"ax",%progbits
  95              		.align	2
  96              		.global	EzI2C_Start
  97              		.code	16
  98              		.thumb_func
  99              		.type	EzI2C_Start, %function
 100              	EzI2C_Start:
 101              	.LFB3:
 193:Generated_Source\PSoC4/EzI2C.c **** 
 194:Generated_Source\PSoC4/EzI2C.c **** 
 195:Generated_Source\PSoC4/EzI2C.c **** /*******************************************************************************
 196:Generated_Source\PSoC4/EzI2C.c **** * Function Name: EzI2C_Start
 197:Generated_Source\PSoC4/EzI2C.c **** ****************************************************************************//**
 198:Generated_Source\PSoC4/EzI2C.c **** *
 199:Generated_Source\PSoC4/EzI2C.c **** *  Invokes EzI2C_Init() and EzI2C_Enable().
 200:Generated_Source\PSoC4/EzI2C.c **** *  After this function call, the component is enabled and ready for operation.
 201:Generated_Source\PSoC4/EzI2C.c **** *  When configuration is set to "Unconfigured SCB", the component must first be
 202:Generated_Source\PSoC4/EzI2C.c **** *  initialized to operate in one of the following configurations: I2C, SPI, UART
 203:Generated_Source\PSoC4/EzI2C.c **** *  or EZI2C. Otherwise this function does not enable the component.
 204:Generated_Source\PSoC4/EzI2C.c **** *
 205:Generated_Source\PSoC4/EzI2C.c **** * \globalvars
 206:Generated_Source\PSoC4/EzI2C.c **** *  EzI2C_initVar - used to check initial configuration, modified
 207:Generated_Source\PSoC4/EzI2C.c **** *  on first function call.
 208:Generated_Source\PSoC4/EzI2C.c **** *
 209:Generated_Source\PSoC4/EzI2C.c **** *******************************************************************************/
 210:Generated_Source\PSoC4/EzI2C.c **** void EzI2C_Start(void)
 211:Generated_Source\PSoC4/EzI2C.c **** {
 102              		.loc 1 211 0
 103              		.cfi_startproc
 104 0000 80B5     		push	{r7, lr}
 105              		.cfi_def_cfa_offset 8
 106              		.cfi_offset 7, -8
 107              		.cfi_offset 14, -4
 108 0002 00AF     		add	r7, sp, #0
 109              		.cfi_def_cfa_register 7
 212:Generated_Source\PSoC4/EzI2C.c ****     if (0u == EzI2C_initVar)
 110              		.loc 1 212 0
 111 0004 064B     		ldr	r3, .L7
 112 0006 1B78     		ldrb	r3, [r3]
 113 0008 002B     		cmp	r3, #0
 114 000a 04D1     		bne	.L6
 213:Generated_Source\PSoC4/EzI2C.c ****     {
 214:Generated_Source\PSoC4/EzI2C.c ****         EzI2C_Init();
 115              		.loc 1 214 0
 116 000c FFF7FEFF 		bl	EzI2C_Init
 215:Generated_Source\PSoC4/EzI2C.c ****         EzI2C_initVar = 1u; /* Component was initialized */
 117              		.loc 1 215 0
 118 0010 034B     		ldr	r3, .L7
 119 0012 0122     		mov	r2, #1
 120 0014 1A70     		strb	r2, [r3]
 121              	.L6:
 216:Generated_Source\PSoC4/EzI2C.c ****     }
 217:Generated_Source\PSoC4/EzI2C.c **** 
 218:Generated_Source\PSoC4/EzI2C.c ****     EzI2C_Enable();
 122              		.loc 1 218 0
 123 0016 FFF7FEFF 		bl	EzI2C_Enable
 219:Generated_Source\PSoC4/EzI2C.c **** }
ARM GAS  C:\Users\CHRIST~1\AppData\Local\Temp\ccOQwDOw.s 			page 7


 124              		.loc 1 219 0
 125 001a BD46     		mov	sp, r7
 126              		@ sp needed
 127 001c 80BD     		pop	{r7, pc}
 128              	.L8:
 129 001e C046     		.align	2
 130              	.L7:
 131 0020 00000000 		.word	EzI2C_initVar
 132              		.cfi_endproc
 133              	.LFE3:
 134              		.size	EzI2C_Start, .-EzI2C_Start
 135              		.section	.text.EzI2C_Stop,"ax",%progbits
 136              		.align	2
 137              		.global	EzI2C_Stop
 138              		.code	16
 139              		.thumb_func
 140              		.type	EzI2C_Stop, %function
 141              	EzI2C_Stop:
 142              	.LFB4:
 220:Generated_Source\PSoC4/EzI2C.c **** 
 221:Generated_Source\PSoC4/EzI2C.c **** 
 222:Generated_Source\PSoC4/EzI2C.c **** /*******************************************************************************
 223:Generated_Source\PSoC4/EzI2C.c **** * Function Name: EzI2C_Stop
 224:Generated_Source\PSoC4/EzI2C.c **** ****************************************************************************//**
 225:Generated_Source\PSoC4/EzI2C.c **** *
 226:Generated_Source\PSoC4/EzI2C.c **** *  Disables the EzI2C component: disable the hardware and internal 
 227:Generated_Source\PSoC4/EzI2C.c **** *  interrupt. It also disables all TX interrupt sources so as not to cause an 
 228:Generated_Source\PSoC4/EzI2C.c **** *  unexpected interrupt trigger because after the component is enabled, the 
 229:Generated_Source\PSoC4/EzI2C.c **** *  TX FIFO is empty.
 230:Generated_Source\PSoC4/EzI2C.c **** *  Refer to the function EzI2C_Enable() for the interrupt 
 231:Generated_Source\PSoC4/EzI2C.c **** *  configuration details.
 232:Generated_Source\PSoC4/EzI2C.c **** *  This function disables the SCB component without checking to see if 
 233:Generated_Source\PSoC4/EzI2C.c **** *  communication is in progress. Before calling this function it may be 
 234:Generated_Source\PSoC4/EzI2C.c **** *  necessary to check the status of communication to make sure communication 
 235:Generated_Source\PSoC4/EzI2C.c **** *  is complete. If this is not done then communication could be stopped mid 
 236:Generated_Source\PSoC4/EzI2C.c **** *  byte and corrupted data could result.
 237:Generated_Source\PSoC4/EzI2C.c **** *
 238:Generated_Source\PSoC4/EzI2C.c **** *******************************************************************************/
 239:Generated_Source\PSoC4/EzI2C.c **** void EzI2C_Stop(void)
 240:Generated_Source\PSoC4/EzI2C.c **** {
 143              		.loc 1 240 0
 144              		.cfi_startproc
 145 0000 80B5     		push	{r7, lr}
 146              		.cfi_def_cfa_offset 8
 147              		.cfi_offset 7, -8
 148              		.cfi_offset 14, -4
 149 0002 00AF     		add	r7, sp, #0
 150              		.cfi_def_cfa_register 7
 241:Generated_Source\PSoC4/EzI2C.c **** #if (EzI2C_SCB_IRQ_INTERNAL)
 242:Generated_Source\PSoC4/EzI2C.c ****     EzI2C_DisableInt();
 151              		.loc 1 242 0
 152 0004 0A20     		mov	r0, #10
 153 0006 FFF7FEFF 		bl	CyIntDisable
 243:Generated_Source\PSoC4/EzI2C.c **** #endif /* (EzI2C_SCB_IRQ_INTERNAL) */
 244:Generated_Source\PSoC4/EzI2C.c **** 
 245:Generated_Source\PSoC4/EzI2C.c ****     /* Call Stop function specific to current operation mode */
 246:Generated_Source\PSoC4/EzI2C.c ****     EzI2C_ScbModeStop();
ARM GAS  C:\Users\CHRIST~1\AppData\Local\Temp\ccOQwDOw.s 			page 8


 154              		.loc 1 246 0
 155 000a FFF7FEFF 		bl	EzI2C_ScbModeStop
 247:Generated_Source\PSoC4/EzI2C.c **** 
 248:Generated_Source\PSoC4/EzI2C.c ****     /* Disable SCB IP */
 249:Generated_Source\PSoC4/EzI2C.c ****     EzI2C_CTRL_REG &= (uint32) ~EzI2C_CTRL_ENABLED;
 156              		.loc 1 249 0
 157 000e 074B     		ldr	r3, .L10
 158 0010 064A     		ldr	r2, .L10
 159 0012 1268     		ldr	r2, [r2]
 160 0014 5200     		lsl	r2, r2, #1
 161 0016 5208     		lsr	r2, r2, #1
 162 0018 1A60     		str	r2, [r3]
 250:Generated_Source\PSoC4/EzI2C.c **** 
 251:Generated_Source\PSoC4/EzI2C.c ****     /* Disable all TX interrupt sources so as not to cause an unexpected
 252:Generated_Source\PSoC4/EzI2C.c ****     * interrupt trigger after the component will be enabled because the 
 253:Generated_Source\PSoC4/EzI2C.c ****     * TX FIFO is empty.
 254:Generated_Source\PSoC4/EzI2C.c ****     * For SCB IP v0, it is critical as it does not mask-out interrupt
 255:Generated_Source\PSoC4/EzI2C.c ****     * sources when it is disabled. This can cause a code lock-up in the
 256:Generated_Source\PSoC4/EzI2C.c ****     * interrupt handler because TX FIFO cannot be loaded after the block
 257:Generated_Source\PSoC4/EzI2C.c ****     * is disabled.
 258:Generated_Source\PSoC4/EzI2C.c ****     */
 259:Generated_Source\PSoC4/EzI2C.c ****     EzI2C_SetTxInterruptMode(EzI2C_NO_INTR_SOURCES);
 163              		.loc 1 259 0
 164 001a 054B     		ldr	r3, .L10+4
 165 001c 0022     		mov	r2, #0
 166 001e 1A60     		str	r2, [r3]
 260:Generated_Source\PSoC4/EzI2C.c **** 
 261:Generated_Source\PSoC4/EzI2C.c **** #if (EzI2C_SCB_IRQ_INTERNAL)
 262:Generated_Source\PSoC4/EzI2C.c ****     EzI2C_ClearPendingInt();
 167              		.loc 1 262 0
 168 0020 0A20     		mov	r0, #10
 169 0022 FFF7FEFF 		bl	CyIntClearPending
 263:Generated_Source\PSoC4/EzI2C.c **** #endif /* (EzI2C_SCB_IRQ_INTERNAL) */
 264:Generated_Source\PSoC4/EzI2C.c **** }
 170              		.loc 1 264 0
 171 0026 BD46     		mov	sp, r7
 172              		@ sp needed
 173 0028 80BD     		pop	{r7, pc}
 174              	.L11:
 175 002a C046     		.align	2
 176              	.L10:
 177 002c 00000940 		.word	1074331648
 178 0030 880F0940 		.word	1074335624
 179              		.cfi_endproc
 180              	.LFE4:
 181              		.size	EzI2C_Stop, .-EzI2C_Stop
 182              		.section	.text.EzI2C_SetRxFifoLevel,"ax",%progbits
 183              		.align	2
 184              		.global	EzI2C_SetRxFifoLevel
 185              		.code	16
 186              		.thumb_func
 187              		.type	EzI2C_SetRxFifoLevel, %function
 188              	EzI2C_SetRxFifoLevel:
 189              	.LFB5:
 265:Generated_Source\PSoC4/EzI2C.c **** 
 266:Generated_Source\PSoC4/EzI2C.c **** 
 267:Generated_Source\PSoC4/EzI2C.c **** /*******************************************************************************
ARM GAS  C:\Users\CHRIST~1\AppData\Local\Temp\ccOQwDOw.s 			page 9


 268:Generated_Source\PSoC4/EzI2C.c **** * Function Name: EzI2C_SetRxFifoLevel
 269:Generated_Source\PSoC4/EzI2C.c **** ****************************************************************************//**
 270:Generated_Source\PSoC4/EzI2C.c **** *
 271:Generated_Source\PSoC4/EzI2C.c **** *  Sets level in the RX FIFO to generate a RX level interrupt.
 272:Generated_Source\PSoC4/EzI2C.c **** *  When the RX FIFO has more entries than the RX FIFO level an RX level
 273:Generated_Source\PSoC4/EzI2C.c **** *  interrupt request is generated.
 274:Generated_Source\PSoC4/EzI2C.c **** *
 275:Generated_Source\PSoC4/EzI2C.c **** *  \param level: Level in the RX FIFO to generate RX level interrupt.
 276:Generated_Source\PSoC4/EzI2C.c **** *   The range of valid level values is between 0 and RX FIFO depth - 1.
 277:Generated_Source\PSoC4/EzI2C.c **** *
 278:Generated_Source\PSoC4/EzI2C.c **** *******************************************************************************/
 279:Generated_Source\PSoC4/EzI2C.c **** void EzI2C_SetRxFifoLevel(uint32 level)
 280:Generated_Source\PSoC4/EzI2C.c **** {
 190              		.loc 1 280 0
 191              		.cfi_startproc
 192 0000 80B5     		push	{r7, lr}
 193              		.cfi_def_cfa_offset 8
 194              		.cfi_offset 7, -8
 195              		.cfi_offset 14, -4
 196 0002 84B0     		sub	sp, sp, #16
 197              		.cfi_def_cfa_offset 24
 198 0004 00AF     		add	r7, sp, #0
 199              		.cfi_def_cfa_register 7
 200 0006 7860     		str	r0, [r7, #4]
 281:Generated_Source\PSoC4/EzI2C.c ****     uint32 rxFifoCtrl;
 282:Generated_Source\PSoC4/EzI2C.c **** 
 283:Generated_Source\PSoC4/EzI2C.c ****     rxFifoCtrl = EzI2C_RX_FIFO_CTRL_REG;
 201              		.loc 1 283 0
 202 0008 094B     		ldr	r3, .L13
 203 000a 1B68     		ldr	r3, [r3]
 204 000c FB60     		str	r3, [r7, #12]
 284:Generated_Source\PSoC4/EzI2C.c **** 
 285:Generated_Source\PSoC4/EzI2C.c ****     rxFifoCtrl &= ((uint32) ~EzI2C_RX_FIFO_CTRL_TRIGGER_LEVEL_MASK); /* Clear level mask bits */
 205              		.loc 1 285 0
 206 000e FB68     		ldr	r3, [r7, #12]
 207 0010 0F22     		mov	r2, #15
 208 0012 9343     		bic	r3, r2
 209 0014 FB60     		str	r3, [r7, #12]
 286:Generated_Source\PSoC4/EzI2C.c ****     rxFifoCtrl |= ((uint32) (EzI2C_RX_FIFO_CTRL_TRIGGER_LEVEL_MASK & level));
 210              		.loc 1 286 0
 211 0016 7B68     		ldr	r3, [r7, #4]
 212 0018 0F22     		mov	r2, #15
 213 001a 1340     		and	r3, r2
 214 001c FA68     		ldr	r2, [r7, #12]
 215 001e 1343     		orr	r3, r2
 216 0020 FB60     		str	r3, [r7, #12]
 287:Generated_Source\PSoC4/EzI2C.c **** 
 288:Generated_Source\PSoC4/EzI2C.c ****     EzI2C_RX_FIFO_CTRL_REG = rxFifoCtrl;
 217              		.loc 1 288 0
 218 0022 034B     		ldr	r3, .L13
 219 0024 FA68     		ldr	r2, [r7, #12]
 220 0026 1A60     		str	r2, [r3]
 289:Generated_Source\PSoC4/EzI2C.c **** }
 221              		.loc 1 289 0
 222 0028 BD46     		mov	sp, r7
 223 002a 04B0     		add	sp, sp, #16
 224              		@ sp needed
ARM GAS  C:\Users\CHRIST~1\AppData\Local\Temp\ccOQwDOw.s 			page 10


 225 002c 80BD     		pop	{r7, pc}
 226              	.L14:
 227 002e C046     		.align	2
 228              	.L13:
 229 0030 04030940 		.word	1074332420
 230              		.cfi_endproc
 231              	.LFE5:
 232              		.size	EzI2C_SetRxFifoLevel, .-EzI2C_SetRxFifoLevel
 233              		.section	.text.EzI2C_SetTxFifoLevel,"ax",%progbits
 234              		.align	2
 235              		.global	EzI2C_SetTxFifoLevel
 236              		.code	16
 237              		.thumb_func
 238              		.type	EzI2C_SetTxFifoLevel, %function
 239              	EzI2C_SetTxFifoLevel:
 240              	.LFB6:
 290:Generated_Source\PSoC4/EzI2C.c **** 
 291:Generated_Source\PSoC4/EzI2C.c **** 
 292:Generated_Source\PSoC4/EzI2C.c **** /*******************************************************************************
 293:Generated_Source\PSoC4/EzI2C.c **** * Function Name: EzI2C_SetTxFifoLevel
 294:Generated_Source\PSoC4/EzI2C.c **** ****************************************************************************//**
 295:Generated_Source\PSoC4/EzI2C.c **** *
 296:Generated_Source\PSoC4/EzI2C.c **** *  Sets level in the TX FIFO to generate a TX level interrupt.
 297:Generated_Source\PSoC4/EzI2C.c **** *  When the TX FIFO has less entries than the TX FIFO level an TX level
 298:Generated_Source\PSoC4/EzI2C.c **** *  interrupt request is generated.
 299:Generated_Source\PSoC4/EzI2C.c **** *
 300:Generated_Source\PSoC4/EzI2C.c **** *  \param level: Level in the TX FIFO to generate TX level interrupt.
 301:Generated_Source\PSoC4/EzI2C.c **** *   The range of valid level values is between 0 and TX FIFO depth - 1.
 302:Generated_Source\PSoC4/EzI2C.c **** *
 303:Generated_Source\PSoC4/EzI2C.c **** *******************************************************************************/
 304:Generated_Source\PSoC4/EzI2C.c **** void EzI2C_SetTxFifoLevel(uint32 level)
 305:Generated_Source\PSoC4/EzI2C.c **** {
 241              		.loc 1 305 0
 242              		.cfi_startproc
 243 0000 80B5     		push	{r7, lr}
 244              		.cfi_def_cfa_offset 8
 245              		.cfi_offset 7, -8
 246              		.cfi_offset 14, -4
 247 0002 84B0     		sub	sp, sp, #16
 248              		.cfi_def_cfa_offset 24
 249 0004 00AF     		add	r7, sp, #0
 250              		.cfi_def_cfa_register 7
 251 0006 7860     		str	r0, [r7, #4]
 306:Generated_Source\PSoC4/EzI2C.c ****     uint32 txFifoCtrl;
 307:Generated_Source\PSoC4/EzI2C.c **** 
 308:Generated_Source\PSoC4/EzI2C.c ****     txFifoCtrl = EzI2C_TX_FIFO_CTRL_REG;
 252              		.loc 1 308 0
 253 0008 094B     		ldr	r3, .L16
 254 000a 1B68     		ldr	r3, [r3]
 255 000c FB60     		str	r3, [r7, #12]
 309:Generated_Source\PSoC4/EzI2C.c **** 
 310:Generated_Source\PSoC4/EzI2C.c ****     txFifoCtrl &= ((uint32) ~EzI2C_TX_FIFO_CTRL_TRIGGER_LEVEL_MASK); /* Clear level mask bits */
 256              		.loc 1 310 0
 257 000e FB68     		ldr	r3, [r7, #12]
 258 0010 0F22     		mov	r2, #15
 259 0012 9343     		bic	r3, r2
 260 0014 FB60     		str	r3, [r7, #12]
ARM GAS  C:\Users\CHRIST~1\AppData\Local\Temp\ccOQwDOw.s 			page 11


 311:Generated_Source\PSoC4/EzI2C.c ****     txFifoCtrl |= ((uint32) (EzI2C_TX_FIFO_CTRL_TRIGGER_LEVEL_MASK & level));
 261              		.loc 1 311 0
 262 0016 7B68     		ldr	r3, [r7, #4]
 263 0018 0F22     		mov	r2, #15
 264 001a 1340     		and	r3, r2
 265 001c FA68     		ldr	r2, [r7, #12]
 266 001e 1343     		orr	r3, r2
 267 0020 FB60     		str	r3, [r7, #12]
 312:Generated_Source\PSoC4/EzI2C.c **** 
 313:Generated_Source\PSoC4/EzI2C.c ****     EzI2C_TX_FIFO_CTRL_REG = txFifoCtrl;
 268              		.loc 1 313 0
 269 0022 034B     		ldr	r3, .L16
 270 0024 FA68     		ldr	r2, [r7, #12]
 271 0026 1A60     		str	r2, [r3]
 314:Generated_Source\PSoC4/EzI2C.c **** }
 272              		.loc 1 314 0
 273 0028 BD46     		mov	sp, r7
 274 002a 04B0     		add	sp, sp, #16
 275              		@ sp needed
 276 002c 80BD     		pop	{r7, pc}
 277              	.L17:
 278 002e C046     		.align	2
 279              	.L16:
 280 0030 04020940 		.word	1074332164
 281              		.cfi_endproc
 282              	.LFE6:
 283              		.size	EzI2C_SetTxFifoLevel, .-EzI2C_SetTxFifoLevel
 284              		.section	.text.EzI2C_SetCustomInterruptHandler,"ax",%progbits
 285              		.align	2
 286              		.global	EzI2C_SetCustomInterruptHandler
 287              		.code	16
 288              		.thumb_func
 289              		.type	EzI2C_SetCustomInterruptHandler, %function
 290              	EzI2C_SetCustomInterruptHandler:
 291              	.LFB7:
 315:Generated_Source\PSoC4/EzI2C.c **** 
 316:Generated_Source\PSoC4/EzI2C.c **** 
 317:Generated_Source\PSoC4/EzI2C.c **** #if (EzI2C_SCB_IRQ_INTERNAL)
 318:Generated_Source\PSoC4/EzI2C.c ****     /*******************************************************************************
 319:Generated_Source\PSoC4/EzI2C.c ****     * Function Name: EzI2C_SetCustomInterruptHandler
 320:Generated_Source\PSoC4/EzI2C.c ****     ****************************************************************************//**
 321:Generated_Source\PSoC4/EzI2C.c ****     *
 322:Generated_Source\PSoC4/EzI2C.c ****     *  Registers a function to be called by the internal interrupt handler.
 323:Generated_Source\PSoC4/EzI2C.c ****     *  First the function that is registered is called, then the internal interrupt
 324:Generated_Source\PSoC4/EzI2C.c ****     *  handler performs any operation such as software buffer management functions
 325:Generated_Source\PSoC4/EzI2C.c ****     *  before the interrupt returns.  It is the user's responsibility not to break
 326:Generated_Source\PSoC4/EzI2C.c ****     *  the software buffer operations. Only one custom handler is supported, which
 327:Generated_Source\PSoC4/EzI2C.c ****     *  is the function provided by the most recent call.
 328:Generated_Source\PSoC4/EzI2C.c ****     *  At the initialization time no custom handler is registered.
 329:Generated_Source\PSoC4/EzI2C.c ****     *
 330:Generated_Source\PSoC4/EzI2C.c ****     *  \param func: Pointer to the function to register.
 331:Generated_Source\PSoC4/EzI2C.c ****     *        The value NULL indicates to remove the current custom interrupt
 332:Generated_Source\PSoC4/EzI2C.c ****     *        handler.
 333:Generated_Source\PSoC4/EzI2C.c ****     *
 334:Generated_Source\PSoC4/EzI2C.c ****     *******************************************************************************/
 335:Generated_Source\PSoC4/EzI2C.c ****     void EzI2C_SetCustomInterruptHandler(void (*func)(void))
 336:Generated_Source\PSoC4/EzI2C.c ****     {
ARM GAS  C:\Users\CHRIST~1\AppData\Local\Temp\ccOQwDOw.s 			page 12


 292              		.loc 1 336 0
 293              		.cfi_startproc
 294 0000 80B5     		push	{r7, lr}
 295              		.cfi_def_cfa_offset 8
 296              		.cfi_offset 7, -8
 297              		.cfi_offset 14, -4
 298 0002 82B0     		sub	sp, sp, #8
 299              		.cfi_def_cfa_offset 16
 300 0004 00AF     		add	r7, sp, #0
 301              		.cfi_def_cfa_register 7
 302 0006 7860     		str	r0, [r7, #4]
 337:Generated_Source\PSoC4/EzI2C.c ****     #if !defined (CY_REMOVE_EzI2C_CUSTOM_INTR_HANDLER)
 338:Generated_Source\PSoC4/EzI2C.c ****         EzI2C_customIntrHandler = func; /* Register interrupt handler */
 303              		.loc 1 338 0
 304 0008 024B     		ldr	r3, .L19
 305 000a 7A68     		ldr	r2, [r7, #4]
 306 000c 1A60     		str	r2, [r3]
 339:Generated_Source\PSoC4/EzI2C.c ****     #else
 340:Generated_Source\PSoC4/EzI2C.c ****         if (NULL != func)
 341:Generated_Source\PSoC4/EzI2C.c ****         {
 342:Generated_Source\PSoC4/EzI2C.c ****             /* Suppress compiler warning */
 343:Generated_Source\PSoC4/EzI2C.c ****         }
 344:Generated_Source\PSoC4/EzI2C.c ****     #endif /* !defined (CY_REMOVE_EzI2C_CUSTOM_INTR_HANDLER) */
 345:Generated_Source\PSoC4/EzI2C.c ****     }
 307              		.loc 1 345 0
 308 000e BD46     		mov	sp, r7
 309 0010 02B0     		add	sp, sp, #8
 310              		@ sp needed
 311 0012 80BD     		pop	{r7, pc}
 312              	.L20:
 313              		.align	2
 314              	.L19:
 315 0014 00000000 		.word	EzI2C_customIntrHandler
 316              		.cfi_endproc
 317              	.LFE7:
 318              		.size	EzI2C_SetCustomInterruptHandler, .-EzI2C_SetCustomInterruptHandler
 319              		.section	.text.EzI2C_ScbEnableIntr,"ax",%progbits
 320              		.align	2
 321              		.code	16
 322              		.thumb_func
 323              		.type	EzI2C_ScbEnableIntr, %function
 324              	EzI2C_ScbEnableIntr:
 325              	.LFB8:
 346:Generated_Source\PSoC4/EzI2C.c **** #endif /* (EzI2C_SCB_IRQ_INTERNAL) */
 347:Generated_Source\PSoC4/EzI2C.c **** 
 348:Generated_Source\PSoC4/EzI2C.c **** 
 349:Generated_Source\PSoC4/EzI2C.c **** /*******************************************************************************
 350:Generated_Source\PSoC4/EzI2C.c **** * Function Name: EzI2C_ScbModeEnableIntr
 351:Generated_Source\PSoC4/EzI2C.c **** ****************************************************************************//**
 352:Generated_Source\PSoC4/EzI2C.c **** *
 353:Generated_Source\PSoC4/EzI2C.c **** *  Enables an interrupt for a specific mode.
 354:Generated_Source\PSoC4/EzI2C.c **** *
 355:Generated_Source\PSoC4/EzI2C.c **** *******************************************************************************/
 356:Generated_Source\PSoC4/EzI2C.c **** static void EzI2C_ScbEnableIntr(void)
 357:Generated_Source\PSoC4/EzI2C.c **** {
 326              		.loc 1 357 0
 327              		.cfi_startproc
ARM GAS  C:\Users\CHRIST~1\AppData\Local\Temp\ccOQwDOw.s 			page 13


 328 0000 80B5     		push	{r7, lr}
 329              		.cfi_def_cfa_offset 8
 330              		.cfi_offset 7, -8
 331              		.cfi_offset 14, -4
 332 0002 00AF     		add	r7, sp, #0
 333              		.cfi_def_cfa_register 7
 358:Generated_Source\PSoC4/EzI2C.c **** #if (EzI2C_SCB_IRQ_INTERNAL)
 359:Generated_Source\PSoC4/EzI2C.c ****     /* Enable interrupt in NVIC */
 360:Generated_Source\PSoC4/EzI2C.c ****     #if (EzI2C_SCB_MODE_UNCONFIG_CONST_CFG)
 361:Generated_Source\PSoC4/EzI2C.c ****         if (0u != EzI2C_scbEnableIntr)
 362:Generated_Source\PSoC4/EzI2C.c ****         {
 363:Generated_Source\PSoC4/EzI2C.c ****             EzI2C_EnableInt();
 364:Generated_Source\PSoC4/EzI2C.c ****         }
 365:Generated_Source\PSoC4/EzI2C.c **** 
 366:Generated_Source\PSoC4/EzI2C.c ****     #else
 367:Generated_Source\PSoC4/EzI2C.c ****         EzI2C_EnableInt();
 334              		.loc 1 367 0
 335 0004 0A20     		mov	r0, #10
 336 0006 FFF7FEFF 		bl	CyIntEnable
 368:Generated_Source\PSoC4/EzI2C.c **** 
 369:Generated_Source\PSoC4/EzI2C.c ****     #endif /* (EzI2C_SCB_MODE_UNCONFIG_CONST_CFG) */
 370:Generated_Source\PSoC4/EzI2C.c **** #endif /* (EzI2C_SCB_IRQ_INTERNAL) */
 371:Generated_Source\PSoC4/EzI2C.c **** }
 337              		.loc 1 371 0
 338 000a BD46     		mov	sp, r7
 339              		@ sp needed
 340 000c 80BD     		pop	{r7, pc}
 341              		.cfi_endproc
 342              	.LFE8:
 343              		.size	EzI2C_ScbEnableIntr, .-EzI2C_ScbEnableIntr
 344              		.section	.text.EzI2C_ScbModePostEnable,"ax",%progbits
 345              		.align	2
 346              		.code	16
 347              		.thumb_func
 348              		.type	EzI2C_ScbModePostEnable, %function
 349              	EzI2C_ScbModePostEnable:
 350              	.LFB9:
 372:Generated_Source\PSoC4/EzI2C.c **** 
 373:Generated_Source\PSoC4/EzI2C.c **** 
 374:Generated_Source\PSoC4/EzI2C.c **** /*******************************************************************************
 375:Generated_Source\PSoC4/EzI2C.c **** * Function Name: EzI2C_ScbModePostEnable
 376:Generated_Source\PSoC4/EzI2C.c **** ****************************************************************************//**
 377:Generated_Source\PSoC4/EzI2C.c **** *
 378:Generated_Source\PSoC4/EzI2C.c **** *  Calls the PostEnable function for a specific operation mode.
 379:Generated_Source\PSoC4/EzI2C.c **** *
 380:Generated_Source\PSoC4/EzI2C.c **** *******************************************************************************/
 381:Generated_Source\PSoC4/EzI2C.c **** static void EzI2C_ScbModePostEnable(void)
 382:Generated_Source\PSoC4/EzI2C.c **** {
 351              		.loc 1 382 0
 352              		.cfi_startproc
 353 0000 80B5     		push	{r7, lr}
 354              		.cfi_def_cfa_offset 8
 355              		.cfi_offset 7, -8
 356              		.cfi_offset 14, -4
 357 0002 00AF     		add	r7, sp, #0
 358              		.cfi_def_cfa_register 7
 383:Generated_Source\PSoC4/EzI2C.c **** #if (EzI2C_SCB_MODE_UNCONFIG_CONST_CFG)
ARM GAS  C:\Users\CHRIST~1\AppData\Local\Temp\ccOQwDOw.s 			page 14


 384:Generated_Source\PSoC4/EzI2C.c **** #if (!EzI2C_CY_SCBIP_V1)
 385:Generated_Source\PSoC4/EzI2C.c ****     if (EzI2C_SCB_MODE_SPI_RUNTM_CFG)
 386:Generated_Source\PSoC4/EzI2C.c ****     {
 387:Generated_Source\PSoC4/EzI2C.c ****         EzI2C_SpiPostEnable();
 388:Generated_Source\PSoC4/EzI2C.c ****     }
 389:Generated_Source\PSoC4/EzI2C.c ****     else if (EzI2C_SCB_MODE_UART_RUNTM_CFG)
 390:Generated_Source\PSoC4/EzI2C.c ****     {
 391:Generated_Source\PSoC4/EzI2C.c ****         EzI2C_UartPostEnable();
 392:Generated_Source\PSoC4/EzI2C.c ****     }
 393:Generated_Source\PSoC4/EzI2C.c ****     else
 394:Generated_Source\PSoC4/EzI2C.c ****     {
 395:Generated_Source\PSoC4/EzI2C.c ****         /* Unknown mode: do nothing */
 396:Generated_Source\PSoC4/EzI2C.c ****     }
 397:Generated_Source\PSoC4/EzI2C.c **** #endif /* (!EzI2C_CY_SCBIP_V1) */
 398:Generated_Source\PSoC4/EzI2C.c **** 
 399:Generated_Source\PSoC4/EzI2C.c **** #elif (EzI2C_SCB_MODE_SPI_CONST_CFG)
 400:Generated_Source\PSoC4/EzI2C.c ****     EzI2C_SpiPostEnable();
 401:Generated_Source\PSoC4/EzI2C.c **** 
 402:Generated_Source\PSoC4/EzI2C.c **** #elif (EzI2C_SCB_MODE_UART_CONST_CFG)
 403:Generated_Source\PSoC4/EzI2C.c ****     EzI2C_UartPostEnable();
 404:Generated_Source\PSoC4/EzI2C.c **** 
 405:Generated_Source\PSoC4/EzI2C.c **** #else
 406:Generated_Source\PSoC4/EzI2C.c ****     /* Unknown mode: do nothing */
 407:Generated_Source\PSoC4/EzI2C.c **** #endif /* (EzI2C_SCB_MODE_UNCONFIG_CONST_CFG) */
 408:Generated_Source\PSoC4/EzI2C.c **** }
 359              		.loc 1 408 0
 360 0004 BD46     		mov	sp, r7
 361              		@ sp needed
 362 0006 80BD     		pop	{r7, pc}
 363              		.cfi_endproc
 364              	.LFE9:
 365              		.size	EzI2C_ScbModePostEnable, .-EzI2C_ScbModePostEnable
 366              		.section	.text.EzI2C_ScbModeStop,"ax",%progbits
 367              		.align	2
 368              		.code	16
 369              		.thumb_func
 370              		.type	EzI2C_ScbModeStop, %function
 371              	EzI2C_ScbModeStop:
 372              	.LFB10:
 409:Generated_Source\PSoC4/EzI2C.c **** 
 410:Generated_Source\PSoC4/EzI2C.c **** 
 411:Generated_Source\PSoC4/EzI2C.c **** /*******************************************************************************
 412:Generated_Source\PSoC4/EzI2C.c **** * Function Name: EzI2C_ScbModeStop
 413:Generated_Source\PSoC4/EzI2C.c **** ****************************************************************************//**
 414:Generated_Source\PSoC4/EzI2C.c **** *
 415:Generated_Source\PSoC4/EzI2C.c **** *  Calls the Stop function for a specific operation mode.
 416:Generated_Source\PSoC4/EzI2C.c **** *
 417:Generated_Source\PSoC4/EzI2C.c **** *******************************************************************************/
 418:Generated_Source\PSoC4/EzI2C.c **** static void EzI2C_ScbModeStop(void)
 419:Generated_Source\PSoC4/EzI2C.c **** {
 373              		.loc 1 419 0
 374              		.cfi_startproc
 375 0000 80B5     		push	{r7, lr}
 376              		.cfi_def_cfa_offset 8
 377              		.cfi_offset 7, -8
 378              		.cfi_offset 14, -4
 379 0002 00AF     		add	r7, sp, #0
ARM GAS  C:\Users\CHRIST~1\AppData\Local\Temp\ccOQwDOw.s 			page 15


 380              		.cfi_def_cfa_register 7
 420:Generated_Source\PSoC4/EzI2C.c **** #if (EzI2C_SCB_MODE_UNCONFIG_CONST_CFG)
 421:Generated_Source\PSoC4/EzI2C.c ****     if (EzI2C_SCB_MODE_I2C_RUNTM_CFG)
 422:Generated_Source\PSoC4/EzI2C.c ****     {
 423:Generated_Source\PSoC4/EzI2C.c ****         EzI2C_I2CStop();
 424:Generated_Source\PSoC4/EzI2C.c ****     }
 425:Generated_Source\PSoC4/EzI2C.c ****     else if (EzI2C_SCB_MODE_EZI2C_RUNTM_CFG)
 426:Generated_Source\PSoC4/EzI2C.c ****     {
 427:Generated_Source\PSoC4/EzI2C.c ****         EzI2C_EzI2CStop();
 428:Generated_Source\PSoC4/EzI2C.c ****     }
 429:Generated_Source\PSoC4/EzI2C.c **** #if (!EzI2C_CY_SCBIP_V1)
 430:Generated_Source\PSoC4/EzI2C.c ****     else if (EzI2C_SCB_MODE_SPI_RUNTM_CFG)
 431:Generated_Source\PSoC4/EzI2C.c ****     {
 432:Generated_Source\PSoC4/EzI2C.c ****         EzI2C_SpiStop();
 433:Generated_Source\PSoC4/EzI2C.c ****     }
 434:Generated_Source\PSoC4/EzI2C.c ****     else if (EzI2C_SCB_MODE_UART_RUNTM_CFG)
 435:Generated_Source\PSoC4/EzI2C.c ****     {
 436:Generated_Source\PSoC4/EzI2C.c ****         EzI2C_UartStop();
 437:Generated_Source\PSoC4/EzI2C.c ****     }
 438:Generated_Source\PSoC4/EzI2C.c **** #endif /* (!EzI2C_CY_SCBIP_V1) */
 439:Generated_Source\PSoC4/EzI2C.c ****     else
 440:Generated_Source\PSoC4/EzI2C.c ****     {
 441:Generated_Source\PSoC4/EzI2C.c ****         /* Unknown mode: do nothing */
 442:Generated_Source\PSoC4/EzI2C.c ****     }
 443:Generated_Source\PSoC4/EzI2C.c **** #elif (EzI2C_SCB_MODE_I2C_CONST_CFG)
 444:Generated_Source\PSoC4/EzI2C.c ****     EzI2C_I2CStop();
 445:Generated_Source\PSoC4/EzI2C.c **** 
 446:Generated_Source\PSoC4/EzI2C.c **** #elif (EzI2C_SCB_MODE_EZI2C_CONST_CFG)
 447:Generated_Source\PSoC4/EzI2C.c ****     EzI2C_EzI2CStop();
 381              		.loc 1 447 0
 382 0004 FFF7FEFF 		bl	EzI2C_EzI2CStop
 448:Generated_Source\PSoC4/EzI2C.c **** 
 449:Generated_Source\PSoC4/EzI2C.c **** #elif (EzI2C_SCB_MODE_SPI_CONST_CFG)
 450:Generated_Source\PSoC4/EzI2C.c ****     EzI2C_SpiStop();
 451:Generated_Source\PSoC4/EzI2C.c **** 
 452:Generated_Source\PSoC4/EzI2C.c **** #elif (EzI2C_SCB_MODE_UART_CONST_CFG)
 453:Generated_Source\PSoC4/EzI2C.c ****     EzI2C_UartStop();
 454:Generated_Source\PSoC4/EzI2C.c **** 
 455:Generated_Source\PSoC4/EzI2C.c **** #else
 456:Generated_Source\PSoC4/EzI2C.c ****     /* Unknown mode: do nothing */
 457:Generated_Source\PSoC4/EzI2C.c **** #endif /* (EzI2C_SCB_MODE_UNCONFIG_CONST_CFG) */
 458:Generated_Source\PSoC4/EzI2C.c **** }
 383              		.loc 1 458 0
 384 0008 BD46     		mov	sp, r7
 385              		@ sp needed
 386 000a 80BD     		pop	{r7, pc}
 387              		.cfi_endproc
 388              	.LFE10:
 389              		.size	EzI2C_ScbModeStop, .-EzI2C_ScbModeStop
 390              		.text
 391              	.Letext0:
 392              		.file 2 "Generated_Source\\PSoC4/cytypes.h"
 393              		.section	.debug_info,"",%progbits
 394              	.Ldebug_info0:
 395 0000 E0010000 		.4byte	0x1e0
 396 0004 0400     		.2byte	0x4
 397 0006 00000000 		.4byte	.Ldebug_abbrev0
ARM GAS  C:\Users\CHRIST~1\AppData\Local\Temp\ccOQwDOw.s 			page 16


 398 000a 04       		.byte	0x4
 399 000b 01       		.uleb128 0x1
 400 000c B4010000 		.4byte	.LASF32
 401 0010 01       		.byte	0x1
 402 0011 00000000 		.4byte	.LASF33
 403 0015 A9000000 		.4byte	.LASF34
 404 0019 00000000 		.4byte	.Ldebug_ranges0+0
 405 001d 00000000 		.4byte	0
 406 0021 00000000 		.4byte	.Ldebug_line0
 407 0025 02       		.uleb128 0x2
 408 0026 01       		.byte	0x1
 409 0027 06       		.byte	0x6
 410 0028 94020000 		.4byte	.LASF0
 411 002c 02       		.uleb128 0x2
 412 002d 01       		.byte	0x1
 413 002e 08       		.byte	0x8
 414 002f 64010000 		.4byte	.LASF1
 415 0033 02       		.uleb128 0x2
 416 0034 02       		.byte	0x2
 417 0035 05       		.byte	0x5
 418 0036 76020000 		.4byte	.LASF2
 419 003a 02       		.uleb128 0x2
 420 003b 02       		.byte	0x2
 421 003c 07       		.byte	0x7
 422 003d 6E000000 		.4byte	.LASF3
 423 0041 02       		.uleb128 0x2
 424 0042 04       		.byte	0x4
 425 0043 05       		.byte	0x5
 426 0044 8B020000 		.4byte	.LASF4
 427 0048 02       		.uleb128 0x2
 428 0049 04       		.byte	0x4
 429 004a 07       		.byte	0x7
 430 004b 0E010000 		.4byte	.LASF5
 431 004f 02       		.uleb128 0x2
 432 0050 08       		.byte	0x8
 433 0051 05       		.byte	0x5
 434 0052 63020000 		.4byte	.LASF6
 435 0056 02       		.uleb128 0x2
 436 0057 08       		.byte	0x8
 437 0058 07       		.byte	0x7
 438 0059 9D010000 		.4byte	.LASF7
 439 005d 03       		.uleb128 0x3
 440 005e 04       		.byte	0x4
 441 005f 05       		.byte	0x5
 442 0060 696E7400 		.ascii	"int\000"
 443 0064 02       		.uleb128 0x2
 444 0065 04       		.byte	0x4
 445 0066 07       		.byte	0x7
 446 0067 90010000 		.4byte	.LASF8
 447 006b 04       		.uleb128 0x4
 448 006c 20010000 		.4byte	.LASF9
 449 0070 02       		.byte	0x2
 450 0071 9801     		.2byte	0x198
 451 0073 2C000000 		.4byte	0x2c
 452 0077 04       		.uleb128 0x4
 453 0078 89010000 		.4byte	.LASF10
 454 007c 02       		.byte	0x2
ARM GAS  C:\Users\CHRIST~1\AppData\Local\Temp\ccOQwDOw.s 			page 17


 455 007d 9A01     		.2byte	0x19a
 456 007f 48000000 		.4byte	0x48
 457 0083 02       		.uleb128 0x2
 458 0084 04       		.byte	0x4
 459 0085 04       		.byte	0x4
 460 0086 96000000 		.4byte	.LASF11
 461 008a 02       		.uleb128 0x2
 462 008b 08       		.byte	0x8
 463 008c 04       		.byte	0x4
 464 008d 7D010000 		.4byte	.LASF12
 465 0091 02       		.uleb128 0x2
 466 0092 01       		.byte	0x1
 467 0093 08       		.byte	0x8
 468 0094 71020000 		.4byte	.LASF13
 469 0098 04       		.uleb128 0x4
 470 0099 2A000000 		.4byte	.LASF14
 471 009d 02       		.byte	0x2
 472 009e 4402     		.2byte	0x244
 473 00a0 A4000000 		.4byte	0xa4
 474 00a4 05       		.uleb128 0x5
 475 00a5 77000000 		.4byte	0x77
 476 00a9 06       		.uleb128 0x6
 477 00aa 04       		.byte	0x4
 478 00ab AF000000 		.4byte	0xaf
 479 00af 07       		.uleb128 0x7
 480 00b0 02       		.uleb128 0x2
 481 00b1 04       		.byte	0x4
 482 00b2 07       		.byte	0x7
 483 00b3 5A020000 		.4byte	.LASF15
 484 00b7 08       		.uleb128 0x8
 485 00b8 1F000000 		.4byte	.LASF16
 486 00bc 01       		.byte	0x1
 487 00bd 7B       		.byte	0x7b
 488 00be 00000000 		.4byte	.LFB1
 489 00c2 0C000000 		.4byte	.LFE1-.LFB1
 490 00c6 01       		.uleb128 0x1
 491 00c7 9C       		.byte	0x9c
 492 00c8 08       		.uleb128 0x8
 493 00c9 9C000000 		.4byte	.LASF17
 494 00cd 01       		.byte	0x1
 495 00ce AB       		.byte	0xab
 496 00cf 00000000 		.4byte	.LFB2
 497 00d3 24000000 		.4byte	.LFE2-.LFB2
 498 00d7 01       		.uleb128 0x1
 499 00d8 9C       		.byte	0x9c
 500 00d9 08       		.uleb128 0x8
 501 00da 58010000 		.4byte	.LASF18
 502 00de 01       		.byte	0x1
 503 00df D2       		.byte	0xd2
 504 00e0 00000000 		.4byte	.LFB3
 505 00e4 24000000 		.4byte	.LFE3-.LFB3
 506 00e8 01       		.uleb128 0x1
 507 00e9 9C       		.byte	0x9c
 508 00ea 08       		.uleb128 0x8
 509 00eb 72010000 		.4byte	.LASF19
 510 00ef 01       		.byte	0x1
 511 00f0 EF       		.byte	0xef
ARM GAS  C:\Users\CHRIST~1\AppData\Local\Temp\ccOQwDOw.s 			page 18


 512 00f1 00000000 		.4byte	.LFB4
 513 00f5 34000000 		.4byte	.LFE4-.LFB4
 514 00f9 01       		.uleb128 0x1
 515 00fa 9C       		.byte	0x9c
 516 00fb 09       		.uleb128 0x9
 517 00fc 41000000 		.4byte	.LASF20
 518 0100 01       		.byte	0x1
 519 0101 1701     		.2byte	0x117
 520 0103 00000000 		.4byte	.LFB5
 521 0107 34000000 		.4byte	.LFE5-.LFB5
 522 010b 01       		.uleb128 0x1
 523 010c 9C       		.byte	0x9c
 524 010d 30010000 		.4byte	0x130
 525 0111 0A       		.uleb128 0xa
 526 0112 3B000000 		.4byte	.LASF22
 527 0116 01       		.byte	0x1
 528 0117 1701     		.2byte	0x117
 529 0119 77000000 		.4byte	0x77
 530 011d 02       		.uleb128 0x2
 531 011e 91       		.byte	0x91
 532 011f 6C       		.sleb128 -20
 533 0120 0B       		.uleb128 0xb
 534 0121 80020000 		.4byte	.LASF23
 535 0125 01       		.byte	0x1
 536 0126 1901     		.2byte	0x119
 537 0128 77000000 		.4byte	0x77
 538 012c 02       		.uleb128 0x2
 539 012d 91       		.byte	0x91
 540 012e 74       		.sleb128 -12
 541 012f 00       		.byte	0
 542 0130 09       		.uleb128 0x9
 543 0131 81000000 		.4byte	.LASF21
 544 0135 01       		.byte	0x1
 545 0136 3001     		.2byte	0x130
 546 0138 00000000 		.4byte	.LFB6
 547 013c 34000000 		.4byte	.LFE6-.LFB6
 548 0140 01       		.uleb128 0x1
 549 0141 9C       		.byte	0x9c
 550 0142 65010000 		.4byte	0x165
 551 0146 0A       		.uleb128 0xa
 552 0147 3B000000 		.4byte	.LASF22
 553 014b 01       		.byte	0x1
 554 014c 3001     		.2byte	0x130
 555 014e 77000000 		.4byte	0x77
 556 0152 02       		.uleb128 0x2
 557 0153 91       		.byte	0x91
 558 0154 6C       		.sleb128 -20
 559 0155 0B       		.uleb128 0xb
 560 0156 30000000 		.4byte	.LASF24
 561 015a 01       		.byte	0x1
 562 015b 3201     		.2byte	0x132
 563 015d 77000000 		.4byte	0x77
 564 0161 02       		.uleb128 0x2
 565 0162 91       		.byte	0x91
 566 0163 74       		.sleb128 -12
 567 0164 00       		.byte	0
 568 0165 09       		.uleb128 0x9
ARM GAS  C:\Users\CHRIST~1\AppData\Local\Temp\ccOQwDOw.s 			page 19


 569 0166 26010000 		.4byte	.LASF25
 570 016a 01       		.byte	0x1
 571 016b 4F01     		.2byte	0x14f
 572 016d 00000000 		.4byte	.LFB7
 573 0171 18000000 		.4byte	.LFE7-.LFB7
 574 0175 01       		.uleb128 0x1
 575 0176 9C       		.byte	0x9c
 576 0177 8B010000 		.4byte	0x18b
 577 017b 0A       		.uleb128 0xa
 578 017c 84010000 		.4byte	.LASF26
 579 0180 01       		.byte	0x1
 580 0181 4F01     		.2byte	0x14f
 581 0183 A9000000 		.4byte	0xa9
 582 0187 02       		.uleb128 0x2
 583 0188 91       		.byte	0x91
 584 0189 74       		.sleb128 -12
 585 018a 00       		.byte	0
 586 018b 0C       		.uleb128 0xc
 587 018c 46020000 		.4byte	.LASF27
 588 0190 01       		.byte	0x1
 589 0191 6401     		.2byte	0x164
 590 0193 00000000 		.4byte	.LFB8
 591 0197 0E000000 		.4byte	.LFE8-.LFB8
 592 019b 01       		.uleb128 0x1
 593 019c 9C       		.byte	0x9c
 594 019d 0D       		.uleb128 0xd
 595 019e 56000000 		.4byte	.LASF28
 596 01a2 01       		.byte	0x1
 597 01a3 7D01     		.2byte	0x17d
 598 01a5 00000000 		.4byte	.LFB9
 599 01a9 08000000 		.4byte	.LFE9-.LFB9
 600 01ad 01       		.uleb128 0x1
 601 01ae 9C       		.byte	0x9c
 602 01af 0C       		.uleb128 0xc
 603 01b0 46010000 		.4byte	.LASF29
 604 01b4 01       		.byte	0x1
 605 01b5 A201     		.2byte	0x1a2
 606 01b7 00000000 		.4byte	.LFB10
 607 01bb 0C000000 		.4byte	.LFE10-.LFB10
 608 01bf 01       		.uleb128 0x1
 609 01c0 9C       		.byte	0x9c
 610 01c1 0E       		.uleb128 0xe
 611 01c2 A0020000 		.4byte	.LASF30
 612 01c6 01       		.byte	0x1
 613 01c7 51       		.byte	0x51
 614 01c8 6B000000 		.4byte	0x6b
 615 01cc 05       		.uleb128 0x5
 616 01cd 03       		.byte	0x3
 617 01ce 00000000 		.4byte	EzI2C_initVar
 618 01d2 0E       		.uleb128 0xe
 619 01d3 AE020000 		.4byte	.LASF31
 620 01d7 01       		.byte	0x1
 621 01d8 61       		.byte	0x61
 622 01d9 A9000000 		.4byte	0xa9
 623 01dd 05       		.uleb128 0x5
 624 01de 03       		.byte	0x3
 625 01df 00000000 		.4byte	EzI2C_customIntrHandler
ARM GAS  C:\Users\CHRIST~1\AppData\Local\Temp\ccOQwDOw.s 			page 20


 626 01e3 00       		.byte	0
 627              		.section	.debug_abbrev,"",%progbits
 628              	.Ldebug_abbrev0:
 629 0000 01       		.uleb128 0x1
 630 0001 11       		.uleb128 0x11
 631 0002 01       		.byte	0x1
 632 0003 25       		.uleb128 0x25
 633 0004 0E       		.uleb128 0xe
 634 0005 13       		.uleb128 0x13
 635 0006 0B       		.uleb128 0xb
 636 0007 03       		.uleb128 0x3
 637 0008 0E       		.uleb128 0xe
 638 0009 1B       		.uleb128 0x1b
 639 000a 0E       		.uleb128 0xe
 640 000b 55       		.uleb128 0x55
 641 000c 17       		.uleb128 0x17
 642 000d 11       		.uleb128 0x11
 643 000e 01       		.uleb128 0x1
 644 000f 10       		.uleb128 0x10
 645 0010 17       		.uleb128 0x17
 646 0011 00       		.byte	0
 647 0012 00       		.byte	0
 648 0013 02       		.uleb128 0x2
 649 0014 24       		.uleb128 0x24
 650 0015 00       		.byte	0
 651 0016 0B       		.uleb128 0xb
 652 0017 0B       		.uleb128 0xb
 653 0018 3E       		.uleb128 0x3e
 654 0019 0B       		.uleb128 0xb
 655 001a 03       		.uleb128 0x3
 656 001b 0E       		.uleb128 0xe
 657 001c 00       		.byte	0
 658 001d 00       		.byte	0
 659 001e 03       		.uleb128 0x3
 660 001f 24       		.uleb128 0x24
 661 0020 00       		.byte	0
 662 0021 0B       		.uleb128 0xb
 663 0022 0B       		.uleb128 0xb
 664 0023 3E       		.uleb128 0x3e
 665 0024 0B       		.uleb128 0xb
 666 0025 03       		.uleb128 0x3
 667 0026 08       		.uleb128 0x8
 668 0027 00       		.byte	0
 669 0028 00       		.byte	0
 670 0029 04       		.uleb128 0x4
 671 002a 16       		.uleb128 0x16
 672 002b 00       		.byte	0
 673 002c 03       		.uleb128 0x3
 674 002d 0E       		.uleb128 0xe
 675 002e 3A       		.uleb128 0x3a
 676 002f 0B       		.uleb128 0xb
 677 0030 3B       		.uleb128 0x3b
 678 0031 05       		.uleb128 0x5
 679 0032 49       		.uleb128 0x49
 680 0033 13       		.uleb128 0x13
 681 0034 00       		.byte	0
 682 0035 00       		.byte	0
ARM GAS  C:\Users\CHRIST~1\AppData\Local\Temp\ccOQwDOw.s 			page 21


 683 0036 05       		.uleb128 0x5
 684 0037 35       		.uleb128 0x35
 685 0038 00       		.byte	0
 686 0039 49       		.uleb128 0x49
 687 003a 13       		.uleb128 0x13
 688 003b 00       		.byte	0
 689 003c 00       		.byte	0
 690 003d 06       		.uleb128 0x6
 691 003e 0F       		.uleb128 0xf
 692 003f 00       		.byte	0
 693 0040 0B       		.uleb128 0xb
 694 0041 0B       		.uleb128 0xb
 695 0042 49       		.uleb128 0x49
 696 0043 13       		.uleb128 0x13
 697 0044 00       		.byte	0
 698 0045 00       		.byte	0
 699 0046 07       		.uleb128 0x7
 700 0047 15       		.uleb128 0x15
 701 0048 00       		.byte	0
 702 0049 27       		.uleb128 0x27
 703 004a 19       		.uleb128 0x19
 704 004b 00       		.byte	0
 705 004c 00       		.byte	0
 706 004d 08       		.uleb128 0x8
 707 004e 2E       		.uleb128 0x2e
 708 004f 00       		.byte	0
 709 0050 3F       		.uleb128 0x3f
 710 0051 19       		.uleb128 0x19
 711 0052 03       		.uleb128 0x3
 712 0053 0E       		.uleb128 0xe
 713 0054 3A       		.uleb128 0x3a
 714 0055 0B       		.uleb128 0xb
 715 0056 3B       		.uleb128 0x3b
 716 0057 0B       		.uleb128 0xb
 717 0058 27       		.uleb128 0x27
 718 0059 19       		.uleb128 0x19
 719 005a 11       		.uleb128 0x11
 720 005b 01       		.uleb128 0x1
 721 005c 12       		.uleb128 0x12
 722 005d 06       		.uleb128 0x6
 723 005e 40       		.uleb128 0x40
 724 005f 18       		.uleb128 0x18
 725 0060 9642     		.uleb128 0x2116
 726 0062 19       		.uleb128 0x19
 727 0063 00       		.byte	0
 728 0064 00       		.byte	0
 729 0065 09       		.uleb128 0x9
 730 0066 2E       		.uleb128 0x2e
 731 0067 01       		.byte	0x1
 732 0068 3F       		.uleb128 0x3f
 733 0069 19       		.uleb128 0x19
 734 006a 03       		.uleb128 0x3
 735 006b 0E       		.uleb128 0xe
 736 006c 3A       		.uleb128 0x3a
 737 006d 0B       		.uleb128 0xb
 738 006e 3B       		.uleb128 0x3b
 739 006f 05       		.uleb128 0x5
ARM GAS  C:\Users\CHRIST~1\AppData\Local\Temp\ccOQwDOw.s 			page 22


 740 0070 27       		.uleb128 0x27
 741 0071 19       		.uleb128 0x19
 742 0072 11       		.uleb128 0x11
 743 0073 01       		.uleb128 0x1
 744 0074 12       		.uleb128 0x12
 745 0075 06       		.uleb128 0x6
 746 0076 40       		.uleb128 0x40
 747 0077 18       		.uleb128 0x18
 748 0078 9742     		.uleb128 0x2117
 749 007a 19       		.uleb128 0x19
 750 007b 01       		.uleb128 0x1
 751 007c 13       		.uleb128 0x13
 752 007d 00       		.byte	0
 753 007e 00       		.byte	0
 754 007f 0A       		.uleb128 0xa
 755 0080 05       		.uleb128 0x5
 756 0081 00       		.byte	0
 757 0082 03       		.uleb128 0x3
 758 0083 0E       		.uleb128 0xe
 759 0084 3A       		.uleb128 0x3a
 760 0085 0B       		.uleb128 0xb
 761 0086 3B       		.uleb128 0x3b
 762 0087 05       		.uleb128 0x5
 763 0088 49       		.uleb128 0x49
 764 0089 13       		.uleb128 0x13
 765 008a 02       		.uleb128 0x2
 766 008b 18       		.uleb128 0x18
 767 008c 00       		.byte	0
 768 008d 00       		.byte	0
 769 008e 0B       		.uleb128 0xb
 770 008f 34       		.uleb128 0x34
 771 0090 00       		.byte	0
 772 0091 03       		.uleb128 0x3
 773 0092 0E       		.uleb128 0xe
 774 0093 3A       		.uleb128 0x3a
 775 0094 0B       		.uleb128 0xb
 776 0095 3B       		.uleb128 0x3b
 777 0096 05       		.uleb128 0x5
 778 0097 49       		.uleb128 0x49
 779 0098 13       		.uleb128 0x13
 780 0099 02       		.uleb128 0x2
 781 009a 18       		.uleb128 0x18
 782 009b 00       		.byte	0
 783 009c 00       		.byte	0
 784 009d 0C       		.uleb128 0xc
 785 009e 2E       		.uleb128 0x2e
 786 009f 00       		.byte	0
 787 00a0 03       		.uleb128 0x3
 788 00a1 0E       		.uleb128 0xe
 789 00a2 3A       		.uleb128 0x3a
 790 00a3 0B       		.uleb128 0xb
 791 00a4 3B       		.uleb128 0x3b
 792 00a5 05       		.uleb128 0x5
 793 00a6 27       		.uleb128 0x27
 794 00a7 19       		.uleb128 0x19
 795 00a8 11       		.uleb128 0x11
 796 00a9 01       		.uleb128 0x1
ARM GAS  C:\Users\CHRIST~1\AppData\Local\Temp\ccOQwDOw.s 			page 23


 797 00aa 12       		.uleb128 0x12
 798 00ab 06       		.uleb128 0x6
 799 00ac 40       		.uleb128 0x40
 800 00ad 18       		.uleb128 0x18
 801 00ae 9642     		.uleb128 0x2116
 802 00b0 19       		.uleb128 0x19
 803 00b1 00       		.byte	0
 804 00b2 00       		.byte	0
 805 00b3 0D       		.uleb128 0xd
 806 00b4 2E       		.uleb128 0x2e
 807 00b5 00       		.byte	0
 808 00b6 03       		.uleb128 0x3
 809 00b7 0E       		.uleb128 0xe
 810 00b8 3A       		.uleb128 0x3a
 811 00b9 0B       		.uleb128 0xb
 812 00ba 3B       		.uleb128 0x3b
 813 00bb 05       		.uleb128 0x5
 814 00bc 27       		.uleb128 0x27
 815 00bd 19       		.uleb128 0x19
 816 00be 11       		.uleb128 0x11
 817 00bf 01       		.uleb128 0x1
 818 00c0 12       		.uleb128 0x12
 819 00c1 06       		.uleb128 0x6
 820 00c2 40       		.uleb128 0x40
 821 00c3 18       		.uleb128 0x18
 822 00c4 9742     		.uleb128 0x2117
 823 00c6 19       		.uleb128 0x19
 824 00c7 00       		.byte	0
 825 00c8 00       		.byte	0
 826 00c9 0E       		.uleb128 0xe
 827 00ca 34       		.uleb128 0x34
 828 00cb 00       		.byte	0
 829 00cc 03       		.uleb128 0x3
 830 00cd 0E       		.uleb128 0xe
 831 00ce 3A       		.uleb128 0x3a
 832 00cf 0B       		.uleb128 0xb
 833 00d0 3B       		.uleb128 0x3b
 834 00d1 0B       		.uleb128 0xb
 835 00d2 49       		.uleb128 0x49
 836 00d3 13       		.uleb128 0x13
 837 00d4 3F       		.uleb128 0x3f
 838 00d5 19       		.uleb128 0x19
 839 00d6 02       		.uleb128 0x2
 840 00d7 18       		.uleb128 0x18
 841 00d8 00       		.byte	0
 842 00d9 00       		.byte	0
 843 00da 00       		.byte	0
 844              		.section	.debug_aranges,"",%progbits
 845 0000 64000000 		.4byte	0x64
 846 0004 0200     		.2byte	0x2
 847 0006 00000000 		.4byte	.Ldebug_info0
 848 000a 04       		.byte	0x4
 849 000b 00       		.byte	0
 850 000c 0000     		.2byte	0
 851 000e 0000     		.2byte	0
 852 0010 00000000 		.4byte	.LFB1
 853 0014 0C000000 		.4byte	.LFE1-.LFB1
ARM GAS  C:\Users\CHRIST~1\AppData\Local\Temp\ccOQwDOw.s 			page 24


 854 0018 00000000 		.4byte	.LFB2
 855 001c 24000000 		.4byte	.LFE2-.LFB2
 856 0020 00000000 		.4byte	.LFB3
 857 0024 24000000 		.4byte	.LFE3-.LFB3
 858 0028 00000000 		.4byte	.LFB4
 859 002c 34000000 		.4byte	.LFE4-.LFB4
 860 0030 00000000 		.4byte	.LFB5
 861 0034 34000000 		.4byte	.LFE5-.LFB5
 862 0038 00000000 		.4byte	.LFB6
 863 003c 34000000 		.4byte	.LFE6-.LFB6
 864 0040 00000000 		.4byte	.LFB7
 865 0044 18000000 		.4byte	.LFE7-.LFB7
 866 0048 00000000 		.4byte	.LFB8
 867 004c 0E000000 		.4byte	.LFE8-.LFB8
 868 0050 00000000 		.4byte	.LFB9
 869 0054 08000000 		.4byte	.LFE9-.LFB9
 870 0058 00000000 		.4byte	.LFB10
 871 005c 0C000000 		.4byte	.LFE10-.LFB10
 872 0060 00000000 		.4byte	0
 873 0064 00000000 		.4byte	0
 874              		.section	.debug_ranges,"",%progbits
 875              	.Ldebug_ranges0:
 876 0000 00000000 		.4byte	.LFB1
 877 0004 0C000000 		.4byte	.LFE1
 878 0008 00000000 		.4byte	.LFB2
 879 000c 24000000 		.4byte	.LFE2
 880 0010 00000000 		.4byte	.LFB3
 881 0014 24000000 		.4byte	.LFE3
 882 0018 00000000 		.4byte	.LFB4
 883 001c 34000000 		.4byte	.LFE4
 884 0020 00000000 		.4byte	.LFB5
 885 0024 34000000 		.4byte	.LFE5
 886 0028 00000000 		.4byte	.LFB6
 887 002c 34000000 		.4byte	.LFE6
 888 0030 00000000 		.4byte	.LFB7
 889 0034 18000000 		.4byte	.LFE7
 890 0038 00000000 		.4byte	.LFB8
 891 003c 0E000000 		.4byte	.LFE8
 892 0040 00000000 		.4byte	.LFB9
 893 0044 08000000 		.4byte	.LFE9
 894 0048 00000000 		.4byte	.LFB10
 895 004c 0C000000 		.4byte	.LFE10
 896 0050 00000000 		.4byte	0
 897 0054 00000000 		.4byte	0
 898              		.section	.debug_line,"",%progbits
 899              	.Ldebug_line0:
 900 0000 18010000 		.section	.debug_str,"MS",%progbits,1
 900      02004200 
 900      00000201 
 900      FB0E0D00 
 900      01010101 
 901              	.LASF33:
 902 0000 47656E65 		.ascii	"Generated_Source\\PSoC4\\EzI2C.c\000"
 902      72617465 
 902      645F536F 
 902      75726365 
 902      5C50536F 
ARM GAS  C:\Users\CHRIST~1\AppData\Local\Temp\ccOQwDOw.s 			page 25


 903              	.LASF16:
 904 001f 457A4932 		.ascii	"EzI2C_Init\000"
 904      435F496E 
 904      697400
 905              	.LASF14:
 906 002a 72656733 		.ascii	"reg32\000"
 906      3200
 907              	.LASF24:
 908 0030 74784669 		.ascii	"txFifoCtrl\000"
 908      666F4374 
 908      726C00
 909              	.LASF22:
 910 003b 6C657665 		.ascii	"level\000"
 910      6C00
 911              	.LASF20:
 912 0041 457A4932 		.ascii	"EzI2C_SetRxFifoLevel\000"
 912      435F5365 
 912      74527846 
 912      69666F4C 
 912      6576656C 
 913              	.LASF28:
 914 0056 457A4932 		.ascii	"EzI2C_ScbModePostEnable\000"
 914      435F5363 
 914      624D6F64 
 914      65506F73 
 914      74456E61 
 915              	.LASF3:
 916 006e 73686F72 		.ascii	"short unsigned int\000"
 916      7420756E 
 916      7369676E 
 916      65642069 
 916      6E7400
 917              	.LASF21:
 918 0081 457A4932 		.ascii	"EzI2C_SetTxFifoLevel\000"
 918      435F5365 
 918      74547846 
 918      69666F4C 
 918      6576656C 
 919              	.LASF11:
 920 0096 666C6F61 		.ascii	"float\000"
 920      7400
 921              	.LASF17:
 922 009c 457A4932 		.ascii	"EzI2C_Enable\000"
 922      435F456E 
 922      61626C65 
 922      00
 923              	.LASF34:
 924 00a9 433A5C55 		.ascii	"C:\\Users\\Christopher Kuzma\\Downloads\\Cypress Th"
 924      73657273 
 924      5C436872 
 924      6973746F 
 924      70686572 
 925 00d8 696E675C 		.ascii	"ing\\EnvironmentSensing.cydsn\\EnvironmentSensing.c"
 925      456E7669 
 925      726F6E6D 
 925      656E7453 
 925      656E7369 
ARM GAS  C:\Users\CHRIST~1\AppData\Local\Temp\ccOQwDOw.s 			page 26


 926 0109 7964736E 		.ascii	"ydsn\000"
 926      00
 927              	.LASF5:
 928 010e 6C6F6E67 		.ascii	"long unsigned int\000"
 928      20756E73 
 928      69676E65 
 928      6420696E 
 928      7400
 929              	.LASF9:
 930 0120 75696E74 		.ascii	"uint8\000"
 930      3800
 931              	.LASF25:
 932 0126 457A4932 		.ascii	"EzI2C_SetCustomInterruptHandler\000"
 932      435F5365 
 932      74437573 
 932      746F6D49 
 932      6E746572 
 933              	.LASF29:
 934 0146 457A4932 		.ascii	"EzI2C_ScbModeStop\000"
 934      435F5363 
 934      624D6F64 
 934      6553746F 
 934      7000
 935              	.LASF18:
 936 0158 457A4932 		.ascii	"EzI2C_Start\000"
 936      435F5374 
 936      61727400 
 937              	.LASF1:
 938 0164 756E7369 		.ascii	"unsigned char\000"
 938      676E6564 
 938      20636861 
 938      7200
 939              	.LASF19:
 940 0172 457A4932 		.ascii	"EzI2C_Stop\000"
 940      435F5374 
 940      6F7000
 941              	.LASF12:
 942 017d 646F7562 		.ascii	"double\000"
 942      6C6500
 943              	.LASF26:
 944 0184 66756E63 		.ascii	"func\000"
 944      00
 945              	.LASF10:
 946 0189 75696E74 		.ascii	"uint32\000"
 946      333200
 947              	.LASF8:
 948 0190 756E7369 		.ascii	"unsigned int\000"
 948      676E6564 
 948      20696E74 
 948      00
 949              	.LASF7:
 950 019d 6C6F6E67 		.ascii	"long long unsigned int\000"
 950      206C6F6E 
 950      6720756E 
 950      7369676E 
 950      65642069 
 951              	.LASF32:
ARM GAS  C:\Users\CHRIST~1\AppData\Local\Temp\ccOQwDOw.s 			page 27


 952 01b4 474E5520 		.ascii	"GNU C 4.9.3 20150303 (release) [ARM/embedded-4_9-br"
 952      4320342E 
 952      392E3320 
 952      32303135 
 952      30333033 
 953 01e7 616E6368 		.ascii	"anch revision 221220] -mcpu=cortex-m0plus -mthumb -"
 953      20726576 
 953      6973696F 
 953      6E203232 
 953      31323230 
 954 021a 67202D4F 		.ascii	"g -O0 -ffunction-sections -ffat-lto-objects\000"
 954      30202D66 
 954      66756E63 
 954      74696F6E 
 954      2D736563 
 955              	.LASF27:
 956 0246 457A4932 		.ascii	"EzI2C_ScbEnableIntr\000"
 956      435F5363 
 956      62456E61 
 956      626C6549 
 956      6E747200 
 957              	.LASF15:
 958 025a 73697A65 		.ascii	"sizetype\000"
 958      74797065 
 958      00
 959              	.LASF6:
 960 0263 6C6F6E67 		.ascii	"long long int\000"
 960      206C6F6E 
 960      6720696E 
 960      7400
 961              	.LASF13:
 962 0271 63686172 		.ascii	"char\000"
 962      00
 963              	.LASF2:
 964 0276 73686F72 		.ascii	"short int\000"
 964      7420696E 
 964      7400
 965              	.LASF23:
 966 0280 72784669 		.ascii	"rxFifoCtrl\000"
 966      666F4374 
 966      726C00
 967              	.LASF4:
 968 028b 6C6F6E67 		.ascii	"long int\000"
 968      20696E74 
 968      00
 969              	.LASF0:
 970 0294 7369676E 		.ascii	"signed char\000"
 970      65642063 
 970      68617200 
 971              	.LASF30:
 972 02a0 457A4932 		.ascii	"EzI2C_initVar\000"
 972      435F696E 
 972      69745661 
 972      7200
 973              	.LASF31:
 974 02ae 457A4932 		.ascii	"EzI2C_customIntrHandler\000"
 974      435F6375 
ARM GAS  C:\Users\CHRIST~1\AppData\Local\Temp\ccOQwDOw.s 			page 28


 974      73746F6D 
 974      496E7472 
 974      48616E64 
 975              		.ident	"GCC: (GNU Tools for ARM Embedded Processors) 4.9.3 20150303 (release) [ARM/embedded-4_9-br
