ARM GAS  C:\Users\CHRIST~1\AppData\Local\Temp\cccJ77Uy.s 			page 1


   1              		.cpu cortex-m0plus
   2              		.fpu softvfp
   3              		.eabi_attribute 20, 1
   4              		.eabi_attribute 21, 1
   5              		.eabi_attribute 23, 3
   6              		.eabi_attribute 24, 1
   7              		.eabi_attribute 25, 1
   8              		.eabi_attribute 26, 1
   9              		.eabi_attribute 30, 6
  10              		.eabi_attribute 34, 0
  11              		.eabi_attribute 18, 4
  12              		.code	16
  13              		.file	"main.c"
  14              		.text
  15              	.Ltext0:
  16              		.cfi_sections	.debug_frame
  17              		.comm	filterInit,1,1
  18              		.global	I2CRegsProcess
  19              		.bss
  20              		.align	2
  21              		.type	I2CRegsProcess, %object
  22              		.size	I2CRegsProcess, 38
  23              	I2CRegsProcess:
  24 0000 00000000 		.space	38
  24      00000000 
  24      00000000 
  24      00000000 
  24      00000000 
  25              		.global	ProcessValues
  26 0026 0000     		.align	2
  27              		.type	ProcessValues, %object
  28              		.size	ProcessValues, 38
  29              	ProcessValues:
  30 0028 00000000 		.space	38
  30      00000000 
  30      00000000 
  30      00000000 
  30      00000000 
  31              		.global	I2CRegsCommand
  32              		.align	1
  33              		.type	I2CRegsCommand, %object
  34              		.size	I2CRegsCommand, 2
  35              	I2CRegsCommand:
  36 004e 0000     		.space	2
  37              		.section	.text.I2CTask,"ax",%progbits
  38              		.align	2
  39              		.global	I2CTask
  40              		.code	16
  41              		.thumb_func
  42              		.type	I2CTask, %function
  43              	I2CTask:
  44              	.LFB35:
  45              		.file 1 "main.c"
   1:main.c        **** /******************************************************************************
   2:main.c        **** * Project Name		: PSoC Analog Coprocessor Environment Sensing Solution demo
   3:main.c        **** * Version			: 1.0
   4:main.c        **** * Device Used		: CY8C4A45LQI-L483
ARM GAS  C:\Users\CHRIST~1\AppData\Local\Temp\cccJ77Uy.s 			page 2


   5:main.c        **** * Software Used		: PSoC Creator 3.3 Service Pack 2 build 9598
   6:main.c        **** * Compiler Used		: ARM GCC 4.9.3 
   7:main.c        **** * Related Hardware	: CY8CKIT-048 PSoC Analog Coprocessor Pioneer Kit rev06
   8:main.c        **** *******************************************************************************
   9:main.c        **** * Copyright (2016), Cypress Semiconductor Corporation.
  10:main.c        **** *******************************************************************************
  11:main.c        **** * This software, including source code, documentation and related materials
  12:main.c        **** * ("Software") is owned by Cypress Semiconductor Corporation (Cypress) and is
  13:main.c        **** * protected by and subject to worldwide patent protection (United States and 
  14:main.c        **** * foreign), United States copyright laws and international treaty provisions. 
  15:main.c        **** * Cypress hereby grants to licensee a personal, non-exclusive, non-transferable
  16:main.c        **** * license to copy, use, modify, create derivative works of, and compile the 
  17:main.c        **** * Cypress source code and derivative works for the sole purpose of creating 
  18:main.c        **** * custom software in support of licensee product, such licensee product to be
  19:main.c        **** * used only in conjunction with Cypress's integrated circuit as specified in the
  20:main.c        **** * applicable agreement. Any reproduction, modification, translation, compilation,
  21:main.c        **** * or representation of this Software except as specified above is prohibited 
  22:main.c        **** * without the express written permission of Cypress.
  23:main.c        **** * 
  24:main.c        **** * Disclaimer: THIS SOFTWARE IS PROVIDED AS-IS, WITH NO WARRANTY OF ANY KIND, 
  25:main.c        **** * EXPRESS OR IMPLIED, INCLUDING, BUT NOT LIMITED TO, NONINFRINGEMENT, IMPLIED 
  26:main.c        **** * WARRANTIES OF MERCHANTABILITY AND FITNESS FOR A PARTICULAR PURPOSE.
  27:main.c        **** * Cypress reserves the right to make changes to the Software without notice. 
  28:main.c        **** * Cypress does not assume any liability arising out of the application or use
  29:main.c        **** * of Software or any product or circuit described in the Software. Cypress does
  30:main.c        **** * not authorize its products for use as critical components in any products 
  31:main.c        **** * where a malfunction or failure may reasonably be expected to result in 
  32:main.c        **** * significant injury or death ("ACTIVE Risk Product"). By including Cypress's 
  33:main.c        **** * product in a ACTIVE Risk Product, the manufacturer of such system or application
  34:main.c        **** * assumes all risk of such use and in doing so indemnifies Cypress against all
  35:main.c        **** * liability. Use of this Software may be limited by and subject to the applicable
  36:main.c        **** * Cypress software license agreement.
  37:main.c        **** *******************************************************************************/
  38:main.c        **** 
  39:main.c        **** /*******************************************************************************
  40:main.c        **** * Theory of Operation: This solution demonstrates measurement of environmental
  41:main.c        **** * parameters using sensors such as thermistor (temperature), ambient light sensor, 
  42:main.c        **** * humidity sensor, PIR sensor (IR based motion detection) and 
  43:main.c        **** * Inductive sensor (proximity of metal) using the PSoC Analog Coprocessor device. 
  44:main.c        **** *
  45:main.c        **** *******************************************************************************/
  46:main.c        **** 
  47:main.c        **** /* Header File Includes */
  48:main.c        **** #include <project.h>
  49:main.c        **** #include <main.h>
  50:main.c        **** #include <filters.h>
  51:main.c        **** #include <temperature.h>
  52:main.c        **** #include "AmbientLightSensor.h"
  53:main.c        **** #include "InductiveProx.h"
  54:main.c        **** #include "PIR.h"
  55:main.c        **** #include "math.h"
  56:main.c        **** #include <stdio.h>
  57:main.c        **** #include <humidity.h>
  58:main.c        **** #include <CyFlash.h>
  59:main.c        **** 
  60:main.c        **** /* Global Variables */
  61:main.c        **** PROCESS_VALUES I2CRegsProcess = {0, 0, 0, 0, 0, 0, 0, 0, 0, 0, 0, 0, 0, 0, 0, 0, 0, 0, 0};
ARM GAS  C:\Users\CHRIST~1\AppData\Local\Temp\cccJ77Uy.s 			page 3


  62:main.c        **** PROCESS_VALUES ProcessValues = {0, 0, 0, 0, 0, 0, 0, 0, 0, 0, 0, 0, 0, 0, 0, 0, 0, 0, 0};
  63:main.c        **** 
  64:main.c        **** uint16 I2CRegsCommand = 0;
  65:main.c        **** 
  66:main.c        **** /* Functions */
  67:main.c        **** 
  68:main.c        **** /*******************************************************************************
  69:main.c        **** * Function Name: void UpdateI2CRegisters(void)
  70:main.c        **** ********************************************************************************
  71:main.c        **** *
  72:main.c        **** * Summary:
  73:main.c        **** *  This function updates the I2C register map.  The function first checks if
  74:main.c        **** *  there is an I2C transaction in progress, and updates the I2C registers only if
  75:main.c        **** *  there is no I2C transaction in progress.
  76:main.c        **** *
  77:main.c        **** * Parameters:
  78:main.c        **** *  None
  79:main.c        **** *
  80:main.c        **** * Return:
  81:main.c        **** *  None.
  82:main.c        **** *
  83:main.c        **** * Side Effects:
  84:main.c        **** *   None
  85:main.c        **** *******************************************************************************/
  86:main.c        **** void I2CTask(void)
  87:main.c        **** {
  46              		.loc 1 87 0
  47              		.cfi_startproc
  48 0000 98B5     		push	{r3, r4, r7, lr}
  49              		.cfi_def_cfa_offset 16
  50              		.cfi_offset 3, -16
  51              		.cfi_offset 4, -12
  52              		.cfi_offset 7, -8
  53              		.cfi_offset 14, -4
  54 0002 00AF     		add	r7, sp, #0
  55              		.cfi_def_cfa_register 7
  88:main.c        ****     if(!(EzI2C_EzI2CGetActivity() & EzI2C_EZI2C_STATUS_BUSY))
  56              		.loc 1 88 0
  57 0004 FFF7FEFF 		bl	EzI2C_EzI2CGetActivity
  58 0008 021C     		mov	r2, r0
  59 000a 2023     		mov	r3, #32
  60 000c 1340     		and	r3, r2
  61 000e 09D1     		bne	.L1
  89:main.c        **** 	{
  90:main.c        ****     	I2CRegsProcess = ProcessValues;
  62              		.loc 1 90 0
  63 0010 054B     		ldr	r3, .L3
  64 0012 064A     		ldr	r2, .L3+4
  65 0014 13CA     		ldmia	r2!, {r0, r1, r4}
  66 0016 13C3     		stmia	r3!, {r0, r1, r4}
  67 0018 13CA     		ldmia	r2!, {r0, r1, r4}
  68 001a 13C3     		stmia	r3!, {r0, r1, r4}
  69 001c 13CA     		ldmia	r2!, {r0, r1, r4}
  70 001e 13C3     		stmia	r3!, {r0, r1, r4}
  71 0020 1288     		ldrh	r2, [r2]
  72 0022 1A80     		strh	r2, [r3]
  73              	.L1:
ARM GAS  C:\Users\CHRIST~1\AppData\Local\Temp\cccJ77Uy.s 			page 4


  91:main.c        **** 	}
  92:main.c        **** }
  74              		.loc 1 92 0
  75 0024 BD46     		mov	sp, r7
  76              		@ sp needed
  77 0026 98BD     		pop	{r3, r4, r7, pc}
  78              	.L4:
  79              		.align	2
  80              	.L3:
  81 0028 00000000 		.word	I2CRegsProcess
  82 002c 00000000 		.word	ProcessValues
  83              		.cfi_endproc
  84              	.LFE35:
  85              		.size	I2CTask, .-I2CTask
  86              		.section	.text.main,"ax",%progbits
  87              		.align	2
  88              		.global	main
  89              		.code	16
  90              		.thumb_func
  91              		.type	main, %function
  92              	main:
  93              	.LFB36:
  93:main.c        **** 
  94:main.c        **** /*******************************************************************************
  95:main.c        **** * Function Name: main
  96:main.c        **** ********************************************************************************
  97:main.c        **** *
  98:main.c        **** * Summary:
  99:main.c        **** *  This is the main function for the project.  The function initializes all the
 100:main.c        **** *  resources, and in an infinite loop, performs tasks to measure all the process
 101:main.c        **** *  parameters from sensors and updates I2C register map
 102:main.c        **** *
 103:main.c        **** * Parameters:
 104:main.c        **** *  None
 105:main.c        **** *
 106:main.c        **** * Return:
 107:main.c        **** *  None.
 108:main.c        **** *
 109:main.c        **** * Side Effects:
 110:main.c        **** *   None
 111:main.c        **** *******************************************************************************/
 112:main.c        **** int main()
 113:main.c        **** {
  94              		.loc 1 113 0
  95              		.cfi_startproc
  96 0000 80B5     		push	{r7, lr}
  97              		.cfi_def_cfa_offset 8
  98              		.cfi_offset 7, -8
  99              		.cfi_offset 14, -4
 100 0002 00AF     		add	r7, sp, #0
 101              		.cfi_def_cfa_register 7
 114:main.c        **** 	/* Enable global interrupts */
 115:main.c        **** 	CyGlobalIntEnable;
 102              		.loc 1 115 0
 103              	@ 115 "main.c" 1
 104 0004 62B6     		CPSIE   i
 105              	@ 0 "" 2
ARM GAS  C:\Users\CHRIST~1\AppData\Local\Temp\cccJ77Uy.s 			page 5


 116:main.c        **** 	
 117:main.c        **** 	/* Initialize hardware resources */
 118:main.c        **** 	InitResources();
 106              		.loc 1 118 0
 107              		.code	16
 108 0006 FFF7FEFF 		bl	InitResources
 109              	.L7:
 119:main.c        **** 
 120:main.c        **** 	/* Infinite Loop */
 121:main.c        **** 	for(;;)
 122:main.c        ****     {
 123:main.c        **** 		/* Check if ADC data is ready */
 124:main.c        **** 		if(ADC_IsEndConversion(ADC_RETURN_STATUS))
 110              		.loc 1 124 0
 111 000a 0120     		mov	r0, #1
 112 000c FFF7FEFF 		bl	ADC_IsEndConversion
 113 0010 031E     		sub	r3, r0, #0
 114 0012 07D0     		beq	.L6
 125:main.c        **** 		{
 126:main.c        **** 			/* Call the temperature task to measure temperature */
 127:main.c        **** 			TemperatureTask();
 115              		.loc 1 127 0
 116 0014 FFF7FEFF 		bl	TemperatureTask
 128:main.c        **** 			
 129:main.c        **** 			/* Call the Ambient Light Sensor task to measure ambient light */
 130:main.c        **** 			AmbientLightSensorTask();
 117              		.loc 1 130 0
 118 0018 FFF7FEFF 		bl	AmbientLightSensorTask
 131:main.c        **** 			
 132:main.c        **** 			/* Call the PIR task to process PIR sensor signal */
 133:main.c        **** 			PIRTask();	
 119              		.loc 1 133 0
 120 001c FFF7FEFF 		bl	PIRTask
 134:main.c        **** 			
 135:main.c        **** 			 /* Call the IPS task to process IPS sensor signal */
 136:main.c        **** 			IPSTask();
 121              		.loc 1 136 0
 122 0020 FFF7FEFF 		bl	IPSTask
 123              	.L6:
 137:main.c        **** 		}
 138:main.c        ****         
 139:main.c        ****         /* Do humidity task */
 140:main.c        ****         HumidityTask();
 124              		.loc 1 140 0
 125 0024 FFF7FEFF 		bl	HumidityTask
 141:main.c        ****         
 142:main.c        ****         /* Do I2C task */
 143:main.c        ****         I2CTask();
 126              		.loc 1 143 0
 127 0028 FFF7FEFF 		bl	I2CTask
 144:main.c        ****     }
 128              		.loc 1 144 0
 129 002c EDE7     		b	.L7
 130              		.cfi_endproc
 131              	.LFE36:
 132              		.size	main, .-main
 133 002e C046     		.section	.text.InitResources,"ax",%progbits
ARM GAS  C:\Users\CHRIST~1\AppData\Local\Temp\cccJ77Uy.s 			page 6


 134              		.align	2
 135              		.global	InitResources
 136              		.code	16
 137              		.thumb_func
 138              		.type	InitResources, %function
 139              	InitResources:
 140              	.LFB37:
 145:main.c        **** }
 146:main.c        **** 
 147:main.c        **** /*******************************************************************************
 148:main.c        **** * Function Name: void InitResources(void)
 149:main.c        **** ********************************************************************************
 150:main.c        **** *
 151:main.c        **** * Summary:
 152:main.c        **** *  This function initializes all the hardware resources
 153:main.c        **** *
 154:main.c        **** * Parameters:
 155:main.c        **** *  None
 156:main.c        **** *
 157:main.c        **** * Return:
 158:main.c        **** *  None.
 159:main.c        **** *
 160:main.c        **** * Side Effects:
 161:main.c        **** *   None
 162:main.c        **** *******************************************************************************/
 163:main.c        **** void InitResources(void)
 164:main.c        **** {
 141              		.loc 1 164 0
 142              		.cfi_startproc
 143 0000 80B5     		push	{r7, lr}
 144              		.cfi_def_cfa_offset 8
 145              		.cfi_offset 7, -8
 146              		.cfi_offset 14, -4
 147 0002 00AF     		add	r7, sp, #0
 148              		.cfi_def_cfa_register 7
 165:main.c        ****     /* Version Major#.Minor# stored as MSB.LSB */
 166:main.c        ****     ProcessValues.Version = FW_VER_SET_MAJOR(1) + FW_VER_SET_MINOR(0);
 149              		.loc 1 166 0
 150 0004 244B     		ldr	r3, .L9
 151 0006 8022     		mov	r2, #128
 152 0008 5200     		lsl	r2, r2, #1
 153 000a 1A80     		strh	r2, [r3]
 167:main.c        ****     
 168:main.c        **** 	/* Set IIR Low Pass filter coefficients */
 169:main.c        **** 	SetFilterCoefficient(FILTER_COEFFICIENT_TEMPERATURE, LPF_CHANNEL_TEMP_VREF);
 154              		.loc 1 169 0
 155 000c 4020     		mov	r0, #64
 156 000e 0021     		mov	r1, #0
 157 0010 FFF7FEFF 		bl	SetFilterCoefficient
 170:main.c        **** 	SetFilterCoefficient(FILTER_COEFFICIENT_TEMPERATURE, LPF_CHANNEL_TEMP_VTH);
 158              		.loc 1 170 0
 159 0014 4020     		mov	r0, #64
 160 0016 0121     		mov	r1, #1
 161 0018 FFF7FEFF 		bl	SetFilterCoefficient
 171:main.c        **** 	SetFilterCoefficient(FILTER_COEFFICIENT_ALS, LPF_CHANNEL_ALS);
 162              		.loc 1 171 0
 163 001c 1020     		mov	r0, #16
ARM GAS  C:\Users\CHRIST~1\AppData\Local\Temp\cccJ77Uy.s 			page 7


 164 001e 0221     		mov	r1, #2
 165 0020 FFF7FEFF 		bl	SetFilterCoefficient
 172:main.c        **** 	SetFilterCoefficient(FILTER_COEFFICIENT_IPS, LPF_CHANNEL_IPS);
 166              		.loc 1 172 0
 167 0024 1020     		mov	r0, #16
 168 0026 0321     		mov	r1, #3
 169 0028 FFF7FEFF 		bl	SetFilterCoefficient
 173:main.c        ****     
 174:main.c        ****     /* Start EzI2C and initialize buffer */
 175:main.c        **** 	EzI2C_Start();
 170              		.loc 1 175 0
 171 002c FFF7FEFF 		bl	EzI2C_Start
 176:main.c        **** 	EzI2C_EzI2CSetBuffer1(sizeof(I2CRegsProcess), 0, (uint8*)&I2CRegsProcess);
 172              		.loc 1 176 0
 173 0030 1A4B     		ldr	r3, .L9+4
 174 0032 2620     		mov	r0, #38
 175 0034 0021     		mov	r1, #0
 176 0036 1A1C     		mov	r2, r3
 177 0038 FFF7FEFF 		bl	EzI2C_EzI2CSetBuffer1
 177:main.c        **** 	EzI2C_EzI2CSetBuffer2(sizeof(I2CRegsCommand), 2, (uint8*)&I2CRegsCommand);
 178              		.loc 1 177 0
 179 003c 184B     		ldr	r3, .L9+8
 180 003e 0220     		mov	r0, #2
 181 0040 0221     		mov	r1, #2
 182 0042 1A1C     		mov	r2, r3
 183 0044 FFF7FEFF 		bl	EzI2C_EzI2CSetBuffer2
 178:main.c        **** 	
 179:main.c        **** 	/* Start the VREF buffer */
 180:main.c        **** 	VrefBuffer_Start();
 184              		.loc 1 180 0
 185 0048 FFF7FEFF 		bl	VrefBuffer_Start
 181:main.c        ****     
 182:main.c        ****     /* Start the programmable voltage reference source */
 183:main.c        ****     PVref_Start();
 186              		.loc 1 183 0
 187 004c FFF7FEFF 		bl	PVref_Start
 184:main.c        ****     PVref_Enable();
 188              		.loc 1 184 0
 189 0050 FFF7FEFF 		bl	PVref_Enable
 185:main.c        ****     
 186:main.c        ****     /* Initialize sensor interfaces */
 187:main.c        ****     IPS_Start();
 190              		.loc 1 187 0
 191 0054 FFF7FEFF 		bl	IPS_Start
 188:main.c        ****     Temperature_Start();
 192              		.loc 1 188 0
 193 0058 FFF7FEFF 		bl	Temperature_Start
 189:main.c        ****     PIR_Start();
 194              		.loc 1 189 0
 195 005c FFF7FEFF 		bl	PIR_Start
 190:main.c        ****     AmbientLightSensor_Start();
 196              		.loc 1 190 0
 197 0060 FFF7FEFF 		bl	AmbientLightSensor_Start
 191:main.c        ****     Humidity_Start();
 198              		.loc 1 191 0
 199 0064 FFF7FEFF 		bl	Humidity_Start
 192:main.c        ****     
ARM GAS  C:\Users\CHRIST~1\AppData\Local\Temp\cccJ77Uy.s 			page 8


 193:main.c        ****     /* Start ADC and start conversion */
 194:main.c        **** 	ADC_Start();	    
 200              		.loc 1 194 0
 201 0068 FFF7FEFF 		bl	ADC_Start
 195:main.c        ****     ADC_StartConvert();
 202              		.loc 1 195 0
 203 006c FFF7FEFF 		bl	ADC_StartConvert
 196:main.c        ****     
 197:main.c        ****     /* Set start up delay */
 198:main.c        ****     CY_SET_REG32(Rectifier_UABH_B_halfuab__STARTUP_DELAY,22);
 204              		.loc 1 198 0
 205 0070 0C4B     		ldr	r3, .L9+12
 206 0072 1622     		mov	r2, #22
 207 0074 1A60     		str	r2, [r3]
 199:main.c        ****     
 200:main.c        ****     /* Configure UAB to use SAR output trigger */
 201:main.c        ****     CY_SET_REG32(Rectifier_UABH_B_halfuab__SRAM_CTRL, (CY_GET_REG32(Rectifier_UABH_B_halfuab__SRAM_
 208              		.loc 1 201 0
 209 0076 0C4B     		ldr	r3, .L9+16
 210 0078 0B4A     		ldr	r2, .L9+16
 211 007a 1268     		ldr	r2, [r2]
 212 007c 1202     		lsl	r2, r2, #8
 213 007e 120A     		lsr	r2, r2, #8
 214 0080 BF21     		mov	r1, #191
 215 0082 0906     		lsl	r1, r1, #24
 216 0084 0A43     		orr	r2, r1
 217 0086 1A60     		str	r2, [r3]
 202:main.c        ****     
 203:main.c        ****     /* Configure SAR to generate trigger for the UAB */
 204:main.c        ****     CY_SET_REG32(ADC_cy_psoc4_sar_1__SAR_SAMPLE_CTRL, (CY_GET_REG32(ADC_cy_psoc4_sar_1__SAR_SAMPLE_
 218              		.loc 1 204 0
 219 0088 084B     		ldr	r3, .L9+20
 220 008a 084A     		ldr	r2, .L9+20
 221 008c 1268     		ldr	r2, [r2]
 222 008e 0849     		ldr	r1, .L9+24
 223 0090 0A43     		orr	r2, r1
 224 0092 1A60     		str	r2, [r3]
 205:main.c        ****         
 206:main.c        **** }
 225              		.loc 1 206 0
 226 0094 BD46     		mov	sp, r7
 227              		@ sp needed
 228 0096 80BD     		pop	{r7, pc}
 229              	.L10:
 230              		.align	2
 231              	.L9:
 232 0098 00000000 		.word	ProcessValues
 233 009c 00000000 		.word	I2CRegsProcess
 234 00a0 00000000 		.word	I2CRegsCommand
 235 00a4 20023440 		.word	1077150240
 236 00a8 78023440 		.word	1077150328
 237 00ac 04003A40 		.word	1077542916
 238 00b0 00004040 		.word	1077936128
 239              		.cfi_endproc
 240              	.LFE37:
 241              		.size	InitResources, .-InitResources
 242              		.section	.text.TIMEBASE_ISR,"ax",%progbits
ARM GAS  C:\Users\CHRIST~1\AppData\Local\Temp\cccJ77Uy.s 			page 9


 243              		.align	2
 244              		.global	TIMEBASE_ISR
 245              		.code	16
 246              		.thumb_func
 247              		.type	TIMEBASE_ISR, %function
 248              	TIMEBASE_ISR:
 249              	.LFB38:
 207:main.c        **** 
 208:main.c        **** 
 209:main.c        **** /*******************************************************************************
 210:main.c        **** * Function Name: CY_ISR(TIMEBASE_ISR)
 211:main.c        **** ********************************************************************************
 212:main.c        **** *
 213:main.c        **** * Summary:
 214:main.c        **** *  This function implements the ISR for 5s timebase
 215:main.c        **** * 
 216:main.c        **** * Parameters:
 217:main.c        **** *  None
 218:main.c        **** *
 219:main.c        **** * Return:
 220:main.c        **** *  None
 221:main.c        **** *
 222:main.c        **** * Side Effects:
 223:main.c        **** *   None
 224:main.c        **** *******************************************************************************/
 225:main.c        **** CY_ISR(TIMEBASE_ISR)
 226:main.c        **** {
 250              		.loc 1 226 0
 251              		.cfi_startproc
 252 0000 80B5     		push	{r7, lr}
 253              		.cfi_def_cfa_offset 8
 254              		.cfi_offset 7, -8
 255              		.cfi_offset 14, -4
 256 0002 00AF     		add	r7, sp, #0
 257              		.cfi_def_cfa_register 7
 227:main.c        ****    	/* Reset the motion detection flag */
 228:main.c        ****     ProcessValues.PIRTrigger = NOT_TRIGGERED;
 258              		.loc 1 228 0
 259 0004 034B     		ldr	r3, .L12
 260 0006 0022     		mov	r2, #0
 261 0008 9A82     		strh	r2, [r3, #20]
 229:main.c        ****     
 230:main.c        ****     /* Turn the LED off */
 231:main.c        ****     #ifdef PIR_LED_ENABLED 
 232:main.c        ****         LED_Blue_Write(LED_OFF); 
 233:main.c        ****     #endif
 234:main.c        ****     
 235:main.c        ****     /* Stop the 5s timer */
 236:main.c        ****     Timebase5s_Stop();
 262              		.loc 1 236 0
 263 000a FFF7FEFF 		bl	Timebase5s_Stop
 237:main.c        **** }
 264              		.loc 1 237 0
 265 000e BD46     		mov	sp, r7
 266              		@ sp needed
 267 0010 80BD     		pop	{r7, pc}
 268              	.L13:
ARM GAS  C:\Users\CHRIST~1\AppData\Local\Temp\cccJ77Uy.s 			page 10


 269 0012 C046     		.align	2
 270              	.L12:
 271 0014 00000000 		.word	ProcessValues
 272              		.cfi_endproc
 273              	.LFE38:
 274              		.size	TIMEBASE_ISR, .-TIMEBASE_ISR
 275              		.text
 276              	.Letext0:
 277              		.file 2 "Generated_Source\\PSoC4/cytypes.h"
 278              		.file 3 "./main.h"
 279              		.file 4 "PIR.h"
 280              		.section	.debug_info,"",%progbits
 281              	.Ldebug_info0:
 282 0000 60020000 		.4byte	0x260
 283 0004 0400     		.2byte	0x4
 284 0006 00000000 		.4byte	.Ldebug_abbrev0
 285 000a 04       		.byte	0x4
 286 000b 01       		.uleb128 0x1
 287 000c A5010000 		.4byte	.LASF46
 288 0010 01       		.byte	0x1
 289 0011 7E020000 		.4byte	.LASF47
 290 0015 81000000 		.4byte	.LASF48
 291 0019 00000000 		.4byte	.Ldebug_ranges0+0
 292 001d 00000000 		.4byte	0
 293 0021 00000000 		.4byte	.Ldebug_line0
 294 0025 02       		.uleb128 0x2
 295 0026 01       		.byte	0x1
 296 0027 06       		.byte	0x6
 297 0028 EE020000 		.4byte	.LASF0
 298 002c 02       		.uleb128 0x2
 299 002d 01       		.byte	0x1
 300 002e 08       		.byte	0x8
 301 002f 20010000 		.4byte	.LASF1
 302 0033 02       		.uleb128 0x2
 303 0034 02       		.byte	0x2
 304 0035 05       		.byte	0x5
 305 0036 B8020000 		.4byte	.LASF2
 306 003a 02       		.uleb128 0x2
 307 003b 02       		.byte	0x2
 308 003c 07       		.byte	0x7
 309 003d 37000000 		.4byte	.LASF3
 310 0041 02       		.uleb128 0x2
 311 0042 04       		.byte	0x4
 312 0043 05       		.byte	0x5
 313 0044 E5020000 		.4byte	.LASF4
 314 0048 02       		.uleb128 0x2
 315 0049 04       		.byte	0x4
 316 004a 07       		.byte	0x7
 317 004b FA000000 		.4byte	.LASF5
 318 004f 02       		.uleb128 0x2
 319 0050 08       		.byte	0x8
 320 0051 05       		.byte	0x5
 321 0052 70020000 		.4byte	.LASF6
 322 0056 02       		.uleb128 0x2
 323 0057 08       		.byte	0x8
 324 0058 07       		.byte	0x7
 325 0059 FA020000 		.4byte	.LASF7
ARM GAS  C:\Users\CHRIST~1\AppData\Local\Temp\cccJ77Uy.s 			page 11


 326 005d 03       		.uleb128 0x3
 327 005e 04       		.byte	0x4
 328 005f 05       		.byte	0x5
 329 0060 696E7400 		.ascii	"int\000"
 330 0064 02       		.uleb128 0x2
 331 0065 04       		.byte	0x4
 332 0066 07       		.byte	0x7
 333 0067 93010000 		.4byte	.LASF8
 334 006b 04       		.uleb128 0x4
 335 006c 0C010000 		.4byte	.LASF9
 336 0070 02       		.byte	0x2
 337 0071 9801     		.2byte	0x198
 338 0073 2C000000 		.4byte	0x2c
 339 0077 04       		.uleb128 0x4
 340 0078 5E010000 		.4byte	.LASF10
 341 007c 02       		.byte	0x2
 342 007d 9901     		.2byte	0x199
 343 007f 3A000000 		.4byte	0x3a
 344 0083 04       		.uleb128 0x4
 345 0084 6C010000 		.4byte	.LASF11
 346 0088 02       		.byte	0x2
 347 0089 9A01     		.2byte	0x19a
 348 008b 48000000 		.4byte	0x48
 349 008f 04       		.uleb128 0x4
 350 0090 F4000000 		.4byte	.LASF12
 351 0094 02       		.byte	0x2
 352 0095 9C01     		.2byte	0x19c
 353 0097 33000000 		.4byte	0x33
 354 009b 04       		.uleb128 0x4
 355 009c E6000000 		.4byte	.LASF13
 356 00a0 02       		.byte	0x2
 357 00a1 9D01     		.2byte	0x19d
 358 00a3 41000000 		.4byte	0x41
 359 00a7 02       		.uleb128 0x2
 360 00a8 04       		.byte	0x4
 361 00a9 04       		.byte	0x4
 362 00aa 7B000000 		.4byte	.LASF14
 363 00ae 02       		.uleb128 0x2
 364 00af 08       		.byte	0x8
 365 00b0 04       		.byte	0x4
 366 00b1 39010000 		.4byte	.LASF15
 367 00b5 02       		.uleb128 0x2
 368 00b6 01       		.byte	0x1
 369 00b7 08       		.byte	0x8
 370 00b8 A0010000 		.4byte	.LASF16
 371 00bc 04       		.uleb128 0x4
 372 00bd 0B000000 		.4byte	.LASF17
 373 00c1 02       		.byte	0x2
 374 00c2 4402     		.2byte	0x244
 375 00c4 C8000000 		.4byte	0xc8
 376 00c8 05       		.uleb128 0x5
 377 00c9 83000000 		.4byte	0x83
 378 00cd 02       		.uleb128 0x2
 379 00ce 04       		.byte	0x4
 380 00cf 07       		.byte	0x7
 381 00d0 67020000 		.4byte	.LASF18
 382 00d4 06       		.uleb128 0x6
ARM GAS  C:\Users\CHRIST~1\AppData\Local\Temp\cccJ77Uy.s 			page 12


 383 00d5 85020000 		.4byte	.LASF36
 384 00d9 26       		.byte	0x26
 385 00da 03       		.byte	0x3
 386 00db 5C       		.byte	0x5c
 387 00dc C5010000 		.4byte	0x1c5
 388 00e0 07       		.uleb128 0x7
 389 00e1 46020000 		.4byte	.LASF19
 390 00e5 03       		.byte	0x3
 391 00e6 5E       		.byte	0x5e
 392 00e7 77000000 		.4byte	0x77
 393 00eb 00       		.byte	0
 394 00ec 08       		.uleb128 0x8
 395 00ed 56746800 		.ascii	"Vth\000"
 396 00f1 03       		.byte	0x3
 397 00f2 5F       		.byte	0x5f
 398 00f3 77000000 		.4byte	0x77
 399 00f7 02       		.byte	0x2
 400 00f8 08       		.uleb128 0x8
 401 00f9 52746800 		.ascii	"Rth\000"
 402 00fd 03       		.byte	0x3
 403 00fe 60       		.byte	0x60
 404 00ff 77000000 		.4byte	0x77
 405 0103 04       		.byte	0x4
 406 0104 07       		.uleb128 0x7
 407 0105 1E000000 		.4byte	.LASF20
 408 0109 03       		.byte	0x3
 409 010a 61       		.byte	0x61
 410 010b 8F000000 		.4byte	0x8f
 411 010f 06       		.byte	0x6
 412 0110 07       		.uleb128 0x7
 413 0111 59000000 		.4byte	.LASF21
 414 0115 03       		.byte	0x3
 415 0116 62       		.byte	0x62
 416 0117 77000000 		.4byte	0x77
 417 011b 08       		.byte	0x8
 418 011c 07       		.uleb128 0x7
 419 011d D6020000 		.4byte	.LASF22
 420 0121 03       		.byte	0x3
 421 0122 63       		.byte	0x63
 422 0123 77000000 		.4byte	0x77
 423 0127 0A       		.byte	0xa
 424 0128 07       		.uleb128 0x7
 425 0129 74000000 		.4byte	.LASF23
 426 012d 03       		.byte	0x3
 427 012e 64       		.byte	0x64
 428 012f 8F000000 		.4byte	0x8f
 429 0133 0C       		.byte	0xc
 430 0134 07       		.uleb128 0x7
 431 0135 65010000 		.4byte	.LASF24
 432 0139 03       		.byte	0x3
 433 013a 65       		.byte	0x65
 434 013b 8F000000 		.4byte	0x8f
 435 013f 0E       		.byte	0xe
 436 0140 07       		.uleb128 0x7
 437 0141 85010000 		.4byte	.LASF25
 438 0145 03       		.byte	0x3
 439 0146 66       		.byte	0x66
ARM GAS  C:\Users\CHRIST~1\AppData\Local\Temp\cccJ77Uy.s 			page 13


 440 0147 8F000000 		.4byte	0x8f
 441 014b 10       		.byte	0x10
 442 014c 07       		.uleb128 0x7
 443 014d 2A000000 		.4byte	.LASF26
 444 0151 03       		.byte	0x3
 445 0152 67       		.byte	0x67
 446 0153 8F000000 		.4byte	0x8f
 447 0157 12       		.byte	0x12
 448 0158 07       		.uleb128 0x7
 449 0159 00000000 		.4byte	.LASF27
 450 015d 03       		.byte	0x3
 451 015e 68       		.byte	0x68
 452 015f 8F000000 		.4byte	0x8f
 453 0163 14       		.byte	0x14
 454 0164 07       		.uleb128 0x7
 455 0165 4E020000 		.4byte	.LASF28
 456 0169 03       		.byte	0x3
 457 016a 69       		.byte	0x69
 458 016b 8F000000 		.4byte	0x8f
 459 016f 16       		.byte	0x16
 460 0170 07       		.uleb128 0x7
 461 0171 C2020000 		.4byte	.LASF29
 462 0175 03       		.byte	0x3
 463 0176 6A       		.byte	0x6a
 464 0177 8F000000 		.4byte	0x8f
 465 017b 18       		.byte	0x18
 466 017c 07       		.uleb128 0x7
 467 017d 94020000 		.4byte	.LASF30
 468 0181 03       		.byte	0x3
 469 0182 6B       		.byte	0x6b
 470 0183 8F000000 		.4byte	0x8f
 471 0187 1A       		.byte	0x1a
 472 0188 07       		.uleb128 0x7
 473 0189 2E010000 		.4byte	.LASF31
 474 018d 03       		.byte	0x3
 475 018e 6C       		.byte	0x6c
 476 018f 77000000 		.4byte	0x77
 477 0193 1C       		.byte	0x1c
 478 0194 07       		.uleb128 0x7
 479 0195 64000000 		.4byte	.LASF32
 480 0199 03       		.byte	0x3
 481 019a 6D       		.byte	0x6d
 482 019b 77000000 		.4byte	0x77
 483 019f 1E       		.byte	0x1e
 484 01a0 07       		.uleb128 0x7
 485 01a1 A6020000 		.4byte	.LASF33
 486 01a5 03       		.byte	0x3
 487 01a6 6E       		.byte	0x6e
 488 01a7 77000000 		.4byte	0x77
 489 01ab 20       		.byte	0x20
 490 01ac 07       		.uleb128 0x7
 491 01ad 73010000 		.4byte	.LASF34
 492 01b1 03       		.byte	0x3
 493 01b2 6F       		.byte	0x6f
 494 01b3 77000000 		.4byte	0x77
 495 01b7 22       		.byte	0x22
 496 01b8 07       		.uleb128 0x7
ARM GAS  C:\Users\CHRIST~1\AppData\Local\Temp\cccJ77Uy.s 			page 14


 497 01b9 11030000 		.4byte	.LASF35
 498 01bd 03       		.byte	0x3
 499 01be 70       		.byte	0x70
 500 01bf 77000000 		.4byte	0x77
 501 01c3 24       		.byte	0x24
 502 01c4 00       		.byte	0
 503 01c5 09       		.uleb128 0x9
 504 01c6 85020000 		.4byte	.LASF36
 505 01ca 03       		.byte	0x3
 506 01cb 71       		.byte	0x71
 507 01cc D4000000 		.4byte	0xd4
 508 01d0 02       		.uleb128 0x2
 509 01d1 08       		.byte	0x8
 510 01d2 04       		.byte	0x4
 511 01d3 5B020000 		.4byte	.LASF37
 512 01d7 0A       		.uleb128 0xa
 513 01d8 EC000000 		.4byte	.LASF38
 514 01dc 01       		.byte	0x1
 515 01dd 56       		.byte	0x56
 516 01de 00000000 		.4byte	.LFB35
 517 01e2 30000000 		.4byte	.LFE35-.LFB35
 518 01e6 01       		.uleb128 0x1
 519 01e7 9C       		.byte	0x9c
 520 01e8 0B       		.uleb128 0xb
 521 01e9 59010000 		.4byte	.LASF39
 522 01ed 01       		.byte	0x1
 523 01ee 70       		.byte	0x70
 524 01ef 5D000000 		.4byte	0x5d
 525 01f3 00000000 		.4byte	.LFB36
 526 01f7 2E000000 		.4byte	.LFE36-.LFB36
 527 01fb 01       		.uleb128 0x1
 528 01fc 9C       		.byte	0x9c
 529 01fd 0A       		.uleb128 0xa
 530 01fe 4B010000 		.4byte	.LASF40
 531 0202 01       		.byte	0x1
 532 0203 A3       		.byte	0xa3
 533 0204 00000000 		.4byte	.LFB37
 534 0208 B4000000 		.4byte	.LFE37-.LFB37
 535 020c 01       		.uleb128 0x1
 536 020d 9C       		.byte	0x9c
 537 020e 0A       		.uleb128 0xa
 538 020f 11000000 		.4byte	.LASF41
 539 0213 01       		.byte	0x1
 540 0214 E1       		.byte	0xe1
 541 0215 00000000 		.4byte	.LFB38
 542 0219 18000000 		.4byte	.LFE38-.LFB38
 543 021d 01       		.uleb128 0x1
 544 021e 9C       		.byte	0x9c
 545 021f 0C       		.uleb128 0xc
 546 0220 4A000000 		.4byte	.LASF42
 547 0224 01       		.byte	0x1
 548 0225 3D       		.byte	0x3d
 549 0226 C5010000 		.4byte	0x1c5
 550 022a 05       		.uleb128 0x5
 551 022b 03       		.byte	0x3
 552 022c 00000000 		.4byte	I2CRegsProcess
 553 0230 0C       		.uleb128 0xc
ARM GAS  C:\Users\CHRIST~1\AppData\Local\Temp\cccJ77Uy.s 			page 15


 554 0231 12010000 		.4byte	.LASF43
 555 0235 01       		.byte	0x1
 556 0236 3E       		.byte	0x3e
 557 0237 C5010000 		.4byte	0x1c5
 558 023b 05       		.uleb128 0x5
 559 023c 03       		.byte	0x3
 560 023d 00000000 		.4byte	ProcessValues
 561 0241 0C       		.uleb128 0xc
 562 0242 37020000 		.4byte	.LASF44
 563 0246 01       		.byte	0x1
 564 0247 40       		.byte	0x40
 565 0248 77000000 		.4byte	0x77
 566 024c 05       		.uleb128 0x5
 567 024d 03       		.byte	0x3
 568 024e 00000000 		.4byte	I2CRegsCommand
 569 0252 0C       		.uleb128 0xc
 570 0253 40010000 		.4byte	.LASF45
 571 0257 04       		.byte	0x4
 572 0258 30       		.byte	0x30
 573 0259 6B000000 		.4byte	0x6b
 574 025d 05       		.uleb128 0x5
 575 025e 03       		.byte	0x3
 576 025f 00000000 		.4byte	filterInit
 577 0263 00       		.byte	0
 578              		.section	.debug_abbrev,"",%progbits
 579              	.Ldebug_abbrev0:
 580 0000 01       		.uleb128 0x1
 581 0001 11       		.uleb128 0x11
 582 0002 01       		.byte	0x1
 583 0003 25       		.uleb128 0x25
 584 0004 0E       		.uleb128 0xe
 585 0005 13       		.uleb128 0x13
 586 0006 0B       		.uleb128 0xb
 587 0007 03       		.uleb128 0x3
 588 0008 0E       		.uleb128 0xe
 589 0009 1B       		.uleb128 0x1b
 590 000a 0E       		.uleb128 0xe
 591 000b 55       		.uleb128 0x55
 592 000c 17       		.uleb128 0x17
 593 000d 11       		.uleb128 0x11
 594 000e 01       		.uleb128 0x1
 595 000f 10       		.uleb128 0x10
 596 0010 17       		.uleb128 0x17
 597 0011 00       		.byte	0
 598 0012 00       		.byte	0
 599 0013 02       		.uleb128 0x2
 600 0014 24       		.uleb128 0x24
 601 0015 00       		.byte	0
 602 0016 0B       		.uleb128 0xb
 603 0017 0B       		.uleb128 0xb
 604 0018 3E       		.uleb128 0x3e
 605 0019 0B       		.uleb128 0xb
 606 001a 03       		.uleb128 0x3
 607 001b 0E       		.uleb128 0xe
 608 001c 00       		.byte	0
 609 001d 00       		.byte	0
 610 001e 03       		.uleb128 0x3
ARM GAS  C:\Users\CHRIST~1\AppData\Local\Temp\cccJ77Uy.s 			page 16


 611 001f 24       		.uleb128 0x24
 612 0020 00       		.byte	0
 613 0021 0B       		.uleb128 0xb
 614 0022 0B       		.uleb128 0xb
 615 0023 3E       		.uleb128 0x3e
 616 0024 0B       		.uleb128 0xb
 617 0025 03       		.uleb128 0x3
 618 0026 08       		.uleb128 0x8
 619 0027 00       		.byte	0
 620 0028 00       		.byte	0
 621 0029 04       		.uleb128 0x4
 622 002a 16       		.uleb128 0x16
 623 002b 00       		.byte	0
 624 002c 03       		.uleb128 0x3
 625 002d 0E       		.uleb128 0xe
 626 002e 3A       		.uleb128 0x3a
 627 002f 0B       		.uleb128 0xb
 628 0030 3B       		.uleb128 0x3b
 629 0031 05       		.uleb128 0x5
 630 0032 49       		.uleb128 0x49
 631 0033 13       		.uleb128 0x13
 632 0034 00       		.byte	0
 633 0035 00       		.byte	0
 634 0036 05       		.uleb128 0x5
 635 0037 35       		.uleb128 0x35
 636 0038 00       		.byte	0
 637 0039 49       		.uleb128 0x49
 638 003a 13       		.uleb128 0x13
 639 003b 00       		.byte	0
 640 003c 00       		.byte	0
 641 003d 06       		.uleb128 0x6
 642 003e 13       		.uleb128 0x13
 643 003f 01       		.byte	0x1
 644 0040 03       		.uleb128 0x3
 645 0041 0E       		.uleb128 0xe
 646 0042 0B       		.uleb128 0xb
 647 0043 0B       		.uleb128 0xb
 648 0044 3A       		.uleb128 0x3a
 649 0045 0B       		.uleb128 0xb
 650 0046 3B       		.uleb128 0x3b
 651 0047 0B       		.uleb128 0xb
 652 0048 01       		.uleb128 0x1
 653 0049 13       		.uleb128 0x13
 654 004a 00       		.byte	0
 655 004b 00       		.byte	0
 656 004c 07       		.uleb128 0x7
 657 004d 0D       		.uleb128 0xd
 658 004e 00       		.byte	0
 659 004f 03       		.uleb128 0x3
 660 0050 0E       		.uleb128 0xe
 661 0051 3A       		.uleb128 0x3a
 662 0052 0B       		.uleb128 0xb
 663 0053 3B       		.uleb128 0x3b
 664 0054 0B       		.uleb128 0xb
 665 0055 49       		.uleb128 0x49
 666 0056 13       		.uleb128 0x13
 667 0057 38       		.uleb128 0x38
ARM GAS  C:\Users\CHRIST~1\AppData\Local\Temp\cccJ77Uy.s 			page 17


 668 0058 0B       		.uleb128 0xb
 669 0059 00       		.byte	0
 670 005a 00       		.byte	0
 671 005b 08       		.uleb128 0x8
 672 005c 0D       		.uleb128 0xd
 673 005d 00       		.byte	0
 674 005e 03       		.uleb128 0x3
 675 005f 08       		.uleb128 0x8
 676 0060 3A       		.uleb128 0x3a
 677 0061 0B       		.uleb128 0xb
 678 0062 3B       		.uleb128 0x3b
 679 0063 0B       		.uleb128 0xb
 680 0064 49       		.uleb128 0x49
 681 0065 13       		.uleb128 0x13
 682 0066 38       		.uleb128 0x38
 683 0067 0B       		.uleb128 0xb
 684 0068 00       		.byte	0
 685 0069 00       		.byte	0
 686 006a 09       		.uleb128 0x9
 687 006b 16       		.uleb128 0x16
 688 006c 00       		.byte	0
 689 006d 03       		.uleb128 0x3
 690 006e 0E       		.uleb128 0xe
 691 006f 3A       		.uleb128 0x3a
 692 0070 0B       		.uleb128 0xb
 693 0071 3B       		.uleb128 0x3b
 694 0072 0B       		.uleb128 0xb
 695 0073 49       		.uleb128 0x49
 696 0074 13       		.uleb128 0x13
 697 0075 00       		.byte	0
 698 0076 00       		.byte	0
 699 0077 0A       		.uleb128 0xa
 700 0078 2E       		.uleb128 0x2e
 701 0079 00       		.byte	0
 702 007a 3F       		.uleb128 0x3f
 703 007b 19       		.uleb128 0x19
 704 007c 03       		.uleb128 0x3
 705 007d 0E       		.uleb128 0xe
 706 007e 3A       		.uleb128 0x3a
 707 007f 0B       		.uleb128 0xb
 708 0080 3B       		.uleb128 0x3b
 709 0081 0B       		.uleb128 0xb
 710 0082 27       		.uleb128 0x27
 711 0083 19       		.uleb128 0x19
 712 0084 11       		.uleb128 0x11
 713 0085 01       		.uleb128 0x1
 714 0086 12       		.uleb128 0x12
 715 0087 06       		.uleb128 0x6
 716 0088 40       		.uleb128 0x40
 717 0089 18       		.uleb128 0x18
 718 008a 9642     		.uleb128 0x2116
 719 008c 19       		.uleb128 0x19
 720 008d 00       		.byte	0
 721 008e 00       		.byte	0
 722 008f 0B       		.uleb128 0xb
 723 0090 2E       		.uleb128 0x2e
 724 0091 00       		.byte	0
ARM GAS  C:\Users\CHRIST~1\AppData\Local\Temp\cccJ77Uy.s 			page 18


 725 0092 3F       		.uleb128 0x3f
 726 0093 19       		.uleb128 0x19
 727 0094 03       		.uleb128 0x3
 728 0095 0E       		.uleb128 0xe
 729 0096 3A       		.uleb128 0x3a
 730 0097 0B       		.uleb128 0xb
 731 0098 3B       		.uleb128 0x3b
 732 0099 0B       		.uleb128 0xb
 733 009a 49       		.uleb128 0x49
 734 009b 13       		.uleb128 0x13
 735 009c 11       		.uleb128 0x11
 736 009d 01       		.uleb128 0x1
 737 009e 12       		.uleb128 0x12
 738 009f 06       		.uleb128 0x6
 739 00a0 40       		.uleb128 0x40
 740 00a1 18       		.uleb128 0x18
 741 00a2 9642     		.uleb128 0x2116
 742 00a4 19       		.uleb128 0x19
 743 00a5 00       		.byte	0
 744 00a6 00       		.byte	0
 745 00a7 0C       		.uleb128 0xc
 746 00a8 34       		.uleb128 0x34
 747 00a9 00       		.byte	0
 748 00aa 03       		.uleb128 0x3
 749 00ab 0E       		.uleb128 0xe
 750 00ac 3A       		.uleb128 0x3a
 751 00ad 0B       		.uleb128 0xb
 752 00ae 3B       		.uleb128 0x3b
 753 00af 0B       		.uleb128 0xb
 754 00b0 49       		.uleb128 0x49
 755 00b1 13       		.uleb128 0x13
 756 00b2 3F       		.uleb128 0x3f
 757 00b3 19       		.uleb128 0x19
 758 00b4 02       		.uleb128 0x2
 759 00b5 18       		.uleb128 0x18
 760 00b6 00       		.byte	0
 761 00b7 00       		.byte	0
 762 00b8 00       		.byte	0
 763              		.section	.debug_aranges,"",%progbits
 764 0000 34000000 		.4byte	0x34
 765 0004 0200     		.2byte	0x2
 766 0006 00000000 		.4byte	.Ldebug_info0
 767 000a 04       		.byte	0x4
 768 000b 00       		.byte	0
 769 000c 0000     		.2byte	0
 770 000e 0000     		.2byte	0
 771 0010 00000000 		.4byte	.LFB35
 772 0014 30000000 		.4byte	.LFE35-.LFB35
 773 0018 00000000 		.4byte	.LFB36
 774 001c 2E000000 		.4byte	.LFE36-.LFB36
 775 0020 00000000 		.4byte	.LFB37
 776 0024 B4000000 		.4byte	.LFE37-.LFB37
 777 0028 00000000 		.4byte	.LFB38
 778 002c 18000000 		.4byte	.LFE38-.LFB38
 779 0030 00000000 		.4byte	0
 780 0034 00000000 		.4byte	0
 781              		.section	.debug_ranges,"",%progbits
ARM GAS  C:\Users\CHRIST~1\AppData\Local\Temp\cccJ77Uy.s 			page 19


 782              	.Ldebug_ranges0:
 783 0000 00000000 		.4byte	.LFB35
 784 0004 30000000 		.4byte	.LFE35
 785 0008 00000000 		.4byte	.LFB36
 786 000c 2E000000 		.4byte	.LFE36
 787 0010 00000000 		.4byte	.LFB37
 788 0014 B4000000 		.4byte	.LFE37
 789 0018 00000000 		.4byte	.LFB38
 790 001c 18000000 		.4byte	.LFE38
 791 0020 00000000 		.4byte	0
 792 0024 00000000 		.4byte	0
 793              		.section	.debug_line,"",%progbits
 794              	.Ldebug_line0:
 795 0000 C2000000 		.section	.debug_str,"MS",%progbits,1
 795      02005600 
 795      00000201 
 795      FB0E0D00 
 795      01010101 
 796              	.LASF27:
 797 0000 50495254 		.ascii	"PIRTrigger\000"
 797      72696767 
 797      657200
 798              	.LASF17:
 799 000b 72656733 		.ascii	"reg32\000"
 799      3200
 800              	.LASF41:
 801 0011 54494D45 		.ascii	"TIMEBASE_ISR\000"
 801      42415345 
 801      5F495352 
 801      00
 802              	.LASF20:
 803 001e 54656D70 		.ascii	"Temperature\000"
 803      65726174 
 803      75726500 
 804              	.LASF26:
 805 002a 50495257 		.ascii	"PIRWindowLow\000"
 805      696E646F 
 805      774C6F77 
 805      00
 806              	.LASF3:
 807 0037 73686F72 		.ascii	"short unsigned int\000"
 807      7420756E 
 807      7369676E 
 807      65642069 
 807      6E7400
 808              	.LASF42:
 809 004a 49324352 		.ascii	"I2CRegsProcess\000"
 809      65677350 
 809      726F6365 
 809      737300
 810              	.LASF21:
 811 0059 414C5343 		.ascii	"ALSCurrent\000"
 811      75727265 
 811      6E7400
 812              	.LASF32:
 813 0064 52617743 		.ascii	"RawCountsRefCap\000"
 813      6F756E74 
ARM GAS  C:\Users\CHRIST~1\AppData\Local\Temp\cccJ77Uy.s 			page 20


 813      73526566 
 813      43617000 
 814              	.LASF23:
 815 0074 50495252 		.ascii	"PIRRaw\000"
 815      617700
 816              	.LASF14:
 817 007b 666C6F61 		.ascii	"float\000"
 817      7400
 818              	.LASF48:
 819 0081 433A5C55 		.ascii	"C:\\Users\\Christopher Kuzma\\Downloads\\Cypress Th"
 819      73657273 
 819      5C436872 
 819      6973746F 
 819      70686572 
 820 00b0 696E675C 		.ascii	"ing\\EnvironmentSensing.cydsn\\EnvironmentSensing.c"
 820      456E7669 
 820      726F6E6D 
 820      656E7453 
 820      656E7369 
 821 00e1 7964736E 		.ascii	"ydsn\000"
 821      00
 822              	.LASF13:
 823 00e6 696E7433 		.ascii	"int32\000"
 823      3200
 824              	.LASF38:
 825 00ec 49324354 		.ascii	"I2CTask\000"
 825      61736B00 
 826              	.LASF12:
 827 00f4 696E7431 		.ascii	"int16\000"
 827      3600
 828              	.LASF5:
 829 00fa 6C6F6E67 		.ascii	"long unsigned int\000"
 829      20756E73 
 829      69676E65 
 829      6420696E 
 829      7400
 830              	.LASF9:
 831 010c 75696E74 		.ascii	"uint8\000"
 831      3800
 832              	.LASF43:
 833 0112 50726F63 		.ascii	"ProcessValues\000"
 833      65737356 
 833      616C7565 
 833      7300
 834              	.LASF1:
 835 0120 756E7369 		.ascii	"unsigned char\000"
 835      676E6564 
 835      20636861 
 835      7200
 836              	.LASF31:
 837 012e 49505354 		.ascii	"IPSTrigger\000"
 837      72696767 
 837      657200
 838              	.LASF15:
 839 0139 646F7562 		.ascii	"double\000"
 839      6C6500
 840              	.LASF45:
ARM GAS  C:\Users\CHRIST~1\AppData\Local\Temp\cccJ77Uy.s 			page 21


 841 0140 66696C74 		.ascii	"filterInit\000"
 841      6572496E 
 841      697400
 842              	.LASF40:
 843 014b 496E6974 		.ascii	"InitResources\000"
 843      5265736F 
 843      75726365 
 843      7300
 844              	.LASF39:
 845 0159 6D61696E 		.ascii	"main\000"
 845      00
 846              	.LASF10:
 847 015e 75696E74 		.ascii	"uint16\000"
 847      313600
 848              	.LASF24:
 849 0165 50495248 		.ascii	"PIRHpf\000"
 849      706600
 850              	.LASF11:
 851 016c 75696E74 		.ascii	"uint32\000"
 851      333200
 852              	.LASF34:
 853 0173 53656E73 		.ascii	"SensorCapacitance\000"
 853      6F724361 
 853      70616369 
 853      74616E63 
 853      6500
 854              	.LASF25:
 855 0185 50495257 		.ascii	"PIRWindowHigh\000"
 855      696E646F 
 855      77486967 
 855      6800
 856              	.LASF8:
 857 0193 756E7369 		.ascii	"unsigned int\000"
 857      676E6564 
 857      20696E74 
 857      00
 858              	.LASF16:
 859 01a0 63686172 		.ascii	"char\000"
 859      00
 860              	.LASF46:
 861 01a5 474E5520 		.ascii	"GNU C 4.9.3 20150303 (release) [ARM/embedded-4_9-br"
 861      4320342E 
 861      392E3320 
 861      32303135 
 861      30333033 
 862 01d8 616E6368 		.ascii	"anch revision 221220] -mcpu=cortex-m0plus -mthumb -"
 862      20726576 
 862      6973696F 
 862      6E203232 
 862      31323230 
 863 020b 67202D4F 		.ascii	"g -O0 -ffunction-sections -ffat-lto-objects\000"
 863      30202D66 
 863      66756E63 
 863      74696F6E 
 863      2D736563 
 864              	.LASF44:
 865 0237 49324352 		.ascii	"I2CRegsCommand\000"
ARM GAS  C:\Users\CHRIST~1\AppData\Local\Temp\cccJ77Uy.s 			page 22


 865      65677343 
 865      6F6D6D61 
 865      6E6400
 866              	.LASF19:
 867 0246 56657273 		.ascii	"Version\000"
 867      696F6E00 
 868              	.LASF28:
 869 024e 49505352 		.ascii	"IPSRawCounts\000"
 869      6177436F 
 869      756E7473 
 869      00
 870              	.LASF37:
 871 025b 6C6F6E67 		.ascii	"long double\000"
 871      20646F75 
 871      626C6500 
 872              	.LASF18:
 873 0267 73697A65 		.ascii	"sizetype\000"
 873      74797065 
 873      00
 874              	.LASF6:
 875 0270 6C6F6E67 		.ascii	"long long int\000"
 875      206C6F6E 
 875      6720696E 
 875      7400
 876              	.LASF47:
 877 027e 6D61696E 		.ascii	"main.c\000"
 877      2E6300
 878              	.LASF36:
 879 0285 50524F43 		.ascii	"PROCESS_VALUES\000"
 879      4553535F 
 879      56414C55 
 879      455300
 880              	.LASF30:
 881 0294 49505342 		.ascii	"IPSBaselineCounts\000"
 881      6173656C 
 881      696E6543 
 881      6F756E74 
 881      7300
 882              	.LASF33:
 883 02a6 52617743 		.ascii	"RawCountsHumidity\000"
 883      6F756E74 
 883      7348756D 
 883      69646974 
 883      7900
 884              	.LASF2:
 885 02b8 73686F72 		.ascii	"short int\000"
 885      7420696E 
 885      7400
 886              	.LASF29:
 887 02c2 49505344 		.ascii	"IPSDifferenceCounts\000"
 887      69666665 
 887      72656E63 
 887      65436F75 
 887      6E747300 
 888              	.LASF22:
 889 02d6 4C696768 		.ascii	"LightIntensity\000"
 889      74496E74 
ARM GAS  C:\Users\CHRIST~1\AppData\Local\Temp\cccJ77Uy.s 			page 23


 889      656E7369 
 889      747900
 890              	.LASF4:
 891 02e5 6C6F6E67 		.ascii	"long int\000"
 891      20696E74 
 891      00
 892              	.LASF0:
 893 02ee 7369676E 		.ascii	"signed char\000"
 893      65642063 
 893      68617200 
 894              	.LASF7:
 895 02fa 6C6F6E67 		.ascii	"long long unsigned int\000"
 895      206C6F6E 
 895      6720756E 
 895      7369676E 
 895      65642069 
 896              	.LASF35:
 897 0311 48756D69 		.ascii	"Humidity\000"
 897      64697479 
 897      00
 898              		.ident	"GCC: (GNU Tools for ARM Embedded Processors) 4.9.3 20150303 (release) [ARM/embedded-4_9-br
