ARM GAS  C:\Users\CHRIST~1\AppData\Local\Temp\ccc0WdGj.s 			page 1


   1              		.cpu cortex-m0plus
   2              		.fpu softvfp
   3              		.eabi_attribute 20, 1
   4              		.eabi_attribute 21, 1
   5              		.eabi_attribute 23, 3
   6              		.eabi_attribute 24, 1
   7              		.eabi_attribute 25, 1
   8              		.eabi_attribute 26, 1
   9              		.eabi_attribute 30, 6
  10              		.eabi_attribute 34, 0
  11              		.eabi_attribute 18, 4
  12              		.code	16
  13              		.file	"PVref.c"
  14              		.text
  15              	.Ltext0:
  16              		.cfi_sections	.debug_frame
  17              		.global	PVref_initVar
  18              		.bss
  19              		.type	PVref_initVar, %object
  20              		.size	PVref_initVar, 1
  21              	PVref_initVar:
  22 0000 00       		.space	1
  23              		.section	.text.PVref_Init,"ax",%progbits
  24              		.align	2
  25              		.global	PVref_Init
  26              		.code	16
  27              		.thumb_func
  28              		.type	PVref_Init, %function
  29              	PVref_Init:
  30              	.LFB0:
  31              		.file 1 "Generated_Source\\PSoC4\\PVref.c"
   1:Generated_Source\PSoC4/PVref.c **** /***************************************************************************//**
   2:Generated_Source\PSoC4/PVref.c **** * \file PVref.c
   3:Generated_Source\PSoC4/PVref.c **** * \version 1.0
   4:Generated_Source\PSoC4/PVref.c **** *
   5:Generated_Source\PSoC4/PVref.c **** * \brief
   6:Generated_Source\PSoC4/PVref.c **** *  This file provides the source code to the API for the Programmable
   7:Generated_Source\PSoC4/PVref.c **** *  Voltage Reference component.
   8:Generated_Source\PSoC4/PVref.c **** *
   9:Generated_Source\PSoC4/PVref.c **** * Note:
  10:Generated_Source\PSoC4/PVref.c **** *  None
  11:Generated_Source\PSoC4/PVref.c **** *
  12:Generated_Source\PSoC4/PVref.c **** ********************************************************************************
  13:Generated_Source\PSoC4/PVref.c **** * \copyright
  14:Generated_Source\PSoC4/PVref.c **** * Copyright 2016, Cypress Semiconductor Corporation. All rights reserved.
  15:Generated_Source\PSoC4/PVref.c **** * You may use this file only in accordance with the license, terms, conditions,
  16:Generated_Source\PSoC4/PVref.c **** * disclaimers, and limitations in the end user license agreement accompanying
  17:Generated_Source\PSoC4/PVref.c **** * the software package with which this file was provided.
  18:Generated_Source\PSoC4/PVref.c **** *******************************************************************************/
  19:Generated_Source\PSoC4/PVref.c **** 
  20:Generated_Source\PSoC4/PVref.c **** #include "PVref.h"
  21:Generated_Source\PSoC4/PVref.c **** 
  22:Generated_Source\PSoC4/PVref.c **** uint8 PVref_initVar = 0u;
  23:Generated_Source\PSoC4/PVref.c **** 
  24:Generated_Source\PSoC4/PVref.c **** 
  25:Generated_Source\PSoC4/PVref.c **** /*******************************************************************************
  26:Generated_Source\PSoC4/PVref.c **** * Function Name: PVref_Init
ARM GAS  C:\Users\CHRIST~1\AppData\Local\Temp\ccc0WdGj.s 			page 2


  27:Generated_Source\PSoC4/PVref.c **** ****************************************************************************//**
  28:Generated_Source\PSoC4/PVref.c **** *
  29:Generated_Source\PSoC4/PVref.c **** *  Initialize/Restore the default Voltage Reference configuration as defined
  30:Generated_Source\PSoC4/PVref.c **** *  in the customizer. If the reference is set to Vdda, it will enable all
  31:Generated_Source\PSoC4/PVref.c **** *  Vdda-based references.
  32:Generated_Source\PSoC4/PVref.c **** *
  33:Generated_Source\PSoC4/PVref.c **** * \sideeffect
  34:Generated_Source\PSoC4/PVref.c **** *  If the reference is Vdda-based, the function will enable all Vdda-based
  35:Generated_Source\PSoC4/PVref.c **** *  references because they share the same resistor tree.
  36:Generated_Source\PSoC4/PVref.c **** *
  37:Generated_Source\PSoC4/PVref.c **** *******************************************************************************/
  38:Generated_Source\PSoC4/PVref.c **** void PVref_Init(void)
  39:Generated_Source\PSoC4/PVref.c **** {
  32              		.loc 1 39 0
  33              		.cfi_startproc
  34 0000 80B5     		push	{r7, lr}
  35              		.cfi_def_cfa_offset 8
  36              		.cfi_offset 7, -8
  37              		.cfi_offset 14, -4
  38 0002 00AF     		add	r7, sp, #0
  39              		.cfi_def_cfa_register 7
  40:Generated_Source\PSoC4/PVref.c ****     PVref_PRB_CTRL_REG |= PVref_PRB_CTRL_REG_INIT;
  40              		.loc 1 40 0
  41 0004 054B     		ldr	r3, .L2
  42 0006 054A     		ldr	r2, .L2
  43 0008 1268     		ldr	r2, [r2]
  44 000a 8021     		mov	r1, #128
  45 000c 0906     		lsl	r1, r1, #24
  46 000e 0A43     		orr	r2, r1
  47 0010 1A60     		str	r2, [r3]
  41:Generated_Source\PSoC4/PVref.c ****     PVref_PRB_REF_REG = PVref_PRB_REF_REG_INIT;
  48              		.loc 1 41 0
  49 0012 034B     		ldr	r3, .L2+4
  50 0014 F022     		mov	r2, #240
  51 0016 1A60     		str	r2, [r3]
  42:Generated_Source\PSoC4/PVref.c **** }
  52              		.loc 1 42 0
  53 0018 BD46     		mov	sp, r7
  54              		@ sp needed
  55 001a 80BD     		pop	{r7, pc}
  56              	.L3:
  57              		.align	2
  58              	.L2:
  59 001c 00023F40 		.word	1077871104
  60 0020 08023F40 		.word	1077871112
  61              		.cfi_endproc
  62              	.LFE0:
  63              		.size	PVref_Init, .-PVref_Init
  64              		.section	.text.PVref_Enable,"ax",%progbits
  65              		.align	2
  66              		.global	PVref_Enable
  67              		.code	16
  68              		.thumb_func
  69              		.type	PVref_Enable, %function
  70              	PVref_Enable:
  71              	.LFB1:
  43:Generated_Source\PSoC4/PVref.c **** 
ARM GAS  C:\Users\CHRIST~1\AppData\Local\Temp\ccc0WdGj.s 			page 3


  44:Generated_Source\PSoC4/PVref.c **** 
  45:Generated_Source\PSoC4/PVref.c **** /*******************************************************************************
  46:Generated_Source\PSoC4/PVref.c **** * Function Name: PVref_Enable
  47:Generated_Source\PSoC4/PVref.c **** ****************************************************************************//**
  48:Generated_Source\PSoC4/PVref.c **** *
  49:Generated_Source\PSoC4/PVref.c **** *  Enables the Voltage Reference.
  50:Generated_Source\PSoC4/PVref.c **** *
  51:Generated_Source\PSoC4/PVref.c **** *******************************************************************************/
  52:Generated_Source\PSoC4/PVref.c **** void PVref_Enable(void)
  53:Generated_Source\PSoC4/PVref.c **** {
  72              		.loc 1 53 0
  73              		.cfi_startproc
  74 0000 80B5     		push	{r7, lr}
  75              		.cfi_def_cfa_offset 8
  76              		.cfi_offset 7, -8
  77              		.cfi_offset 14, -4
  78 0002 00AF     		add	r7, sp, #0
  79              		.cfi_def_cfa_register 7
  54:Generated_Source\PSoC4/PVref.c ****     PVref_PRB_REF_REG |= PVref_VREF_ENABLE;
  80              		.loc 1 54 0
  81 0004 034B     		ldr	r3, .L5
  82 0006 034A     		ldr	r2, .L5
  83 0008 1268     		ldr	r2, [r2]
  84 000a 0121     		mov	r1, #1
  85 000c 0A43     		orr	r2, r1
  86 000e 1A60     		str	r2, [r3]
  55:Generated_Source\PSoC4/PVref.c **** }
  87              		.loc 1 55 0
  88 0010 BD46     		mov	sp, r7
  89              		@ sp needed
  90 0012 80BD     		pop	{r7, pc}
  91              	.L6:
  92              		.align	2
  93              	.L5:
  94 0014 08023F40 		.word	1077871112
  95              		.cfi_endproc
  96              	.LFE1:
  97              		.size	PVref_Enable, .-PVref_Enable
  98              		.section	.text.PVref_Start,"ax",%progbits
  99              		.align	2
 100              		.global	PVref_Start
 101              		.code	16
 102              		.thumb_func
 103              		.type	PVref_Start, %function
 104              	PVref_Start:
 105              	.LFB2:
  56:Generated_Source\PSoC4/PVref.c **** 
  57:Generated_Source\PSoC4/PVref.c **** 
  58:Generated_Source\PSoC4/PVref.c **** /*******************************************************************************
  59:Generated_Source\PSoC4/PVref.c **** * Function Name: PVref_Start
  60:Generated_Source\PSoC4/PVref.c **** ****************************************************************************//**
  61:Generated_Source\PSoC4/PVref.c **** *
  62:Generated_Source\PSoC4/PVref.c **** *  Initializes all parameters required to setup the component as defined in the
  63:Generated_Source\PSoC4/PVref.c **** *  customizer. If the reference is set to Vdda, it will enable all Vdda based
  64:Generated_Source\PSoC4/PVref.c **** *  references.
  65:Generated_Source\PSoC4/PVref.c **** *
  66:Generated_Source\PSoC4/PVref.c **** * \globalvars
ARM GAS  C:\Users\CHRIST~1\AppData\Local\Temp\ccc0WdGj.s 			page 4


  67:Generated_Source\PSoC4/PVref.c **** *  \ref PVref_initVar - This variable is used to indicate the initial
  68:Generated_Source\PSoC4/PVref.c **** *  configuration of this component. The variable is initialized to zero and
  69:Generated_Source\PSoC4/PVref.c **** *  set to 1 the first time PVref_Start() is called. This allows
  70:Generated_Source\PSoC4/PVref.c **** *  the component initialization without re-initialization in all subsequent
  71:Generated_Source\PSoC4/PVref.c **** *  calls to the PVref_Start() routine.
  72:Generated_Source\PSoC4/PVref.c **** *
  73:Generated_Source\PSoC4/PVref.c **** * \sideeffect
  74:Generated_Source\PSoC4/PVref.c **** *  If the reference is Vdda-based, the function will enable all Vdda-based
  75:Generated_Source\PSoC4/PVref.c **** *  references because they share the same resistor tree.
  76:Generated_Source\PSoC4/PVref.c **** *
  77:Generated_Source\PSoC4/PVref.c **** *******************************************************************************/
  78:Generated_Source\PSoC4/PVref.c **** void PVref_Start(void)
  79:Generated_Source\PSoC4/PVref.c **** {
 106              		.loc 1 79 0
 107              		.cfi_startproc
 108 0000 80B5     		push	{r7, lr}
 109              		.cfi_def_cfa_offset 8
 110              		.cfi_offset 7, -8
 111              		.cfi_offset 14, -4
 112 0002 00AF     		add	r7, sp, #0
 113              		.cfi_def_cfa_register 7
  80:Generated_Source\PSoC4/PVref.c ****     /* If not Initialized, then initialize all required hardware and software. */
  81:Generated_Source\PSoC4/PVref.c ****     if (PVref_initVar == 0u)
 114              		.loc 1 81 0
 115 0004 064B     		ldr	r3, .L9
 116 0006 1B78     		ldrb	r3, [r3]
 117 0008 002B     		cmp	r3, #0
 118 000a 04D1     		bne	.L8
  82:Generated_Source\PSoC4/PVref.c ****     {
  83:Generated_Source\PSoC4/PVref.c ****         PVref_initVar = 1u;
 119              		.loc 1 83 0
 120 000c 044B     		ldr	r3, .L9
 121 000e 0122     		mov	r2, #1
 122 0010 1A70     		strb	r2, [r3]
  84:Generated_Source\PSoC4/PVref.c ****         PVref_Init();
 123              		.loc 1 84 0
 124 0012 FFF7FEFF 		bl	PVref_Init
 125              	.L8:
  85:Generated_Source\PSoC4/PVref.c ****     }
  86:Generated_Source\PSoC4/PVref.c **** 
  87:Generated_Source\PSoC4/PVref.c ****     PVref_Enable();
 126              		.loc 1 87 0
 127 0016 FFF7FEFF 		bl	PVref_Enable
  88:Generated_Source\PSoC4/PVref.c **** }
 128              		.loc 1 88 0
 129 001a BD46     		mov	sp, r7
 130              		@ sp needed
 131 001c 80BD     		pop	{r7, pc}
 132              	.L10:
 133 001e C046     		.align	2
 134              	.L9:
 135 0020 00000000 		.word	PVref_initVar
 136              		.cfi_endproc
 137              	.LFE2:
 138              		.size	PVref_Start, .-PVref_Start
 139              		.section	.text.PVref_Stop,"ax",%progbits
 140              		.align	2
ARM GAS  C:\Users\CHRIST~1\AppData\Local\Temp\ccc0WdGj.s 			page 5


 141              		.global	PVref_Stop
 142              		.code	16
 143              		.thumb_func
 144              		.type	PVref_Stop, %function
 145              	PVref_Stop:
 146              	.LFB3:
  89:Generated_Source\PSoC4/PVref.c **** 
  90:Generated_Source\PSoC4/PVref.c **** 
  91:Generated_Source\PSoC4/PVref.c **** /*******************************************************************************
  92:Generated_Source\PSoC4/PVref.c **** * Function Name: PVref_Stop
  93:Generated_Source\PSoC4/PVref.c **** ****************************************************************************//**
  94:Generated_Source\PSoC4/PVref.c **** *
  95:Generated_Source\PSoC4/PVref.c **** *  Disables the Voltage Reference.
  96:Generated_Source\PSoC4/PVref.c **** *
  97:Generated_Source\PSoC4/PVref.c **** *******************************************************************************/
  98:Generated_Source\PSoC4/PVref.c **** void PVref_Stop(void)
  99:Generated_Source\PSoC4/PVref.c **** {
 147              		.loc 1 99 0
 148              		.cfi_startproc
 149 0000 80B5     		push	{r7, lr}
 150              		.cfi_def_cfa_offset 8
 151              		.cfi_offset 7, -8
 152              		.cfi_offset 14, -4
 153 0002 00AF     		add	r7, sp, #0
 154              		.cfi_def_cfa_register 7
 100:Generated_Source\PSoC4/PVref.c ****     PVref_PRB_REF_REG &= ~PVref_VREF_ENABLE;
 155              		.loc 1 100 0
 156 0004 034B     		ldr	r3, .L12
 157 0006 034A     		ldr	r2, .L12
 158 0008 1268     		ldr	r2, [r2]
 159 000a 0121     		mov	r1, #1
 160 000c 8A43     		bic	r2, r1
 161 000e 1A60     		str	r2, [r3]
 101:Generated_Source\PSoC4/PVref.c **** }
 162              		.loc 1 101 0
 163 0010 BD46     		mov	sp, r7
 164              		@ sp needed
 165 0012 80BD     		pop	{r7, pc}
 166              	.L13:
 167              		.align	2
 168              	.L12:
 169 0014 08023F40 		.word	1077871112
 170              		.cfi_endproc
 171              	.LFE3:
 172              		.size	PVref_Stop, .-PVref_Stop
 173              		.section	.text.PVref_SetTap,"ax",%progbits
 174              		.align	2
 175              		.global	PVref_SetTap
 176              		.code	16
 177              		.thumb_func
 178              		.type	PVref_SetTap, %function
 179              	PVref_SetTap:
 180              	.LFB4:
 102:Generated_Source\PSoC4/PVref.c **** 
 103:Generated_Source\PSoC4/PVref.c **** 
 104:Generated_Source\PSoC4/PVref.c **** /*******************************************************************************
 105:Generated_Source\PSoC4/PVref.c **** * Function Name: PVref_SetTap
ARM GAS  C:\Users\CHRIST~1\AppData\Local\Temp\ccc0WdGj.s 			page 6


 106:Generated_Source\PSoC4/PVref.c **** ****************************************************************************//**
 107:Generated_Source\PSoC4/PVref.c **** *
 108:Generated_Source\PSoC4/PVref.c **** *  Selects which of the equally spaced resistor divider taps will be used for
 109:Generated_Source\PSoC4/PVref.c **** *  the reference. The output will range in 1/16th steps between Vref/16 to Vref.
 110:Generated_Source\PSoC4/PVref.c **** *
 111:Generated_Source\PSoC4/PVref.c **** *  \param
 112:Generated_Source\PSoC4/PVref.c **** *  dividerTap:    One of the 16-tap voltage dividers to select a voltage
 113:Generated_Source\PSoC4/PVref.c **** *                 between 1/16 of the reference source to the full reference
 114:Generated_Source\PSoC4/PVref.c **** *                 source in steps of 1/16.
 115:Generated_Source\PSoC4/PVref.c **** * * 1   :    1/16 Vref
 116:Generated_Source\PSoC4/PVref.c **** * * ... :    ...
 117:Generated_Source\PSoC4/PVref.c **** * * 16  :    Vref
 118:Generated_Source\PSoC4/PVref.c **** *
 119:Generated_Source\PSoC4/PVref.c **** *******************************************************************************/
 120:Generated_Source\PSoC4/PVref.c **** void PVref_SetTap(uint32 dividerTap)
 121:Generated_Source\PSoC4/PVref.c **** {
 181              		.loc 1 121 0
 182              		.cfi_startproc
 183 0000 80B5     		push	{r7, lr}
 184              		.cfi_def_cfa_offset 8
 185              		.cfi_offset 7, -8
 186              		.cfi_offset 14, -4
 187 0002 82B0     		sub	sp, sp, #8
 188              		.cfi_def_cfa_offset 16
 189 0004 00AF     		add	r7, sp, #0
 190              		.cfi_def_cfa_register 7
 191 0006 7860     		str	r0, [r7, #4]
 122:Generated_Source\PSoC4/PVref.c ****     PVref_PRB_REF_REG = (PVref_PRB_REF_REG & ~PVref_VREF_LEVEL_SEL_MASK) |
 192              		.loc 1 122 0
 193 0008 074B     		ldr	r3, .L15
 194 000a 074A     		ldr	r2, .L15
 195 000c 1268     		ldr	r2, [r2]
 196 000e F021     		mov	r1, #240
 197 0010 8A43     		bic	r2, r1
 198 0012 111C     		mov	r1, r2
 123:Generated_Source\PSoC4/PVref.c ****         (((dividerTap - 1u) << PVref_VREF_LEVEL_SEL_MASK_POS) & PVref_VREF_LEVEL_SEL_MASK);
 199              		.loc 1 123 0
 200 0014 7A68     		ldr	r2, [r7, #4]
 201 0016 013A     		sub	r2, r2, #1
 202 0018 1201     		lsl	r2, r2, #4
 203 001a FF20     		mov	r0, #255
 204 001c 0240     		and	r2, r0
 122:Generated_Source\PSoC4/PVref.c ****     PVref_PRB_REF_REG = (PVref_PRB_REF_REG & ~PVref_VREF_LEVEL_SEL_MASK) |
 205              		.loc 1 122 0
 206 001e 0A43     		orr	r2, r1
 207 0020 1A60     		str	r2, [r3]
 124:Generated_Source\PSoC4/PVref.c **** }
 208              		.loc 1 124 0
 209 0022 BD46     		mov	sp, r7
 210 0024 02B0     		add	sp, sp, #8
 211              		@ sp needed
 212 0026 80BD     		pop	{r7, pc}
 213              	.L16:
 214              		.align	2
 215              	.L15:
 216 0028 08023F40 		.word	1077871112
 217              		.cfi_endproc
ARM GAS  C:\Users\CHRIST~1\AppData\Local\Temp\ccc0WdGj.s 			page 7


 218              	.LFE4:
 219              		.size	PVref_SetTap, .-PVref_SetTap
 220              		.section	.text.PVref_SetVRefSrc,"ax",%progbits
 221              		.align	2
 222              		.global	PVref_SetVRefSrc
 223              		.code	16
 224              		.thumb_func
 225              		.type	PVref_SetVRefSrc, %function
 226              	PVref_SetVRefSrc:
 227              	.LFB5:
 125:Generated_Source\PSoC4/PVref.c **** 
 126:Generated_Source\PSoC4/PVref.c **** 
 127:Generated_Source\PSoC4/PVref.c **** /*******************************************************************************
 128:Generated_Source\PSoC4/PVref.c **** * Function Name: PVref_SetVRefSrc
 129:Generated_Source\PSoC4/PVref.c **** ****************************************************************************//**
 130:Generated_Source\PSoC4/PVref.c **** *
 131:Generated_Source\PSoC4/PVref.c **** *  Selects whether the reference at the top of the resistor divider is based
 132:Generated_Source\PSoC4/PVref.c **** *  on the bandgap or Vdda.
 133:Generated_Source\PSoC4/PVref.c **** *
 134:Generated_Source\PSoC4/PVref.c **** *  \param
 135:Generated_Source\PSoC4/PVref.c **** *  reference:    The reference source.
 136:Generated_Source\PSoC4/PVref.c **** * * PVref_BANDGAP_REFERENCE :    Bandgap reference
 137:Generated_Source\PSoC4/PVref.c **** * * PVref_VDDA_REFERENCE    :    Vdda reference
 138:Generated_Source\PSoC4/PVref.c **** *
 139:Generated_Source\PSoC4/PVref.c **** * \sideeffect
 140:Generated_Source\PSoC4/PVref.c **** *  If the reference is based on Vdda, it will affect all Vdda-based references
 141:Generated_Source\PSoC4/PVref.c **** *  because they share the same resistor tree.
 142:Generated_Source\PSoC4/PVref.c **** *
 143:Generated_Source\PSoC4/PVref.c **** *******************************************************************************/
 144:Generated_Source\PSoC4/PVref.c **** void PVref_SetVRefSrc(uint32 reference)
 145:Generated_Source\PSoC4/PVref.c **** {
 228              		.loc 1 145 0
 229              		.cfi_startproc
 230 0000 80B5     		push	{r7, lr}
 231              		.cfi_def_cfa_offset 8
 232              		.cfi_offset 7, -8
 233              		.cfi_offset 14, -4
 234 0002 82B0     		sub	sp, sp, #8
 235              		.cfi_def_cfa_offset 16
 236 0004 00AF     		add	r7, sp, #0
 237              		.cfi_def_cfa_register 7
 238 0006 7860     		str	r0, [r7, #4]
 146:Generated_Source\PSoC4/PVref.c ****     if (PVref_BANDGAP_REFERENCE == reference)
 239              		.loc 1 146 0
 240 0008 7B68     		ldr	r3, [r7, #4]
 241 000a 002B     		cmp	r3, #0
 242 000c 06D1     		bne	.L18
 147:Generated_Source\PSoC4/PVref.c ****     {
 148:Generated_Source\PSoC4/PVref.c ****         PVref_PRB_REF_REG &= ~PVref_VREF_SUPPLY_SEL;
 243              		.loc 1 148 0
 244 000e 0B4B     		ldr	r3, .L20
 245 0010 0A4A     		ldr	r2, .L20
 246 0012 1268     		ldr	r2, [r2]
 247 0014 0221     		mov	r1, #2
 248 0016 8A43     		bic	r2, r1
 249 0018 1A60     		str	r2, [r3]
 250 001a 0BE0     		b	.L17
ARM GAS  C:\Users\CHRIST~1\AppData\Local\Temp\ccc0WdGj.s 			page 8


 251              	.L18:
 149:Generated_Source\PSoC4/PVref.c ****     }
 150:Generated_Source\PSoC4/PVref.c ****     else /* Vdda reference source */
 151:Generated_Source\PSoC4/PVref.c ****     {
 152:Generated_Source\PSoC4/PVref.c ****         PVref_PRB_CTRL_REG |= PVref_VDDA_ENABLE;
 252              		.loc 1 152 0
 253 001c 084B     		ldr	r3, .L20+4
 254 001e 084A     		ldr	r2, .L20+4
 255 0020 1268     		ldr	r2, [r2]
 256 0022 1021     		mov	r1, #16
 257 0024 0A43     		orr	r2, r1
 258 0026 1A60     		str	r2, [r3]
 153:Generated_Source\PSoC4/PVref.c ****         PVref_PRB_REF_REG |= PVref_VREF_SUPPLY_SEL;
 259              		.loc 1 153 0
 260 0028 044B     		ldr	r3, .L20
 261 002a 044A     		ldr	r2, .L20
 262 002c 1268     		ldr	r2, [r2]
 263 002e 0221     		mov	r1, #2
 264 0030 0A43     		orr	r2, r1
 265 0032 1A60     		str	r2, [r3]
 266              	.L17:
 154:Generated_Source\PSoC4/PVref.c ****     }
 155:Generated_Source\PSoC4/PVref.c **** }
 267              		.loc 1 155 0
 268 0034 BD46     		mov	sp, r7
 269 0036 02B0     		add	sp, sp, #8
 270              		@ sp needed
 271 0038 80BD     		pop	{r7, pc}
 272              	.L21:
 273 003a C046     		.align	2
 274              	.L20:
 275 003c 08023F40 		.word	1077871112
 276 0040 00023F40 		.word	1077871104
 277              		.cfi_endproc
 278              	.LFE5:
 279              		.size	PVref_SetVRefSrc, .-PVref_SetVRefSrc
 280              		.text
 281              	.Letext0:
 282              		.file 2 "Generated_Source\\PSoC4\\cytypes.h"
 283              		.section	.debug_info,"",%progbits
 284              	.Ldebug_info0:
 285 0000 43010000 		.4byte	0x143
 286 0004 0400     		.2byte	0x4
 287 0006 00000000 		.4byte	.Ldebug_abbrev0
 288 000a 04       		.byte	0x4
 289 000b 01       		.uleb128 0x1
 290 000c 33010000 		.4byte	.LASF23
 291 0010 01       		.byte	0x1
 292 0011 E9000000 		.4byte	.LASF24
 293 0015 2F000000 		.4byte	.LASF25
 294 0019 00000000 		.4byte	.Ldebug_ranges0+0
 295 001d 00000000 		.4byte	0
 296 0021 00000000 		.4byte	.Ldebug_line0
 297 0025 02       		.uleb128 0x2
 298 0026 01       		.byte	0x1
 299 0027 06       		.byte	0x6
 300 0028 12020000 		.4byte	.LASF0
ARM GAS  C:\Users\CHRIST~1\AppData\Local\Temp\ccc0WdGj.s 			page 9


 301 002c 02       		.uleb128 0x2
 302 002d 01       		.byte	0x1
 303 002e 08       		.byte	0x8
 304 002f B9000000 		.4byte	.LASF1
 305 0033 02       		.uleb128 0x2
 306 0034 02       		.byte	0x2
 307 0035 05       		.byte	0x5
 308 0036 EE010000 		.4byte	.LASF2
 309 003a 02       		.uleb128 0x2
 310 003b 02       		.byte	0x2
 311 003c 07       		.byte	0x7
 312 003d A6000000 		.4byte	.LASF3
 313 0041 02       		.uleb128 0x2
 314 0042 04       		.byte	0x4
 315 0043 05       		.byte	0x5
 316 0044 09020000 		.4byte	.LASF4
 317 0048 02       		.uleb128 0x2
 318 0049 04       		.byte	0x4
 319 004a 07       		.byte	0x7
 320 004b 94000000 		.4byte	.LASF5
 321 004f 02       		.uleb128 0x2
 322 0050 08       		.byte	0x8
 323 0051 05       		.byte	0x5
 324 0052 D0010000 		.4byte	.LASF6
 325 0056 02       		.uleb128 0x2
 326 0057 08       		.byte	0x8
 327 0058 07       		.byte	0x7
 328 0059 1C010000 		.4byte	.LASF7
 329 005d 03       		.uleb128 0x3
 330 005e 04       		.byte	0x4
 331 005f 05       		.byte	0x5
 332 0060 696E7400 		.ascii	"int\000"
 333 0064 02       		.uleb128 0x2
 334 0065 04       		.byte	0x4
 335 0066 07       		.byte	0x7
 336 0067 0F010000 		.4byte	.LASF8
 337 006b 04       		.uleb128 0x4
 338 006c F8010000 		.4byte	.LASF9
 339 0070 02       		.byte	0x2
 340 0071 9801     		.2byte	0x198
 341 0073 2C000000 		.4byte	0x2c
 342 0077 04       		.uleb128 0x4
 343 0078 08010000 		.4byte	.LASF10
 344 007c 02       		.byte	0x2
 345 007d 9A01     		.2byte	0x19a
 346 007f 48000000 		.4byte	0x48
 347 0083 02       		.uleb128 0x2
 348 0084 04       		.byte	0x4
 349 0085 04       		.byte	0x4
 350 0086 29000000 		.4byte	.LASF11
 351 008a 02       		.uleb128 0x2
 352 008b 08       		.byte	0x8
 353 008c 04       		.byte	0x4
 354 008d D5000000 		.4byte	.LASF12
 355 0091 02       		.uleb128 0x2
 356 0092 01       		.byte	0x1
 357 0093 08       		.byte	0x8
ARM GAS  C:\Users\CHRIST~1\AppData\Local\Temp\ccc0WdGj.s 			page 10


 358 0094 DE010000 		.4byte	.LASF13
 359 0098 04       		.uleb128 0x4
 360 0099 00000000 		.4byte	.LASF14
 361 009d 02       		.byte	0x2
 362 009e 4402     		.2byte	0x244
 363 00a0 A4000000 		.4byte	0xa4
 364 00a4 05       		.uleb128 0x5
 365 00a5 77000000 		.4byte	0x77
 366 00a9 06       		.uleb128 0x6
 367 00aa FE010000 		.4byte	.LASF15
 368 00ae 01       		.byte	0x1
 369 00af 26       		.byte	0x26
 370 00b0 00000000 		.4byte	.LFB0
 371 00b4 24000000 		.4byte	.LFE0-.LFB0
 372 00b8 01       		.uleb128 0x1
 373 00b9 9C       		.byte	0x9c
 374 00ba 06       		.uleb128 0x6
 375 00bb DC000000 		.4byte	.LASF16
 376 00bf 01       		.byte	0x1
 377 00c0 34       		.byte	0x34
 378 00c1 00000000 		.4byte	.LFB1
 379 00c5 18000000 		.4byte	.LFE1-.LFB1
 380 00c9 01       		.uleb128 0x1
 381 00ca 9C       		.byte	0x9c
 382 00cb 07       		.uleb128 0x7
 383 00cc 1D000000 		.4byte	.LASF17
 384 00d0 01       		.byte	0x1
 385 00d1 4E       		.byte	0x4e
 386 00d2 00000000 		.4byte	.LFB2
 387 00d6 24000000 		.4byte	.LFE2-.LFB2
 388 00da 01       		.uleb128 0x1
 389 00db 9C       		.byte	0x9c
 390 00dc 06       		.uleb128 0x6
 391 00dd E3010000 		.4byte	.LASF18
 392 00e1 01       		.byte	0x1
 393 00e2 62       		.byte	0x62
 394 00e3 00000000 		.4byte	.LFB3
 395 00e7 18000000 		.4byte	.LFE3-.LFB3
 396 00eb 01       		.uleb128 0x1
 397 00ec 9C       		.byte	0x9c
 398 00ed 08       		.uleb128 0x8
 399 00ee 10000000 		.4byte	.LASF19
 400 00f2 01       		.byte	0x1
 401 00f3 78       		.byte	0x78
 402 00f4 00000000 		.4byte	.LFB4
 403 00f8 2C000000 		.4byte	.LFE4-.LFB4
 404 00fc 01       		.uleb128 0x1
 405 00fd 9C       		.byte	0x9c
 406 00fe 11010000 		.4byte	0x111
 407 0102 09       		.uleb128 0x9
 408 0103 C5010000 		.4byte	.LASF21
 409 0107 01       		.byte	0x1
 410 0108 78       		.byte	0x78
 411 0109 77000000 		.4byte	0x77
 412 010d 02       		.uleb128 0x2
 413 010e 91       		.byte	0x91
 414 010f 74       		.sleb128 -12
ARM GAS  C:\Users\CHRIST~1\AppData\Local\Temp\ccc0WdGj.s 			page 11


 415 0110 00       		.byte	0
 416 0111 08       		.uleb128 0x8
 417 0112 1E020000 		.4byte	.LASF20
 418 0116 01       		.byte	0x1
 419 0117 90       		.byte	0x90
 420 0118 00000000 		.4byte	.LFB5
 421 011c 44000000 		.4byte	.LFE5-.LFB5
 422 0120 01       		.uleb128 0x1
 423 0121 9C       		.byte	0x9c
 424 0122 35010000 		.4byte	0x135
 425 0126 09       		.uleb128 0x9
 426 0127 06000000 		.4byte	.LASF22
 427 012b 01       		.byte	0x1
 428 012c 90       		.byte	0x90
 429 012d 77000000 		.4byte	0x77
 430 0131 02       		.uleb128 0x2
 431 0132 91       		.byte	0x91
 432 0133 74       		.sleb128 -12
 433 0134 00       		.byte	0
 434 0135 0A       		.uleb128 0xa
 435 0136 C7000000 		.4byte	.LASF26
 436 013a 01       		.byte	0x1
 437 013b 16       		.byte	0x16
 438 013c 6B000000 		.4byte	0x6b
 439 0140 05       		.uleb128 0x5
 440 0141 03       		.byte	0x3
 441 0142 00000000 		.4byte	PVref_initVar
 442 0146 00       		.byte	0
 443              		.section	.debug_abbrev,"",%progbits
 444              	.Ldebug_abbrev0:
 445 0000 01       		.uleb128 0x1
 446 0001 11       		.uleb128 0x11
 447 0002 01       		.byte	0x1
 448 0003 25       		.uleb128 0x25
 449 0004 0E       		.uleb128 0xe
 450 0005 13       		.uleb128 0x13
 451 0006 0B       		.uleb128 0xb
 452 0007 03       		.uleb128 0x3
 453 0008 0E       		.uleb128 0xe
 454 0009 1B       		.uleb128 0x1b
 455 000a 0E       		.uleb128 0xe
 456 000b 55       		.uleb128 0x55
 457 000c 17       		.uleb128 0x17
 458 000d 11       		.uleb128 0x11
 459 000e 01       		.uleb128 0x1
 460 000f 10       		.uleb128 0x10
 461 0010 17       		.uleb128 0x17
 462 0011 00       		.byte	0
 463 0012 00       		.byte	0
 464 0013 02       		.uleb128 0x2
 465 0014 24       		.uleb128 0x24
 466 0015 00       		.byte	0
 467 0016 0B       		.uleb128 0xb
 468 0017 0B       		.uleb128 0xb
 469 0018 3E       		.uleb128 0x3e
 470 0019 0B       		.uleb128 0xb
 471 001a 03       		.uleb128 0x3
ARM GAS  C:\Users\CHRIST~1\AppData\Local\Temp\ccc0WdGj.s 			page 12


 472 001b 0E       		.uleb128 0xe
 473 001c 00       		.byte	0
 474 001d 00       		.byte	0
 475 001e 03       		.uleb128 0x3
 476 001f 24       		.uleb128 0x24
 477 0020 00       		.byte	0
 478 0021 0B       		.uleb128 0xb
 479 0022 0B       		.uleb128 0xb
 480 0023 3E       		.uleb128 0x3e
 481 0024 0B       		.uleb128 0xb
 482 0025 03       		.uleb128 0x3
 483 0026 08       		.uleb128 0x8
 484 0027 00       		.byte	0
 485 0028 00       		.byte	0
 486 0029 04       		.uleb128 0x4
 487 002a 16       		.uleb128 0x16
 488 002b 00       		.byte	0
 489 002c 03       		.uleb128 0x3
 490 002d 0E       		.uleb128 0xe
 491 002e 3A       		.uleb128 0x3a
 492 002f 0B       		.uleb128 0xb
 493 0030 3B       		.uleb128 0x3b
 494 0031 05       		.uleb128 0x5
 495 0032 49       		.uleb128 0x49
 496 0033 13       		.uleb128 0x13
 497 0034 00       		.byte	0
 498 0035 00       		.byte	0
 499 0036 05       		.uleb128 0x5
 500 0037 35       		.uleb128 0x35
 501 0038 00       		.byte	0
 502 0039 49       		.uleb128 0x49
 503 003a 13       		.uleb128 0x13
 504 003b 00       		.byte	0
 505 003c 00       		.byte	0
 506 003d 06       		.uleb128 0x6
 507 003e 2E       		.uleb128 0x2e
 508 003f 00       		.byte	0
 509 0040 3F       		.uleb128 0x3f
 510 0041 19       		.uleb128 0x19
 511 0042 03       		.uleb128 0x3
 512 0043 0E       		.uleb128 0xe
 513 0044 3A       		.uleb128 0x3a
 514 0045 0B       		.uleb128 0xb
 515 0046 3B       		.uleb128 0x3b
 516 0047 0B       		.uleb128 0xb
 517 0048 27       		.uleb128 0x27
 518 0049 19       		.uleb128 0x19
 519 004a 11       		.uleb128 0x11
 520 004b 01       		.uleb128 0x1
 521 004c 12       		.uleb128 0x12
 522 004d 06       		.uleb128 0x6
 523 004e 40       		.uleb128 0x40
 524 004f 18       		.uleb128 0x18
 525 0050 9742     		.uleb128 0x2117
 526 0052 19       		.uleb128 0x19
 527 0053 00       		.byte	0
 528 0054 00       		.byte	0
ARM GAS  C:\Users\CHRIST~1\AppData\Local\Temp\ccc0WdGj.s 			page 13


 529 0055 07       		.uleb128 0x7
 530 0056 2E       		.uleb128 0x2e
 531 0057 00       		.byte	0
 532 0058 3F       		.uleb128 0x3f
 533 0059 19       		.uleb128 0x19
 534 005a 03       		.uleb128 0x3
 535 005b 0E       		.uleb128 0xe
 536 005c 3A       		.uleb128 0x3a
 537 005d 0B       		.uleb128 0xb
 538 005e 3B       		.uleb128 0x3b
 539 005f 0B       		.uleb128 0xb
 540 0060 27       		.uleb128 0x27
 541 0061 19       		.uleb128 0x19
 542 0062 11       		.uleb128 0x11
 543 0063 01       		.uleb128 0x1
 544 0064 12       		.uleb128 0x12
 545 0065 06       		.uleb128 0x6
 546 0066 40       		.uleb128 0x40
 547 0067 18       		.uleb128 0x18
 548 0068 9642     		.uleb128 0x2116
 549 006a 19       		.uleb128 0x19
 550 006b 00       		.byte	0
 551 006c 00       		.byte	0
 552 006d 08       		.uleb128 0x8
 553 006e 2E       		.uleb128 0x2e
 554 006f 01       		.byte	0x1
 555 0070 3F       		.uleb128 0x3f
 556 0071 19       		.uleb128 0x19
 557 0072 03       		.uleb128 0x3
 558 0073 0E       		.uleb128 0xe
 559 0074 3A       		.uleb128 0x3a
 560 0075 0B       		.uleb128 0xb
 561 0076 3B       		.uleb128 0x3b
 562 0077 0B       		.uleb128 0xb
 563 0078 27       		.uleb128 0x27
 564 0079 19       		.uleb128 0x19
 565 007a 11       		.uleb128 0x11
 566 007b 01       		.uleb128 0x1
 567 007c 12       		.uleb128 0x12
 568 007d 06       		.uleb128 0x6
 569 007e 40       		.uleb128 0x40
 570 007f 18       		.uleb128 0x18
 571 0080 9742     		.uleb128 0x2117
 572 0082 19       		.uleb128 0x19
 573 0083 01       		.uleb128 0x1
 574 0084 13       		.uleb128 0x13
 575 0085 00       		.byte	0
 576 0086 00       		.byte	0
 577 0087 09       		.uleb128 0x9
 578 0088 05       		.uleb128 0x5
 579 0089 00       		.byte	0
 580 008a 03       		.uleb128 0x3
 581 008b 0E       		.uleb128 0xe
 582 008c 3A       		.uleb128 0x3a
 583 008d 0B       		.uleb128 0xb
 584 008e 3B       		.uleb128 0x3b
 585 008f 0B       		.uleb128 0xb
ARM GAS  C:\Users\CHRIST~1\AppData\Local\Temp\ccc0WdGj.s 			page 14


 586 0090 49       		.uleb128 0x49
 587 0091 13       		.uleb128 0x13
 588 0092 02       		.uleb128 0x2
 589 0093 18       		.uleb128 0x18
 590 0094 00       		.byte	0
 591 0095 00       		.byte	0
 592 0096 0A       		.uleb128 0xa
 593 0097 34       		.uleb128 0x34
 594 0098 00       		.byte	0
 595 0099 03       		.uleb128 0x3
 596 009a 0E       		.uleb128 0xe
 597 009b 3A       		.uleb128 0x3a
 598 009c 0B       		.uleb128 0xb
 599 009d 3B       		.uleb128 0x3b
 600 009e 0B       		.uleb128 0xb
 601 009f 49       		.uleb128 0x49
 602 00a0 13       		.uleb128 0x13
 603 00a1 3F       		.uleb128 0x3f
 604 00a2 19       		.uleb128 0x19
 605 00a3 02       		.uleb128 0x2
 606 00a4 18       		.uleb128 0x18
 607 00a5 00       		.byte	0
 608 00a6 00       		.byte	0
 609 00a7 00       		.byte	0
 610              		.section	.debug_aranges,"",%progbits
 611 0000 44000000 		.4byte	0x44
 612 0004 0200     		.2byte	0x2
 613 0006 00000000 		.4byte	.Ldebug_info0
 614 000a 04       		.byte	0x4
 615 000b 00       		.byte	0
 616 000c 0000     		.2byte	0
 617 000e 0000     		.2byte	0
 618 0010 00000000 		.4byte	.LFB0
 619 0014 24000000 		.4byte	.LFE0-.LFB0
 620 0018 00000000 		.4byte	.LFB1
 621 001c 18000000 		.4byte	.LFE1-.LFB1
 622 0020 00000000 		.4byte	.LFB2
 623 0024 24000000 		.4byte	.LFE2-.LFB2
 624 0028 00000000 		.4byte	.LFB3
 625 002c 18000000 		.4byte	.LFE3-.LFB3
 626 0030 00000000 		.4byte	.LFB4
 627 0034 2C000000 		.4byte	.LFE4-.LFB4
 628 0038 00000000 		.4byte	.LFB5
 629 003c 44000000 		.4byte	.LFE5-.LFB5
 630 0040 00000000 		.4byte	0
 631 0044 00000000 		.4byte	0
 632              		.section	.debug_ranges,"",%progbits
 633              	.Ldebug_ranges0:
 634 0000 00000000 		.4byte	.LFB0
 635 0004 24000000 		.4byte	.LFE0
 636 0008 00000000 		.4byte	.LFB1
 637 000c 18000000 		.4byte	.LFE1
 638 0010 00000000 		.4byte	.LFB2
 639 0014 24000000 		.4byte	.LFE2
 640 0018 00000000 		.4byte	.LFB3
 641 001c 18000000 		.4byte	.LFE3
 642 0020 00000000 		.4byte	.LFB4
ARM GAS  C:\Users\CHRIST~1\AppData\Local\Temp\ccc0WdGj.s 			page 15


 643 0024 2C000000 		.4byte	.LFE4
 644 0028 00000000 		.4byte	.LFB5
 645 002c 44000000 		.4byte	.LFE5
 646 0030 00000000 		.4byte	0
 647 0034 00000000 		.4byte	0
 648              		.section	.debug_line,"",%progbits
 649              	.Ldebug_line0:
 650 0000 BB000000 		.section	.debug_str,"MS",%progbits,1
 650      02004200 
 650      00000201 
 650      FB0E0D00 
 650      01010101 
 651              	.LASF14:
 652 0000 72656733 		.ascii	"reg32\000"
 652      3200
 653              	.LASF22:
 654 0006 72656665 		.ascii	"reference\000"
 654      72656E63 
 654      6500
 655              	.LASF19:
 656 0010 50567265 		.ascii	"PVref_SetTap\000"
 656      665F5365 
 656      74546170 
 656      00
 657              	.LASF17:
 658 001d 50567265 		.ascii	"PVref_Start\000"
 658      665F5374 
 658      61727400 
 659              	.LASF11:
 660 0029 666C6F61 		.ascii	"float\000"
 660      7400
 661              	.LASF25:
 662 002f 433A5C55 		.ascii	"C:\\Users\\Christopher Kuzma\\Downloads\\Cypress Th"
 662      73657273 
 662      5C436872 
 662      6973746F 
 662      70686572 
 663 005e 696E675C 		.ascii	"ing\\EnvironmentSensing.cydsn\\EnvironmentSensing.c"
 663      456E7669 
 663      726F6E6D 
 663      656E7453 
 663      656E7369 
 664 008f 7964736E 		.ascii	"ydsn\000"
 664      00
 665              	.LASF5:
 666 0094 6C6F6E67 		.ascii	"long unsigned int\000"
 666      20756E73 
 666      69676E65 
 666      6420696E 
 666      7400
 667              	.LASF3:
 668 00a6 73686F72 		.ascii	"short unsigned int\000"
 668      7420756E 
 668      7369676E 
 668      65642069 
 668      6E7400
 669              	.LASF1:
ARM GAS  C:\Users\CHRIST~1\AppData\Local\Temp\ccc0WdGj.s 			page 16


 670 00b9 756E7369 		.ascii	"unsigned char\000"
 670      676E6564 
 670      20636861 
 670      7200
 671              	.LASF26:
 672 00c7 50567265 		.ascii	"PVref_initVar\000"
 672      665F696E 
 672      69745661 
 672      7200
 673              	.LASF12:
 674 00d5 646F7562 		.ascii	"double\000"
 674      6C6500
 675              	.LASF16:
 676 00dc 50567265 		.ascii	"PVref_Enable\000"
 676      665F456E 
 676      61626C65 
 676      00
 677              	.LASF24:
 678 00e9 47656E65 		.ascii	"Generated_Source\\PSoC4\\PVref.c\000"
 678      72617465 
 678      645F536F 
 678      75726365 
 678      5C50536F 
 679              	.LASF10:
 680 0108 75696E74 		.ascii	"uint32\000"
 680      333200
 681              	.LASF8:
 682 010f 756E7369 		.ascii	"unsigned int\000"
 682      676E6564 
 682      20696E74 
 682      00
 683              	.LASF7:
 684 011c 6C6F6E67 		.ascii	"long long unsigned int\000"
 684      206C6F6E 
 684      6720756E 
 684      7369676E 
 684      65642069 
 685              	.LASF23:
 686 0133 474E5520 		.ascii	"GNU C 4.9.3 20150303 (release) [ARM/embedded-4_9-br"
 686      4320342E 
 686      392E3320 
 686      32303135 
 686      30333033 
 687 0166 616E6368 		.ascii	"anch revision 221220] -mcpu=cortex-m0plus -mthumb -"
 687      20726576 
 687      6973696F 
 687      6E203232 
 687      31323230 
 688 0199 67202D4F 		.ascii	"g -O0 -ffunction-sections -ffat-lto-objects\000"
 688      30202D66 
 688      66756E63 
 688      74696F6E 
 688      2D736563 
 689              	.LASF21:
 690 01c5 64697669 		.ascii	"dividerTap\000"
 690      64657254 
 690      617000
ARM GAS  C:\Users\CHRIST~1\AppData\Local\Temp\ccc0WdGj.s 			page 17


 691              	.LASF6:
 692 01d0 6C6F6E67 		.ascii	"long long int\000"
 692      206C6F6E 
 692      6720696E 
 692      7400
 693              	.LASF13:
 694 01de 63686172 		.ascii	"char\000"
 694      00
 695              	.LASF18:
 696 01e3 50567265 		.ascii	"PVref_Stop\000"
 696      665F5374 
 696      6F7000
 697              	.LASF2:
 698 01ee 73686F72 		.ascii	"short int\000"
 698      7420696E 
 698      7400
 699              	.LASF9:
 700 01f8 75696E74 		.ascii	"uint8\000"
 700      3800
 701              	.LASF15:
 702 01fe 50567265 		.ascii	"PVref_Init\000"
 702      665F496E 
 702      697400
 703              	.LASF4:
 704 0209 6C6F6E67 		.ascii	"long int\000"
 704      20696E74 
 704      00
 705              	.LASF0:
 706 0212 7369676E 		.ascii	"signed char\000"
 706      65642063 
 706      68617200 
 707              	.LASF20:
 708 021e 50567265 		.ascii	"PVref_SetVRefSrc\000"
 708      665F5365 
 708      74565265 
 708      66537263 
 708      00
 709              		.ident	"GCC: (GNU Tools for ARM Embedded Processors) 4.9.3 20150303 (release) [ARM/embedded-4_9-br
