ARM GAS  C:\Users\CHRIST~1\AppData\Local\Temp\ccvI9QmT.s 			page 1


   1              		.cpu cortex-m0plus
   2              		.fpu softvfp
   3              		.eabi_attribute 20, 1
   4              		.eabi_attribute 21, 1
   5              		.eabi_attribute 23, 3
   6              		.eabi_attribute 24, 1
   7              		.eabi_attribute 25, 1
   8              		.eabi_attribute 26, 1
   9              		.eabi_attribute 30, 6
  10              		.eabi_attribute 34, 0
  11              		.eabi_attribute 18, 4
  12              		.code	16
  13              		.file	"Temperature.c"
  14              		.text
  15              	.Ltext0:
  16              		.cfi_sections	.debug_frame
  17              		.global	__aeabi_idiv
  18              		.section	.text.TemperatureTask,"ax",%progbits
  19              		.align	2
  20              		.global	TemperatureTask
  21              		.code	16
  22              		.thumb_func
  23              		.type	TemperatureTask, %function
  24              	TemperatureTask:
  25              	.LFB35:
  26              		.file 1 "Temperature.c"
   1:Temperature.c **** /*******************************************************************************
   2:Temperature.c **** * File Name: Temperature.c
   3:Temperature.c **** *
   4:Temperature.c **** * Version: 1.0
   5:Temperature.c **** *
   6:Temperature.c **** * Description:
   7:Temperature.c **** * This is the source file for Temperature measurement.
   8:Temperature.c **** *
   9:Temperature.c **** ********************************************************************************
  10:Temperature.c **** * Copyright (2016) , Cypress Semiconductor Corporation.
  11:Temperature.c **** ********************************************************************************
  12:Temperature.c **** * This software is owned by Cypress Semiconductor Corporation (Cypress) and is
  13:Temperature.c **** * protected by and subject to worldwide patent protection (United States and
  14:Temperature.c **** * foreign), United States copyright laws and international treaty provisions.
  15:Temperature.c **** * Cypress hereby grants to licensee a personal, non-exclusive, non-transferable
  16:Temperature.c **** * license to copy, use, modify, create derivative works of, and compile the
  17:Temperature.c **** * Cypress Source Code and derivative works for the sole purpose of creating
  18:Temperature.c **** * custom software in support of licensee product to be used only in conjunction
  19:Temperature.c **** * with a Cypress integrated circuit as specified in the applicable agreement.
  20:Temperature.c **** * Any reproduction, modification, translation, compilation, or representation of
  21:Temperature.c **** * this software except as specified above is prohibited without the express
  22:Temperature.c **** * written permission of Cypress.
  23:Temperature.c **** *
  24:Temperature.c **** * Disclaimer: CYPRESS MAKES NO WARRANTY OF ANY KIND, EXPRESS OR IMPLIED, WITH
  25:Temperature.c **** * REGARD TO THIS MATERIAL, INCLUDING, BUT NOT LIMITED TO, THE IMPLIED
  26:Temperature.c **** * WARRANTIES OF MERCHANTABILITY AND FITNESS FOR A PARTICULAR PURPOSE.
  27:Temperature.c **** * Cypress reserves the right to make changes without further notice to the
  28:Temperature.c **** * materials described herein. Cypress does not assume any liability arising out
  29:Temperature.c **** * of the application or use of any product or circuit described herein. Cypress
  30:Temperature.c **** * does not authorize its products for use as critical components in life-support
  31:Temperature.c **** * systems where a malfunction or failure may reasonably be expected to result in
ARM GAS  C:\Users\CHRIST~1\AppData\Local\Temp\ccvI9QmT.s 			page 2


  32:Temperature.c **** * significant injury to the user. The inclusion of Cypress' product in a life
  33:Temperature.c **** * support systems application implies that the manufacturer assumes all risk of
  34:Temperature.c **** * such use and in doing so indemnifies Cypress against all charges. Use may be
  35:Temperature.c **** * limited by and subject to the applicable Cypress software license agreement.
  36:Temperature.c **** *******************************************************************************/
  37:Temperature.c **** 
  38:Temperature.c **** #include <project.h>
  39:Temperature.c **** #include <Temperature.h>
  40:Temperature.c **** #include <Filters.h>
  41:Temperature.c **** #include <main.h>
  42:Temperature.c **** 
  43:Temperature.c **** /*******************************************************************************
  44:Temperature.c **** * Function Name: void TemperatureTask(void)
  45:Temperature.c **** ********************************************************************************
  46:Temperature.c **** *
  47:Temperature.c **** * Summary:
  48:Temperature.c **** *  This function performs temperature measurement.
  49:Temperature.c **** *  The function reads ADC result form thermistor channel, passes the result through
  50:Temperature.c **** *  a low pass filter, calculates resistance and temperature and updates the
  51:Temperature.c **** *  corresponding variables in the ProcessValues structure
  52:Temperature.c **** *
  53:Temperature.c **** * Parameters:
  54:Temperature.c **** *  None
  55:Temperature.c **** *
  56:Temperature.c **** * Return:
  57:Temperature.c **** *  None.
  58:Temperature.c **** *
  59:Temperature.c **** * Side Effects:
  60:Temperature.c **** *   None
  61:Temperature.c **** *******************************************************************************/
  62:Temperature.c **** void TemperatureTask(void)
  63:Temperature.c **** {
  27              		.loc 1 63 0
  28              		.cfi_startproc
  29 0000 90B5     		push	{r4, r7, lr}
  30              		.cfi_def_cfa_offset 12
  31              		.cfi_offset 4, -12
  32              		.cfi_offset 7, -8
  33              		.cfi_offset 14, -4
  34 0002 85B0     		sub	sp, sp, #20
  35              		.cfi_def_cfa_offset 32
  36 0004 00AF     		add	r7, sp, #0
  37              		.cfi_def_cfa_register 7
  64:Temperature.c **** 	uint16 ADCResult_VTH_High, ADCResult_VTH, ADCResult_VTH_Low;
  65:Temperature.c **** 	uint16 VRefMeasured;
  66:Temperature.c ****     int16 Temperature;
  67:Temperature.c **** 	
  68:Temperature.c ****     
  69:Temperature.c **** 	/* Read the ADC result for reference and thermistor voltages */
  70:Temperature.c **** 	ADCResult_VTH_High = ADC_GetResult16(ADC_CHANNEL_VTH_HIGH);
  38              		.loc 1 70 0
  39 0006 0020     		mov	r0, #0
  40 0008 FFF7FEFF 		bl	ADC_GetResult16
  41 000c 031C     		mov	r3, r0
  42 000e 1A1C     		mov	r2, r3
  43 0010 0E23     		mov	r3, #14
  44 0012 FB18     		add	r3, r7, r3
ARM GAS  C:\Users\CHRIST~1\AppData\Local\Temp\ccvI9QmT.s 			page 3


  45 0014 1A80     		strh	r2, [r3]
  71:Temperature.c **** 	ADCResult_VTH = ADC_GetResult16(ADC_CHANNEL_VTH);
  46              		.loc 1 71 0
  47 0016 0120     		mov	r0, #1
  48 0018 FFF7FEFF 		bl	ADC_GetResult16
  49 001c 031C     		mov	r3, r0
  50 001e 1A1C     		mov	r2, r3
  51 0020 0C23     		mov	r3, #12
  52 0022 FB18     		add	r3, r7, r3
  53 0024 1A80     		strh	r2, [r3]
  72:Temperature.c **** 	ADCResult_VTH_Low = ADC_GetResult16(ADC_CHANNEL_VTH_LOW);
  54              		.loc 1 72 0
  55 0026 0220     		mov	r0, #2
  56 0028 FFF7FEFF 		bl	ADC_GetResult16
  57 002c 031C     		mov	r3, r0
  58 002e 1A1C     		mov	r2, r3
  59 0030 0A23     		mov	r3, #10
  60 0032 FB18     		add	r3, r7, r3
  61 0034 1A80     		strh	r2, [r3]
  73:Temperature.c **** 	
  74:Temperature.c **** 	/* Filter the measured ADC counts of VREF */
  75:Temperature.c **** 	VRefMeasured = LowPassFilter((ADCResult_VTH_High - ADCResult_VTH),LPF_CHANNEL_TEMP_VREF);
  62              		.loc 1 75 0
  63 0036 0E23     		mov	r3, #14
  64 0038 FB18     		add	r3, r7, r3
  65 003a 1A88     		ldrh	r2, [r3]
  66 003c 0C23     		mov	r3, #12
  67 003e FB18     		add	r3, r7, r3
  68 0040 1B88     		ldrh	r3, [r3]
  69 0042 D31A     		sub	r3, r2, r3
  70 0044 181C     		mov	r0, r3
  71 0046 0021     		mov	r1, #0
  72 0048 FFF7FEFF 		bl	LowPassFilter
  73 004c 021C     		mov	r2, r0
  74 004e 0823     		mov	r3, #8
  75 0050 FB18     		add	r3, r7, r3
  76 0052 1A80     		strh	r2, [r3]
  76:Temperature.c **** 	
  77:Temperature.c **** 	/* Store the filtered ADC counts of VTH in register */
  78:Temperature.c **** 	ProcessValues.Vth = LowPassFilter((ADCResult_VTH - ADCResult_VTH_Low),LPF_CHANNEL_TEMP_VTH);
  77              		.loc 1 78 0
  78 0054 0C23     		mov	r3, #12
  79 0056 FB18     		add	r3, r7, r3
  80 0058 1A88     		ldrh	r2, [r3]
  81 005a 0A23     		mov	r3, #10
  82 005c FB18     		add	r3, r7, r3
  83 005e 1B88     		ldrh	r3, [r3]
  84 0060 D31A     		sub	r3, r2, r3
  85 0062 181C     		mov	r0, r3
  86 0064 0121     		mov	r1, #1
  87 0066 FFF7FEFF 		bl	LowPassFilter
  88 006a 031C     		mov	r3, r0
  89 006c 9AB2     		uxth	r2, r3
  90 006e 144B     		ldr	r3, .L2
  91 0070 5A80     		strh	r2, [r3, #2]
  79:Temperature.c **** 	
  80:Temperature.c **** 	/* Calculate thermistor resistance. Apply low pass filter for Vref and Vth values. */
ARM GAS  C:\Users\CHRIST~1\AppData\Local\Temp\ccvI9QmT.s 			page 4


  81:Temperature.c **** 	ProcessValues.Rth = Thermistor_GetResistance(VRefMeasured, ProcessValues.Vth);	
  92              		.loc 1 81 0
  93 0072 0823     		mov	r3, #8
  94 0074 FB18     		add	r3, r7, r3
  95 0076 1A88     		ldrh	r2, [r3]
  96 0078 114B     		ldr	r3, .L2
  97 007a 5B88     		ldrh	r3, [r3, #2]
  98 007c 9BB2     		uxth	r3, r3
  99 007e 12B2     		sxth	r2, r2
 100 0080 1BB2     		sxth	r3, r3
 101 0082 101C     		mov	r0, r2
 102 0084 191C     		mov	r1, r3
 103 0086 FFF7FEFF 		bl	Thermistor_GetResistance
 104 008a 031C     		mov	r3, r0
 105 008c 9AB2     		uxth	r2, r3
 106 008e 0C4B     		ldr	r3, .L2
 107 0090 9A80     		strh	r2, [r3, #4]
  82:Temperature.c **** 	
  83:Temperature.c **** 	/* Calculate temperature in Celsius degree using the component API */
  84:Temperature.c **** 	//Temperature = LowPassFilter(Thermistor_GetTemperature(ProcessValues.Rth), LPF_CHANNEL_TEMP);
  85:Temperature.c **** 	Temperature = Thermistor_GetTemperature(ProcessValues.Rth);
 108              		.loc 1 85 0
 109 0092 0B4B     		ldr	r3, .L2
 110 0094 9B88     		ldrh	r3, [r3, #4]
 111 0096 BC1D     		add	r4, r7, #6
 112 0098 181C     		mov	r0, r3
 113 009a FFF7FEFF 		bl	Thermistor_GetTemperature
 114 009e 031C     		mov	r3, r0
 115 00a0 2380     		strh	r3, [r4]
  86:Temperature.c ****     
  87:Temperature.c ****     ProcessValues.Temperature = Temperature/10;
 116              		.loc 1 87 0
 117 00a2 BB1D     		add	r3, r7, #6
 118 00a4 0022     		mov	r2, #0
 119 00a6 9B5E     		ldrsh	r3, [r3, r2]
 120 00a8 181C     		mov	r0, r3
 121 00aa 0A21     		mov	r1, #10
 122 00ac FFF7FEFF 		bl	__aeabi_idiv
 123 00b0 031C     		mov	r3, r0
 124 00b2 9AB2     		uxth	r2, r3
 125 00b4 024B     		ldr	r3, .L2
 126 00b6 DA80     		strh	r2, [r3, #6]
  88:Temperature.c ****     
  89:Temperature.c **** }
 127              		.loc 1 89 0
 128 00b8 BD46     		mov	sp, r7
 129 00ba 05B0     		add	sp, sp, #20
 130              		@ sp needed
 131 00bc 90BD     		pop	{r4, r7, pc}
 132              	.L3:
 133 00be C046     		.align	2
 134              	.L2:
 135 00c0 00000000 		.word	ProcessValues
 136              		.cfi_endproc
 137              	.LFE35:
 138              		.size	TemperatureTask, .-TemperatureTask
 139              		.section	.text.Temperature_Start,"ax",%progbits
ARM GAS  C:\Users\CHRIST~1\AppData\Local\Temp\ccvI9QmT.s 			page 5


 140              		.align	2
 141              		.global	Temperature_Start
 142              		.code	16
 143              		.thumb_func
 144              		.type	Temperature_Start, %function
 145              	Temperature_Start:
 146              	.LFB36:
  90:Temperature.c **** 
  91:Temperature.c **** void Temperature_Start(void)
  92:Temperature.c **** {
 147              		.loc 1 92 0
 148              		.cfi_startproc
 149 0000 80B5     		push	{r7, lr}
 150              		.cfi_def_cfa_offset 8
 151              		.cfi_offset 7, -8
 152              		.cfi_offset 14, -4
 153 0002 00AF     		add	r7, sp, #0
 154              		.cfi_def_cfa_register 7
  93:Temperature.c ****     /* There isnt any individual resource for Temperature sensing.
  94:Temperature.c ****     Temperature uses VREF and ADC which are global resources.    
  95:Temperature.c ****     So no resources to start */
  96:Temperature.c ****     
  97:Temperature.c ****     /* Initialize temperature related process values to zero */
  98:Temperature.c ****     ProcessValues.Temperature = 0;
 155              		.loc 1 98 0
 156 0004 054B     		ldr	r3, .L5
 157 0006 0022     		mov	r2, #0
 158 0008 DA80     		strh	r2, [r3, #6]
  99:Temperature.c ****     ProcessValues.Vth = 0;
 159              		.loc 1 99 0
 160 000a 044B     		ldr	r3, .L5
 161 000c 0022     		mov	r2, #0
 162 000e 5A80     		strh	r2, [r3, #2]
 100:Temperature.c ****     ProcessValues.Rth = 0;
 163              		.loc 1 100 0
 164 0010 024B     		ldr	r3, .L5
 165 0012 0022     		mov	r2, #0
 166 0014 9A80     		strh	r2, [r3, #4]
 101:Temperature.c **** }
 167              		.loc 1 101 0
 168 0016 BD46     		mov	sp, r7
 169              		@ sp needed
 170 0018 80BD     		pop	{r7, pc}
 171              	.L6:
 172 001a C046     		.align	2
 173              	.L5:
 174 001c 00000000 		.word	ProcessValues
 175              		.cfi_endproc
 176              	.LFE36:
 177              		.size	Temperature_Start, .-Temperature_Start
 178              		.section	.text.Temperature_Stop,"ax",%progbits
 179              		.align	2
 180              		.global	Temperature_Stop
 181              		.code	16
 182              		.thumb_func
 183              		.type	Temperature_Stop, %function
 184              	Temperature_Stop:
ARM GAS  C:\Users\CHRIST~1\AppData\Local\Temp\ccvI9QmT.s 			page 6


 185              	.LFB37:
 102:Temperature.c **** 
 103:Temperature.c **** void Temperature_Stop(void)
 104:Temperature.c **** {
 186              		.loc 1 104 0
 187              		.cfi_startproc
 188 0000 80B5     		push	{r7, lr}
 189              		.cfi_def_cfa_offset 8
 190              		.cfi_offset 7, -8
 191              		.cfi_offset 14, -4
 192 0002 00AF     		add	r7, sp, #0
 193              		.cfi_def_cfa_register 7
 105:Temperature.c ****     /* Initialize temperature related process values to zero */
 106:Temperature.c ****     ProcessValues.Temperature = 0;
 194              		.loc 1 106 0
 195 0004 054B     		ldr	r3, .L8
 196 0006 0022     		mov	r2, #0
 197 0008 DA80     		strh	r2, [r3, #6]
 107:Temperature.c ****     ProcessValues.Vth = 0;
 198              		.loc 1 107 0
 199 000a 044B     		ldr	r3, .L8
 200 000c 0022     		mov	r2, #0
 201 000e 5A80     		strh	r2, [r3, #2]
 108:Temperature.c ****     ProcessValues.Rth = 0;
 202              		.loc 1 108 0
 203 0010 024B     		ldr	r3, .L8
 204 0012 0022     		mov	r2, #0
 205 0014 9A80     		strh	r2, [r3, #4]
 109:Temperature.c **** }
 206              		.loc 1 109 0
 207 0016 BD46     		mov	sp, r7
 208              		@ sp needed
 209 0018 80BD     		pop	{r7, pc}
 210              	.L9:
 211 001a C046     		.align	2
 212              	.L8:
 213 001c 00000000 		.word	ProcessValues
 214              		.cfi_endproc
 215              	.LFE37:
 216              		.size	Temperature_Stop, .-Temperature_Stop
 217              		.text
 218              	.Letext0:
 219              		.file 2 "Generated_Source\\PSoC4/cytypes.h"
 220              		.file 3 "./main.h"
 221              		.section	.debug_info,"",%progbits
 222              	.Ldebug_info0:
 223 0000 21020000 		.4byte	0x221
 224 0004 0400     		.2byte	0x4
 225 0006 00000000 		.4byte	.Ldebug_abbrev0
 226 000a 04       		.byte	0x4
 227 000b 01       		.uleb128 0x1
 228 000c C1010000 		.4byte	.LASF39
 229 0010 01       		.byte	0x1
 230 0011 53020000 		.4byte	.LASF40
 231 0015 85000000 		.4byte	.LASF41
 232 0019 00000000 		.4byte	.Ldebug_ranges0+0
 233 001d 00000000 		.4byte	0
ARM GAS  C:\Users\CHRIST~1\AppData\Local\Temp\ccvI9QmT.s 			page 7


 234 0021 00000000 		.4byte	.Ldebug_line0
 235 0025 02       		.uleb128 0x2
 236 0026 01       		.byte	0x1
 237 0027 06       		.byte	0x6
 238 0028 F2020000 		.4byte	.LASF0
 239 002c 02       		.uleb128 0x2
 240 002d 01       		.byte	0x1
 241 002e 08       		.byte	0x8
 242 002f 35010000 		.4byte	.LASF1
 243 0033 02       		.uleb128 0x2
 244 0034 02       		.byte	0x2
 245 0035 05       		.byte	0x5
 246 0036 AB020000 		.4byte	.LASF2
 247 003a 02       		.uleb128 0x2
 248 003b 02       		.byte	0x2
 249 003c 07       		.byte	0x7
 250 003d 14010000 		.4byte	.LASF3
 251 0041 02       		.uleb128 0x2
 252 0042 04       		.byte	0x4
 253 0043 05       		.byte	0x5
 254 0044 D8020000 		.4byte	.LASF4
 255 0048 02       		.uleb128 0x2
 256 0049 04       		.byte	0x4
 257 004a 07       		.byte	0x7
 258 004b 02010000 		.4byte	.LASF5
 259 004f 02       		.uleb128 0x2
 260 0050 08       		.byte	0x8
 261 0051 05       		.byte	0x5
 262 0052 6A020000 		.4byte	.LASF6
 263 0056 02       		.uleb128 0x2
 264 0057 08       		.byte	0x8
 265 0058 07       		.byte	0x7
 266 0059 FE020000 		.4byte	.LASF7
 267 005d 03       		.uleb128 0x3
 268 005e 04       		.byte	0x4
 269 005f 05       		.byte	0x5
 270 0060 696E7400 		.ascii	"int\000"
 271 0064 02       		.uleb128 0x2
 272 0065 04       		.byte	0x4
 273 0066 07       		.byte	0x7
 274 0067 88010000 		.4byte	.LASF8
 275 006b 04       		.uleb128 0x4
 276 006c 68010000 		.4byte	.LASF9
 277 0070 02       		.byte	0x2
 278 0071 9901     		.2byte	0x199
 279 0073 3A000000 		.4byte	0x3a
 280 0077 04       		.uleb128 0x4
 281 0078 FC000000 		.4byte	.LASF10
 282 007c 02       		.byte	0x2
 283 007d 9C01     		.2byte	0x19c
 284 007f 33000000 		.4byte	0x33
 285 0083 02       		.uleb128 0x2
 286 0084 04       		.byte	0x4
 287 0085 04       		.byte	0x4
 288 0086 7F000000 		.4byte	.LASF11
 289 008a 02       		.uleb128 0x2
 290 008b 08       		.byte	0x8
ARM GAS  C:\Users\CHRIST~1\AppData\Local\Temp\ccvI9QmT.s 			page 8


 291 008c 04       		.byte	0x4
 292 008d 4E010000 		.4byte	.LASF12
 293 0091 02       		.uleb128 0x2
 294 0092 01       		.byte	0x1
 295 0093 08       		.byte	0x8
 296 0094 95010000 		.4byte	.LASF13
 297 0098 02       		.uleb128 0x2
 298 0099 04       		.byte	0x4
 299 009a 07       		.byte	0x7
 300 009b 61020000 		.4byte	.LASF14
 301 009f 05       		.uleb128 0x5
 302 00a0 78020000 		.4byte	.LASF32
 303 00a4 26       		.byte	0x26
 304 00a5 03       		.byte	0x3
 305 00a6 5C       		.byte	0x5c
 306 00a7 90010000 		.4byte	0x190
 307 00ab 06       		.uleb128 0x6
 308 00ac AC010000 		.4byte	.LASF15
 309 00b0 03       		.byte	0x3
 310 00b1 5E       		.byte	0x5e
 311 00b2 6B000000 		.4byte	0x6b
 312 00b6 00       		.byte	0
 313 00b7 07       		.uleb128 0x7
 314 00b8 56746800 		.ascii	"Vth\000"
 315 00bc 03       		.byte	0x3
 316 00bd 5F       		.byte	0x5f
 317 00be 6B000000 		.4byte	0x6b
 318 00c2 02       		.byte	0x2
 319 00c3 07       		.uleb128 0x7
 320 00c4 52746800 		.ascii	"Rth\000"
 321 00c8 03       		.byte	0x3
 322 00c9 60       		.byte	0x60
 323 00ca 6B000000 		.4byte	0x6b
 324 00ce 04       		.byte	0x4
 325 00cf 06       		.uleb128 0x6
 326 00d0 18000000 		.4byte	.LASF16
 327 00d4 03       		.byte	0x3
 328 00d5 61       		.byte	0x61
 329 00d6 77000000 		.4byte	0x77
 330 00da 06       		.byte	0x6
 331 00db 06       		.uleb128 0x6
 332 00dc 3F000000 		.4byte	.LASF17
 333 00e0 03       		.byte	0x3
 334 00e1 62       		.byte	0x62
 335 00e2 6B000000 		.4byte	0x6b
 336 00e6 08       		.byte	0x8
 337 00e7 06       		.uleb128 0x6
 338 00e8 C9020000 		.4byte	.LASF18
 339 00ec 03       		.byte	0x3
 340 00ed 63       		.byte	0x63
 341 00ee 6B000000 		.4byte	0x6b
 342 00f2 0A       		.byte	0xa
 343 00f3 06       		.uleb128 0x6
 344 00f4 6A000000 		.4byte	.LASF19
 345 00f8 03       		.byte	0x3
 346 00f9 64       		.byte	0x64
 347 00fa 77000000 		.4byte	0x77
ARM GAS  C:\Users\CHRIST~1\AppData\Local\Temp\ccvI9QmT.s 			page 9


 348 00fe 0C       		.byte	0xc
 349 00ff 06       		.uleb128 0x6
 350 0100 6F010000 		.4byte	.LASF20
 351 0104 03       		.byte	0x3
 352 0105 65       		.byte	0x65
 353 0106 77000000 		.4byte	0x77
 354 010a 0E       		.byte	0xe
 355 010b 06       		.uleb128 0x6
 356 010c 31000000 		.4byte	.LASF21
 357 0110 03       		.byte	0x3
 358 0111 66       		.byte	0x66
 359 0112 77000000 		.4byte	0x77
 360 0116 10       		.byte	0x10
 361 0117 06       		.uleb128 0x6
 362 0118 24000000 		.4byte	.LASF22
 363 011c 03       		.byte	0x3
 364 011d 67       		.byte	0x67
 365 011e 77000000 		.4byte	0x77
 366 0122 12       		.byte	0x12
 367 0123 06       		.uleb128 0x6
 368 0124 00000000 		.4byte	.LASF23
 369 0128 03       		.byte	0x3
 370 0129 68       		.byte	0x68
 371 012a 77000000 		.4byte	0x77
 372 012e 14       		.byte	0x14
 373 012f 06       		.uleb128 0x6
 374 0130 B4010000 		.4byte	.LASF24
 375 0134 03       		.byte	0x3
 376 0135 69       		.byte	0x69
 377 0136 77000000 		.4byte	0x77
 378 013a 16       		.byte	0x16
 379 013b 06       		.uleb128 0x6
 380 013c B5020000 		.4byte	.LASF25
 381 0140 03       		.byte	0x3
 382 0141 6A       		.byte	0x6a
 383 0142 77000000 		.4byte	0x77
 384 0146 18       		.byte	0x18
 385 0147 06       		.uleb128 0x6
 386 0148 87020000 		.4byte	.LASF26
 387 014c 03       		.byte	0x3
 388 014d 6B       		.byte	0x6b
 389 014e 77000000 		.4byte	0x77
 390 0152 1A       		.byte	0x1a
 391 0153 06       		.uleb128 0x6
 392 0154 43010000 		.4byte	.LASF27
 393 0158 03       		.byte	0x3
 394 0159 6C       		.byte	0x6c
 395 015a 6B000000 		.4byte	0x6b
 396 015e 1C       		.byte	0x1c
 397 015f 06       		.uleb128 0x6
 398 0160 5A000000 		.4byte	.LASF28
 399 0164 03       		.byte	0x3
 400 0165 6D       		.byte	0x6d
 401 0166 6B000000 		.4byte	0x6b
 402 016a 1E       		.byte	0x1e
 403 016b 06       		.uleb128 0x6
 404 016c 99020000 		.4byte	.LASF29
ARM GAS  C:\Users\CHRIST~1\AppData\Local\Temp\ccvI9QmT.s 			page 10


 405 0170 03       		.byte	0x3
 406 0171 6E       		.byte	0x6e
 407 0172 6B000000 		.4byte	0x6b
 408 0176 20       		.byte	0x20
 409 0177 06       		.uleb128 0x6
 410 0178 76010000 		.4byte	.LASF30
 411 017c 03       		.byte	0x3
 412 017d 6F       		.byte	0x6f
 413 017e 6B000000 		.4byte	0x6b
 414 0182 22       		.byte	0x22
 415 0183 06       		.uleb128 0x6
 416 0184 15030000 		.4byte	.LASF31
 417 0188 03       		.byte	0x3
 418 0189 70       		.byte	0x70
 419 018a 6B000000 		.4byte	0x6b
 420 018e 24       		.byte	0x24
 421 018f 00       		.byte	0
 422 0190 08       		.uleb128 0x8
 423 0191 78020000 		.4byte	.LASF32
 424 0195 03       		.byte	0x3
 425 0196 71       		.byte	0x71
 426 0197 9F000000 		.4byte	0x9f
 427 019b 09       		.uleb128 0x9
 428 019c 4A000000 		.4byte	.LASF42
 429 01a0 01       		.byte	0x1
 430 01a1 3E       		.byte	0x3e
 431 01a2 00000000 		.4byte	.LFB35
 432 01a6 C4000000 		.4byte	.LFE35-.LFB35
 433 01aa 01       		.uleb128 0x1
 434 01ab 9C       		.byte	0x9c
 435 01ac F7010000 		.4byte	0x1f7
 436 01b0 0A       		.uleb128 0xa
 437 01b1 55010000 		.4byte	.LASF33
 438 01b5 01       		.byte	0x1
 439 01b6 40       		.byte	0x40
 440 01b7 6B000000 		.4byte	0x6b
 441 01bb 02       		.uleb128 0x2
 442 01bc 91       		.byte	0x91
 443 01bd 6E       		.sleb128 -18
 444 01be 0A       		.uleb128 0xa
 445 01bf 71000000 		.4byte	.LASF34
 446 01c3 01       		.byte	0x1
 447 01c4 40       		.byte	0x40
 448 01c5 6B000000 		.4byte	0x6b
 449 01c9 02       		.uleb128 0x2
 450 01ca 91       		.byte	0x91
 451 01cb 6C       		.sleb128 -20
 452 01cc 0A       		.uleb128 0xa
 453 01cd 9A010000 		.4byte	.LASF35
 454 01d1 01       		.byte	0x1
 455 01d2 40       		.byte	0x40
 456 01d3 6B000000 		.4byte	0x6b
 457 01d7 02       		.uleb128 0x2
 458 01d8 91       		.byte	0x91
 459 01d9 6A       		.sleb128 -22
 460 01da 0A       		.uleb128 0xa
 461 01db 0B000000 		.4byte	.LASF36
ARM GAS  C:\Users\CHRIST~1\AppData\Local\Temp\ccvI9QmT.s 			page 11


 462 01df 01       		.byte	0x1
 463 01e0 41       		.byte	0x41
 464 01e1 6B000000 		.4byte	0x6b
 465 01e5 02       		.uleb128 0x2
 466 01e6 91       		.byte	0x91
 467 01e7 68       		.sleb128 -24
 468 01e8 0A       		.uleb128 0xa
 469 01e9 18000000 		.4byte	.LASF16
 470 01ed 01       		.byte	0x1
 471 01ee 42       		.byte	0x42
 472 01ef 77000000 		.4byte	0x77
 473 01f3 02       		.uleb128 0x2
 474 01f4 91       		.byte	0x91
 475 01f5 66       		.sleb128 -26
 476 01f6 00       		.byte	0
 477 01f7 0B       		.uleb128 0xb
 478 01f8 EA000000 		.4byte	.LASF37
 479 01fc 01       		.byte	0x1
 480 01fd 5B       		.byte	0x5b
 481 01fe 00000000 		.4byte	.LFB36
 482 0202 20000000 		.4byte	.LFE36-.LFB36
 483 0206 01       		.uleb128 0x1
 484 0207 9C       		.byte	0x9c
 485 0208 0B       		.uleb128 0xb
 486 0209 E1020000 		.4byte	.LASF38
 487 020d 01       		.byte	0x1
 488 020e 67       		.byte	0x67
 489 020f 00000000 		.4byte	.LFB37
 490 0213 20000000 		.4byte	.LFE37-.LFB37
 491 0217 01       		.uleb128 0x1
 492 0218 9C       		.byte	0x9c
 493 0219 0C       		.uleb128 0xc
 494 021a 27010000 		.4byte	.LASF43
 495 021e 03       		.byte	0x3
 496 021f 78       		.byte	0x78
 497 0220 90010000 		.4byte	0x190
 498 0224 00       		.byte	0
 499              		.section	.debug_abbrev,"",%progbits
 500              	.Ldebug_abbrev0:
 501 0000 01       		.uleb128 0x1
 502 0001 11       		.uleb128 0x11
 503 0002 01       		.byte	0x1
 504 0003 25       		.uleb128 0x25
 505 0004 0E       		.uleb128 0xe
 506 0005 13       		.uleb128 0x13
 507 0006 0B       		.uleb128 0xb
 508 0007 03       		.uleb128 0x3
 509 0008 0E       		.uleb128 0xe
 510 0009 1B       		.uleb128 0x1b
 511 000a 0E       		.uleb128 0xe
 512 000b 55       		.uleb128 0x55
 513 000c 17       		.uleb128 0x17
 514 000d 11       		.uleb128 0x11
 515 000e 01       		.uleb128 0x1
 516 000f 10       		.uleb128 0x10
 517 0010 17       		.uleb128 0x17
 518 0011 00       		.byte	0
ARM GAS  C:\Users\CHRIST~1\AppData\Local\Temp\ccvI9QmT.s 			page 12


 519 0012 00       		.byte	0
 520 0013 02       		.uleb128 0x2
 521 0014 24       		.uleb128 0x24
 522 0015 00       		.byte	0
 523 0016 0B       		.uleb128 0xb
 524 0017 0B       		.uleb128 0xb
 525 0018 3E       		.uleb128 0x3e
 526 0019 0B       		.uleb128 0xb
 527 001a 03       		.uleb128 0x3
 528 001b 0E       		.uleb128 0xe
 529 001c 00       		.byte	0
 530 001d 00       		.byte	0
 531 001e 03       		.uleb128 0x3
 532 001f 24       		.uleb128 0x24
 533 0020 00       		.byte	0
 534 0021 0B       		.uleb128 0xb
 535 0022 0B       		.uleb128 0xb
 536 0023 3E       		.uleb128 0x3e
 537 0024 0B       		.uleb128 0xb
 538 0025 03       		.uleb128 0x3
 539 0026 08       		.uleb128 0x8
 540 0027 00       		.byte	0
 541 0028 00       		.byte	0
 542 0029 04       		.uleb128 0x4
 543 002a 16       		.uleb128 0x16
 544 002b 00       		.byte	0
 545 002c 03       		.uleb128 0x3
 546 002d 0E       		.uleb128 0xe
 547 002e 3A       		.uleb128 0x3a
 548 002f 0B       		.uleb128 0xb
 549 0030 3B       		.uleb128 0x3b
 550 0031 05       		.uleb128 0x5
 551 0032 49       		.uleb128 0x49
 552 0033 13       		.uleb128 0x13
 553 0034 00       		.byte	0
 554 0035 00       		.byte	0
 555 0036 05       		.uleb128 0x5
 556 0037 13       		.uleb128 0x13
 557 0038 01       		.byte	0x1
 558 0039 03       		.uleb128 0x3
 559 003a 0E       		.uleb128 0xe
 560 003b 0B       		.uleb128 0xb
 561 003c 0B       		.uleb128 0xb
 562 003d 3A       		.uleb128 0x3a
 563 003e 0B       		.uleb128 0xb
 564 003f 3B       		.uleb128 0x3b
 565 0040 0B       		.uleb128 0xb
 566 0041 01       		.uleb128 0x1
 567 0042 13       		.uleb128 0x13
 568 0043 00       		.byte	0
 569 0044 00       		.byte	0
 570 0045 06       		.uleb128 0x6
 571 0046 0D       		.uleb128 0xd
 572 0047 00       		.byte	0
 573 0048 03       		.uleb128 0x3
 574 0049 0E       		.uleb128 0xe
 575 004a 3A       		.uleb128 0x3a
ARM GAS  C:\Users\CHRIST~1\AppData\Local\Temp\ccvI9QmT.s 			page 13


 576 004b 0B       		.uleb128 0xb
 577 004c 3B       		.uleb128 0x3b
 578 004d 0B       		.uleb128 0xb
 579 004e 49       		.uleb128 0x49
 580 004f 13       		.uleb128 0x13
 581 0050 38       		.uleb128 0x38
 582 0051 0B       		.uleb128 0xb
 583 0052 00       		.byte	0
 584 0053 00       		.byte	0
 585 0054 07       		.uleb128 0x7
 586 0055 0D       		.uleb128 0xd
 587 0056 00       		.byte	0
 588 0057 03       		.uleb128 0x3
 589 0058 08       		.uleb128 0x8
 590 0059 3A       		.uleb128 0x3a
 591 005a 0B       		.uleb128 0xb
 592 005b 3B       		.uleb128 0x3b
 593 005c 0B       		.uleb128 0xb
 594 005d 49       		.uleb128 0x49
 595 005e 13       		.uleb128 0x13
 596 005f 38       		.uleb128 0x38
 597 0060 0B       		.uleb128 0xb
 598 0061 00       		.byte	0
 599 0062 00       		.byte	0
 600 0063 08       		.uleb128 0x8
 601 0064 16       		.uleb128 0x16
 602 0065 00       		.byte	0
 603 0066 03       		.uleb128 0x3
 604 0067 0E       		.uleb128 0xe
 605 0068 3A       		.uleb128 0x3a
 606 0069 0B       		.uleb128 0xb
 607 006a 3B       		.uleb128 0x3b
 608 006b 0B       		.uleb128 0xb
 609 006c 49       		.uleb128 0x49
 610 006d 13       		.uleb128 0x13
 611 006e 00       		.byte	0
 612 006f 00       		.byte	0
 613 0070 09       		.uleb128 0x9
 614 0071 2E       		.uleb128 0x2e
 615 0072 01       		.byte	0x1
 616 0073 3F       		.uleb128 0x3f
 617 0074 19       		.uleb128 0x19
 618 0075 03       		.uleb128 0x3
 619 0076 0E       		.uleb128 0xe
 620 0077 3A       		.uleb128 0x3a
 621 0078 0B       		.uleb128 0xb
 622 0079 3B       		.uleb128 0x3b
 623 007a 0B       		.uleb128 0xb
 624 007b 27       		.uleb128 0x27
 625 007c 19       		.uleb128 0x19
 626 007d 11       		.uleb128 0x11
 627 007e 01       		.uleb128 0x1
 628 007f 12       		.uleb128 0x12
 629 0080 06       		.uleb128 0x6
 630 0081 40       		.uleb128 0x40
 631 0082 18       		.uleb128 0x18
 632 0083 9642     		.uleb128 0x2116
ARM GAS  C:\Users\CHRIST~1\AppData\Local\Temp\ccvI9QmT.s 			page 14


 633 0085 19       		.uleb128 0x19
 634 0086 01       		.uleb128 0x1
 635 0087 13       		.uleb128 0x13
 636 0088 00       		.byte	0
 637 0089 00       		.byte	0
 638 008a 0A       		.uleb128 0xa
 639 008b 34       		.uleb128 0x34
 640 008c 00       		.byte	0
 641 008d 03       		.uleb128 0x3
 642 008e 0E       		.uleb128 0xe
 643 008f 3A       		.uleb128 0x3a
 644 0090 0B       		.uleb128 0xb
 645 0091 3B       		.uleb128 0x3b
 646 0092 0B       		.uleb128 0xb
 647 0093 49       		.uleb128 0x49
 648 0094 13       		.uleb128 0x13
 649 0095 02       		.uleb128 0x2
 650 0096 18       		.uleb128 0x18
 651 0097 00       		.byte	0
 652 0098 00       		.byte	0
 653 0099 0B       		.uleb128 0xb
 654 009a 2E       		.uleb128 0x2e
 655 009b 00       		.byte	0
 656 009c 3F       		.uleb128 0x3f
 657 009d 19       		.uleb128 0x19
 658 009e 03       		.uleb128 0x3
 659 009f 0E       		.uleb128 0xe
 660 00a0 3A       		.uleb128 0x3a
 661 00a1 0B       		.uleb128 0xb
 662 00a2 3B       		.uleb128 0x3b
 663 00a3 0B       		.uleb128 0xb
 664 00a4 27       		.uleb128 0x27
 665 00a5 19       		.uleb128 0x19
 666 00a6 11       		.uleb128 0x11
 667 00a7 01       		.uleb128 0x1
 668 00a8 12       		.uleb128 0x12
 669 00a9 06       		.uleb128 0x6
 670 00aa 40       		.uleb128 0x40
 671 00ab 18       		.uleb128 0x18
 672 00ac 9742     		.uleb128 0x2117
 673 00ae 19       		.uleb128 0x19
 674 00af 00       		.byte	0
 675 00b0 00       		.byte	0
 676 00b1 0C       		.uleb128 0xc
 677 00b2 34       		.uleb128 0x34
 678 00b3 00       		.byte	0
 679 00b4 03       		.uleb128 0x3
 680 00b5 0E       		.uleb128 0xe
 681 00b6 3A       		.uleb128 0x3a
 682 00b7 0B       		.uleb128 0xb
 683 00b8 3B       		.uleb128 0x3b
 684 00b9 0B       		.uleb128 0xb
 685 00ba 49       		.uleb128 0x49
 686 00bb 13       		.uleb128 0x13
 687 00bc 3F       		.uleb128 0x3f
 688 00bd 19       		.uleb128 0x19
 689 00be 3C       		.uleb128 0x3c
ARM GAS  C:\Users\CHRIST~1\AppData\Local\Temp\ccvI9QmT.s 			page 15


 690 00bf 19       		.uleb128 0x19
 691 00c0 00       		.byte	0
 692 00c1 00       		.byte	0
 693 00c2 00       		.byte	0
 694              		.section	.debug_aranges,"",%progbits
 695 0000 2C000000 		.4byte	0x2c
 696 0004 0200     		.2byte	0x2
 697 0006 00000000 		.4byte	.Ldebug_info0
 698 000a 04       		.byte	0x4
 699 000b 00       		.byte	0
 700 000c 0000     		.2byte	0
 701 000e 0000     		.2byte	0
 702 0010 00000000 		.4byte	.LFB35
 703 0014 C4000000 		.4byte	.LFE35-.LFB35
 704 0018 00000000 		.4byte	.LFB36
 705 001c 20000000 		.4byte	.LFE36-.LFB36
 706 0020 00000000 		.4byte	.LFB37
 707 0024 20000000 		.4byte	.LFE37-.LFB37
 708 0028 00000000 		.4byte	0
 709 002c 00000000 		.4byte	0
 710              		.section	.debug_ranges,"",%progbits
 711              	.Ldebug_ranges0:
 712 0000 00000000 		.4byte	.LFB35
 713 0004 C4000000 		.4byte	.LFE35
 714 0008 00000000 		.4byte	.LFB36
 715 000c 20000000 		.4byte	.LFE36
 716 0010 00000000 		.4byte	.LFB37
 717 0014 20000000 		.4byte	.LFE37
 718 0018 00000000 		.4byte	0
 719 001c 00000000 		.4byte	0
 720              		.section	.debug_line,"",%progbits
 721              	.Ldebug_line0:
 722 0000 9A000000 		.section	.debug_str,"MS",%progbits,1
 722      02005400 
 722      00000201 
 722      FB0E0D00 
 722      01010101 
 723              	.LASF23:
 724 0000 50495254 		.ascii	"PIRTrigger\000"
 724      72696767 
 724      657200
 725              	.LASF36:
 726 000b 56526566 		.ascii	"VRefMeasured\000"
 726      4D656173 
 726      75726564 
 726      00
 727              	.LASF16:
 728 0018 54656D70 		.ascii	"Temperature\000"
 728      65726174 
 728      75726500 
 729              	.LASF22:
 730 0024 50495257 		.ascii	"PIRWindowLow\000"
 730      696E646F 
 730      774C6F77 
 730      00
 731              	.LASF21:
 732 0031 50495257 		.ascii	"PIRWindowHigh\000"
ARM GAS  C:\Users\CHRIST~1\AppData\Local\Temp\ccvI9QmT.s 			page 16


 732      696E646F 
 732      77486967 
 732      6800
 733              	.LASF17:
 734 003f 414C5343 		.ascii	"ALSCurrent\000"
 734      75727265 
 734      6E7400
 735              	.LASF42:
 736 004a 54656D70 		.ascii	"TemperatureTask\000"
 736      65726174 
 736      75726554 
 736      61736B00 
 737              	.LASF28:
 738 005a 52617743 		.ascii	"RawCountsRefCap\000"
 738      6F756E74 
 738      73526566 
 738      43617000 
 739              	.LASF19:
 740 006a 50495252 		.ascii	"PIRRaw\000"
 740      617700
 741              	.LASF34:
 742 0071 41444352 		.ascii	"ADCResult_VTH\000"
 742      6573756C 
 742      745F5654 
 742      4800
 743              	.LASF11:
 744 007f 666C6F61 		.ascii	"float\000"
 744      7400
 745              	.LASF41:
 746 0085 433A5C55 		.ascii	"C:\\Users\\Christopher Kuzma\\Downloads\\Cypress Th"
 746      73657273 
 746      5C436872 
 746      6973746F 
 746      70686572 
 747 00b4 696E675C 		.ascii	"ing\\EnvironmentSensing.cydsn\\EnvironmentSensing.c"
 747      456E7669 
 747      726F6E6D 
 747      656E7453 
 747      656E7369 
 748 00e5 7964736E 		.ascii	"ydsn\000"
 748      00
 749              	.LASF37:
 750 00ea 54656D70 		.ascii	"Temperature_Start\000"
 750      65726174 
 750      7572655F 
 750      53746172 
 750      7400
 751              	.LASF10:
 752 00fc 696E7431 		.ascii	"int16\000"
 752      3600
 753              	.LASF5:
 754 0102 6C6F6E67 		.ascii	"long unsigned int\000"
 754      20756E73 
 754      69676E65 
 754      6420696E 
 754      7400
 755              	.LASF3:
ARM GAS  C:\Users\CHRIST~1\AppData\Local\Temp\ccvI9QmT.s 			page 17


 756 0114 73686F72 		.ascii	"short unsigned int\000"
 756      7420756E 
 756      7369676E 
 756      65642069 
 756      6E7400
 757              	.LASF43:
 758 0127 50726F63 		.ascii	"ProcessValues\000"
 758      65737356 
 758      616C7565 
 758      7300
 759              	.LASF1:
 760 0135 756E7369 		.ascii	"unsigned char\000"
 760      676E6564 
 760      20636861 
 760      7200
 761              	.LASF27:
 762 0143 49505354 		.ascii	"IPSTrigger\000"
 762      72696767 
 762      657200
 763              	.LASF12:
 764 014e 646F7562 		.ascii	"double\000"
 764      6C6500
 765              	.LASF33:
 766 0155 41444352 		.ascii	"ADCResult_VTH_High\000"
 766      6573756C 
 766      745F5654 
 766      485F4869 
 766      676800
 767              	.LASF9:
 768 0168 75696E74 		.ascii	"uint16\000"
 768      313600
 769              	.LASF20:
 770 016f 50495248 		.ascii	"PIRHpf\000"
 770      706600
 771              	.LASF30:
 772 0176 53656E73 		.ascii	"SensorCapacitance\000"
 772      6F724361 
 772      70616369 
 772      74616E63 
 772      6500
 773              	.LASF8:
 774 0188 756E7369 		.ascii	"unsigned int\000"
 774      676E6564 
 774      20696E74 
 774      00
 775              	.LASF13:
 776 0195 63686172 		.ascii	"char\000"
 776      00
 777              	.LASF35:
 778 019a 41444352 		.ascii	"ADCResult_VTH_Low\000"
 778      6573756C 
 778      745F5654 
 778      485F4C6F 
 778      7700
 779              	.LASF15:
 780 01ac 56657273 		.ascii	"Version\000"
 780      696F6E00 
ARM GAS  C:\Users\CHRIST~1\AppData\Local\Temp\ccvI9QmT.s 			page 18


 781              	.LASF24:
 782 01b4 49505352 		.ascii	"IPSRawCounts\000"
 782      6177436F 
 782      756E7473 
 782      00
 783              	.LASF39:
 784 01c1 474E5520 		.ascii	"GNU C 4.9.3 20150303 (release) [ARM/embedded-4_9-br"
 784      4320342E 
 784      392E3320 
 784      32303135 
 784      30333033 
 785 01f4 616E6368 		.ascii	"anch revision 221220] -mcpu=cortex-m0plus -mthumb -"
 785      20726576 
 785      6973696F 
 785      6E203232 
 785      31323230 
 786 0227 67202D4F 		.ascii	"g -O0 -ffunction-sections -ffat-lto-objects\000"
 786      30202D66 
 786      66756E63 
 786      74696F6E 
 786      2D736563 
 787              	.LASF40:
 788 0253 54656D70 		.ascii	"Temperature.c\000"
 788      65726174 
 788      7572652E 
 788      6300
 789              	.LASF14:
 790 0261 73697A65 		.ascii	"sizetype\000"
 790      74797065 
 790      00
 791              	.LASF6:
 792 026a 6C6F6E67 		.ascii	"long long int\000"
 792      206C6F6E 
 792      6720696E 
 792      7400
 793              	.LASF32:
 794 0278 50524F43 		.ascii	"PROCESS_VALUES\000"
 794      4553535F 
 794      56414C55 
 794      455300
 795              	.LASF26:
 796 0287 49505342 		.ascii	"IPSBaselineCounts\000"
 796      6173656C 
 796      696E6543 
 796      6F756E74 
 796      7300
 797              	.LASF29:
 798 0299 52617743 		.ascii	"RawCountsHumidity\000"
 798      6F756E74 
 798      7348756D 
 798      69646974 
 798      7900
 799              	.LASF2:
 800 02ab 73686F72 		.ascii	"short int\000"
 800      7420696E 
 800      7400
 801              	.LASF25:
ARM GAS  C:\Users\CHRIST~1\AppData\Local\Temp\ccvI9QmT.s 			page 19


 802 02b5 49505344 		.ascii	"IPSDifferenceCounts\000"
 802      69666665 
 802      72656E63 
 802      65436F75 
 802      6E747300 
 803              	.LASF18:
 804 02c9 4C696768 		.ascii	"LightIntensity\000"
 804      74496E74 
 804      656E7369 
 804      747900
 805              	.LASF4:
 806 02d8 6C6F6E67 		.ascii	"long int\000"
 806      20696E74 
 806      00
 807              	.LASF38:
 808 02e1 54656D70 		.ascii	"Temperature_Stop\000"
 808      65726174 
 808      7572655F 
 808      53746F70 
 808      00
 809              	.LASF0:
 810 02f2 7369676E 		.ascii	"signed char\000"
 810      65642063 
 810      68617200 
 811              	.LASF7:
 812 02fe 6C6F6E67 		.ascii	"long long unsigned int\000"
 812      206C6F6E 
 812      6720756E 
 812      7369676E 
 812      65642069 
 813              	.LASF31:
 814 0315 48756D69 		.ascii	"Humidity\000"
 814      64697479 
 814      00
 815              		.ident	"GCC: (GNU Tools for ARM Embedded Processors) 4.9.3 20150303 (release) [ARM/embedded-4_9-br
